Loading required package: mixtools
mixtools package, version 1.1.0, Released 2017-03-10
This package is based upon work supported by the National Science Foundation under Grant No. SES-0518772.

number of iterations= 708 
number of iterations= 45 
number of iterations= 1562 
number of iterations= 111 
number of iterations= 45 
number of iterations= 742 
number of iterations= 192 
[1] 1
number of iterations= 178 
number of iterations= 738 
number of iterations= 793 
number of iterations= 169 
number of iterations= 206 
number of iterations= 184 
number of iterations= 43 
[1] 2
number of iterations= 155 
number of iterations= 1459 
number of iterations= 2947 
number of iterations= 238 
number of iterations= 51 
number of iterations= 369 
number of iterations= 2 
[1] 3
number of iterations= 205 
number of iterations= 992 
number of iterations= 415 
number of iterations= 209 
number of iterations= 368 
number of iterations= 115 
number of iterations= 129 
[1] 4
number of iterations= 155 
number of iterations= 1057 
number of iterations= 818 
number of iterations= 244 
number of iterations= 56 
number of iterations= 106 
number of iterations= 238 
[1] 5
number of iterations= 199 
number of iterations= 559 
number of iterations= 401 
number of iterations= 80 
number of iterations= 42 
number of iterations= 193 
number of iterations= 79 
[1] 6
number of iterations= 74 
number of iterations= 47 
number of iterations= 3916 
number of iterations= 86 
number of iterations= 47 
number of iterations= 90 
number of iterations= 2 
[1] 7
number of iterations= 43 
number of iterations= 463 
number of iterations= 1553 
number of iterations= 20 
number of iterations= 288 
number of iterations= 86 
number of iterations= 72 
[1] 8
number of iterations= 113 
number of iterations= 705 
number of iterations= 1408 
number of iterations= 97 
number of iterations= 47 
number of iterations= 101 
number of iterations= 74 
[1] 9
number of iterations= 131 
number of iterations= 377 
number of iterations= 1421 
number of iterations= 307 
number of iterations= 49 
number of iterations= 30 
number of iterations= 2 
[1] 10
number of iterations= 183 
number of iterations= 1150 
WARNING! NOT CONVERGENT! 
number of iterations= 10000 
number of iterations= 23 
number of iterations= 43 
number of iterations= 74 
number of iterations= 78 
[1] 11
number of iterations= 84 
number of iterations= 51 
number of iterations= 809 
number of iterations= 101 
number of iterations= 50 
number of iterations= 66 
number of iterations= 197 
[1] 12
number of iterations= 874 
number of iterations= 63 
number of iterations= 6342 
number of iterations= 56 
number of iterations= 63 
number of iterations= 439 
number of iterations= 2 
[1] 13
number of iterations= 250 
number of iterations= 55 
number of iterations= 2233 
number of iterations= 149 
number of iterations= 55 
number of iterations= 236 
number of iterations= 287 
[1] 14
number of iterations= 224 
number of iterations= 361 
number of iterations= 383 
number of iterations= 153 
number of iterations= 53 
number of iterations= 128 
number of iterations= 118 
[1] 15
number of iterations= 8 
number of iterations= 41 
number of iterations= 677 
number of iterations= 154 
number of iterations= 42 
number of iterations= 66 
number of iterations= 83 
[1] 16
number of iterations= 402 
number of iterations= 1274 
number of iterations= 483 
number of iterations= 405 
number of iterations= 47 
number of iterations= 179 
number of iterations= 113 
[1] 17
number of iterations= 857 
number of iterations= 4733 
number of iterations= 1090 
number of iterations= 692 
number of iterations= 48 
number of iterations= 88 
number of iterations= 2 
[1] 18
number of iterations= 518 
number of iterations= 40 
number of iterations= 470 
number of iterations= 1053 
number of iterations= 40 
number of iterations= 846 
number of iterations= 2 
[1] 19
number of iterations= 527 
number of iterations= 1960 
number of iterations= 1496 
number of iterations= 309 
number of iterations= 48 
number of iterations= 287 
number of iterations= 206 
[1] 20
number of iterations= 173 
number of iterations= 57 
number of iterations= 247 
number of iterations= 193 
number of iterations= 57 
number of iterations= 583 
number of iterations= 2 
[1] 21
number of iterations= 79 
number of iterations= 535 
number of iterations= 939 
number of iterations= 33 
number of iterations= 46 
number of iterations= 121 
number of iterations= 67 
[1] 22
number of iterations= 53 
number of iterations= 45 
number of iterations= 552 
number of iterations= 61 
number of iterations= 45 
number of iterations= 219 
number of iterations= 111 
[1] 23
number of iterations= 185 
number of iterations= 861 
number of iterations= 521 
number of iterations= 145 
number of iterations= 49 
number of iterations= 163 
number of iterations= 105 
[1] 24
number of iterations= 241 
number of iterations= 49 
number of iterations= 1075 
number of iterations= 8 
number of iterations= 49 
number of iterations= 312 
number of iterations= 2 
[1] 25
number of iterations= 80 
number of iterations= 47 
number of iterations= 1484 
number of iterations= 13 
number of iterations= 47 
number of iterations= 64 
number of iterations= 2 
[1] 26
number of iterations= 488 
number of iterations= 784 
number of iterations= 8774 
number of iterations= 43 
number of iterations= 46 
number of iterations= 503 
number of iterations= 2 
[1] 27
number of iterations= 195 
number of iterations= 568 
number of iterations= 3577 
number of iterations= 272 
number of iterations= 45 
number of iterations= 298 
number of iterations= 96 
[1] 28
number of iterations= 589 
number of iterations= 46 
number of iterations= 143 
number of iterations= 415 
number of iterations= 46 
number of iterations= 224 
number of iterations= 140 
[1] 29
number of iterations= 233 
number of iterations= 50 
number of iterations= 2295 
number of iterations= 13 
number of iterations= 50 
number of iterations= 384 
number of iterations= 2 
[1] 30
number of iterations= 658 
number of iterations= 1539 
number of iterations= 356 
number of iterations= 221 
number of iterations= 50 
number of iterations= 610 
number of iterations= 166 
[1] 31
number of iterations= 190 
number of iterations= 39 
number of iterations= 932 
number of iterations= 37 
number of iterations= 39 
number of iterations= 116 
number of iterations= 105 
[1] 32
number of iterations= 270 
number of iterations= 1297 
WARNING! NOT CONVERGENT! 
number of iterations= 10000 
number of iterations= 306 
number of iterations= 46 
number of iterations= 329 
number of iterations= 2 
[1] 33
number of iterations= 362 
number of iterations= 451 
number of iterations= 1393 
number of iterations= 204 
number of iterations= 45 
number of iterations= 289 
number of iterations= 2 
[1] 34
number of iterations= 25 
number of iterations= 559 
number of iterations= 688 
number of iterations= 99 
number of iterations= 41 
number of iterations= 103 
number of iterations= 57 
[1] 35
number of iterations= 202 
number of iterations= 52 
number of iterations= 1179 
number of iterations= 24 
number of iterations= 52 
number of iterations= 195 
number of iterations= 321 
[1] 36
number of iterations= 234 
number of iterations= 40 
number of iterations= 1158 
number of iterations= 256 
number of iterations= 39 
number of iterations= 71 
number of iterations= 2 
[1] 37
number of iterations= 64 
number of iterations= 945 
number of iterations= 636 
number of iterations= 53 
number of iterations= 46 
number of iterations= 59 
number of iterations= 2 
[1] 38
number of iterations= 281 
number of iterations= 204 
number of iterations= 405 
number of iterations= 255 
number of iterations= 323 
number of iterations= 281 
number of iterations= 82 
[1] 39
number of iterations= 91 
number of iterations= 549 
number of iterations= 1705 
number of iterations= 19 
number of iterations= 43 
number of iterations= 186 
number of iterations= 41 
[1] 40
number of iterations= 311 
number of iterations= 752 
number of iterations= 98 
number of iterations= 40 
number of iterations= 42 
number of iterations= 307 
number of iterations= 2 
[1] 41
number of iterations= 638 
number of iterations= 787 
WARNING! NOT CONVERGENT! 
number of iterations= 10000 
number of iterations= 62 
number of iterations= 314 
number of iterations= 679 
number of iterations= 124 
[1] 42
number of iterations= 251 
number of iterations= 219 
number of iterations= 150 
number of iterations= 283 
number of iterations= 222 
number of iterations= 219 
number of iterations= 62 
[1] 43
number of iterations= 60 
number of iterations= 37 
number of iterations= 251 
number of iterations= 52 
number of iterations= 34 
number of iterations= 35 
number of iterations= 54 
[1] 44
number of iterations= 498 
number of iterations= 768 
number of iterations= 600 
number of iterations= 105 
number of iterations= 39 
number of iterations= 33 
number of iterations= 82 
[1] 45
number of iterations= 24 
number of iterations= 50 
number of iterations= 476 
number of iterations= 42 
number of iterations= 50 
number of iterations= 44 
number of iterations= 103 
[1] 46
number of iterations= 41 
number of iterations= 609 
number of iterations= 611 
number of iterations= 14 
number of iterations= 470 
number of iterations= 42 
number of iterations= 157 
[1] 47
number of iterations= 191 
number of iterations= 384 
number of iterations= 418 
number of iterations= 133 
number of iterations= 50 
number of iterations= 150 
number of iterations= 112 
[1] 48
number of iterations= 461 
number of iterations= 53 
number of iterations= 1185 
number of iterations= 470 
number of iterations= 49 
number of iterations= 116 
number of iterations= 2 
[1] 49
number of iterations= 167 
number of iterations= 47 
number of iterations= 1945 
number of iterations= 38 
number of iterations= 47 
number of iterations= 381 
number of iterations= 2 
[1] 50
number of iterations= 64 
number of iterations= 41 
number of iterations= 1107 
number of iterations= 143 
number of iterations= 39 
number of iterations= 15 
number of iterations= 78 
[1] 51
number of iterations= 187 
number of iterations= 3951 
number of iterations= 4127 
number of iterations= 110 
number of iterations= 285 
number of iterations= 125 
number of iterations= 2 
[1] 52
number of iterations= 151 
number of iterations= 3116 
number of iterations= 1449 
number of iterations= 47 
number of iterations= 54 
number of iterations= 48 
number of iterations= 2 
[1] 53
number of iterations= 41 
number of iterations= 40 
number of iterations= 1868 
number of iterations= 50 
number of iterations= 41 
number of iterations= 781 
number of iterations= 98 
[1] 54
number of iterations= 50 
number of iterations= 501 
number of iterations= 474 
number of iterations= 33 
number of iterations= 43 
number of iterations= 53 
number of iterations= 69 
[1] 55
number of iterations= 33 
number of iterations= 816 
number of iterations= 471 
number of iterations= 39 
number of iterations= 303 
number of iterations= 47 
number of iterations= 81 
[1] 56
number of iterations= 118 
number of iterations= 310 
number of iterations= 715 
number of iterations= 205 
number of iterations= 255 
number of iterations= 220 
number of iterations= 85 
[1] 57
number of iterations= 69 
number of iterations= 41 
number of iterations= 291 
number of iterations= 118 
number of iterations= 41 
number of iterations= 125 
number of iterations= 122 
[1] 58
number of iterations= 79 
number of iterations= 1513 
number of iterations= 201 
number of iterations= 396 
number of iterations= 53 
number of iterations= 25 
number of iterations= 2 
[1] 59
One of the variances is going to zero;  trying new starting values.
One of the variances is going to zero;  trying new starting values.
One of the variances is going to zero;  trying new starting values.
number of iterations= 39 
WARNING! NOT CONVERGENT! 
number of iterations= 10000 
number of iterations= 805 
number of iterations= 31 
number of iterations= 113 
One of the variances is going to zero;  trying new starting values.
number of iterations= 52 
number of iterations= 24 
[1] 60
number of iterations= 248 
number of iterations= 1115 
number of iterations= 902 
number of iterations= 197 
number of iterations= 53 
number of iterations= 225 
number of iterations= 160 
[1] 61
number of iterations= 491 
number of iterations= 59 
number of iterations= 4594 
number of iterations= 496 
number of iterations= 59 
number of iterations= 411 
number of iterations= 2 
[1] 62
number of iterations= 60 
number of iterations= 843 
number of iterations= 687 
number of iterations= 123 
number of iterations= 49 
number of iterations= 89 
number of iterations= 130 
[1] 63
number of iterations= 532 
number of iterations= 1326 
number of iterations= 395 
number of iterations= 494 
number of iterations= 171 
number of iterations= 495 
number of iterations= 50 
[1] 64
number of iterations= 389 
number of iterations= 1027 
number of iterations= 629 
number of iterations= 440 
number of iterations= 56 
number of iterations= 374 
number of iterations= 2 
[1] 65
number of iterations= 168 
number of iterations= 804 
number of iterations= 370 
number of iterations= 308 
number of iterations= 409 
number of iterations= 134 
number of iterations= 80 
[1] 66
number of iterations= 425 
number of iterations= 961 
number of iterations= 1910 
number of iterations= 340 
number of iterations= 235 
number of iterations= 275 
number of iterations= 59 
[1] 67
number of iterations= 134 
number of iterations= 44 
number of iterations= 635 
number of iterations= 154 
number of iterations= 44 
number of iterations= 59 
number of iterations= 138 
[1] 68
number of iterations= 60 
number of iterations= 618 
number of iterations= 422 
number of iterations= 51 
number of iterations= 50 
number of iterations= 19 
number of iterations= 2 
[1] 69
number of iterations= 265 
number of iterations= 1092 
number of iterations= 615 
number of iterations= 205 
number of iterations= 38 
number of iterations= 249 
number of iterations= 64 
[1] 70
number of iterations= 48 
number of iterations= 50 
number of iterations= 589 
number of iterations= 76 
number of iterations= 49 
number of iterations= 59 
number of iterations= 197 
[1] 71
number of iterations= 134 
number of iterations= 47 
WARNING! NOT CONVERGENT! 
number of iterations= 10000 
number of iterations= 167 
number of iterations= 47 
number of iterations= 195 
number of iterations= 2 
[1] 72
number of iterations= 238 
number of iterations= 1017 
number of iterations= 3694 
number of iterations= 49 
number of iterations= 239 
number of iterations= 43 
number of iterations= 2 
[1] 73
number of iterations= 139 
number of iterations= 2603 
number of iterations= 2584 
number of iterations= 179 
number of iterations= 51 
number of iterations= 120 
number of iterations= 2 
[1] 74
number of iterations= 153 
number of iterations= 51 
number of iterations= 363 
number of iterations= 83 
number of iterations= 51 
number of iterations= 178 
number of iterations= 2 
[1] 75
number of iterations= 287 
number of iterations= 1030 
number of iterations= 810 
number of iterations= 178 
number of iterations= 41 
number of iterations= 237 
number of iterations= 68 
[1] 76
number of iterations= 187 
number of iterations= 55 
WARNING! NOT CONVERGENT! 
number of iterations= 10000 
number of iterations= 103 
number of iterations= 55 
number of iterations= 22 
number of iterations= 136 
[1] 77
number of iterations= 158 
number of iterations= 727 
number of iterations= 462 
number of iterations= 92 
number of iterations= 42 
number of iterations= 84 
number of iterations= 2 
[1] 78
number of iterations= 198 
number of iterations= 48 
number of iterations= 151 
number of iterations= 60 
number of iterations= 48 
number of iterations= 600 
number of iterations= 2 
[1] 79
number of iterations= 46 
number of iterations= 46 
number of iterations= 536 
number of iterations= 108 
number of iterations= 46 
number of iterations= 61 
number of iterations= 205 
[1] 80
number of iterations= 98 
number of iterations= 43 
number of iterations= 666 
number of iterations= 95 
number of iterations= 43 
number of iterations= 13 
number of iterations= 64 
[1] 81
number of iterations= 154 
number of iterations= 47 
number of iterations= 527 
number of iterations= 133 
number of iterations= 47 
number of iterations= 28 
number of iterations= 2 
[1] 82
number of iterations= 81 
number of iterations= 41 
number of iterations= 4469 
number of iterations= 88 
number of iterations= 41 
number of iterations= 253 
number of iterations= 2 
[1] 83
number of iterations= 71 
number of iterations= 624 
number of iterations= 622 
number of iterations= 117 
number of iterations= 207 
number of iterations= 275 
number of iterations= 68 
[1] 84
number of iterations= 406 
number of iterations= 1467 
number of iterations= 670 
number of iterations= 394 
number of iterations= 43 
number of iterations= 256 
number of iterations= 96 
[1] 85
number of iterations= 206 
number of iterations= 888 
number of iterations= 964 
number of iterations= 57 
number of iterations= 51 
number of iterations= 317 
number of iterations= 113 
[1] 86
One of the variances is going to zero;  trying new starting values.
One of the variances is going to zero;  trying new starting values.
One of the variances is going to zero;  trying new starting values.
One of the variances is going to zero;  trying new starting values.
One of the variances is going to zero;  trying new starting values.
One of the variances is going to zero;  trying new starting values.
One of the variances is going to zero;  trying new starting values.
One of the variances is going to zero;  trying new starting values.
One of the variances is going to zero;  trying new starting values.
One of the variances is going to zero;  trying new starting values.
number of iterations= 99 
WARNING! NOT CONVERGENT! 
number of iterations= 10000 
WARNING! NOT CONVERGENT! 
number of iterations= 10000 
One of the variances is going to zero;  trying new starting values.
One of the variances is going to zero;  trying new starting values.
One of the variances is going to zero;  trying new starting values.
One of the variances is going to zero;  trying new starting values.
One of the variances is going to zero;  trying new starting values.
One of the variances is going to zero;  trying new starting values.
One of the variances is going to zero;  trying new starting values.
One of the variances is going to zero;  trying new starting values.
One of the variances is going to zero;  trying new starting values.
One of the variances is going to zero;  trying new starting values.
One of the variances is going to zero;  trying new starting values.
number of iterations= 578 
number of iterations= 78 
number of iterations= 2 
[1] 87
number of iterations= 9 
number of iterations= 46 
number of iterations= 3129 
number of iterations= 153 
number of iterations= 46 
number of iterations= 188 
number of iterations= 119 
[1] 88
number of iterations= 359 
number of iterations= 1320 
number of iterations= 1692 
number of iterations= 380 
number of iterations= 51 
number of iterations= 337 
number of iterations= 2 
[1] 89
number of iterations= 250 
number of iterations= 860 
WARNING! NOT CONVERGENT! 
number of iterations= 10000 
number of iterations= 103 
number of iterations= 49 
number of iterations= 48 
number of iterations= 2 
[1] 90
number of iterations= 765 
number of iterations= 51 
number of iterations= 993 
number of iterations= 290 
number of iterations= 51 
number of iterations= 203 
number of iterations= 410 
[1] 91
number of iterations= 303 
number of iterations= 681 
number of iterations= 1164 
number of iterations= 108 
number of iterations= 230 
number of iterations= 248 
number of iterations= 80 
[1] 92
number of iterations= 398 
number of iterations= 1058 
number of iterations= 2085 
number of iterations= 215 
number of iterations= 43 
number of iterations= 252 
number of iterations= 78 
[1] 93
number of iterations= 24 
number of iterations= 422 
number of iterations= 421 
number of iterations= 188 
number of iterations= 46 
number of iterations= 26 
number of iterations= 124 
[1] 94
number of iterations= 65 
number of iterations= 1121 
number of iterations= 4375 
number of iterations= 93 
number of iterations= 60 
number of iterations= 76 
number of iterations= 2 
[1] 95
number of iterations= 199 
number of iterations= 1259 
number of iterations= 831 
number of iterations= 165 
number of iterations= 46 
number of iterations= 26 
number of iterations= 2 
[1] 96
number of iterations= 87 
number of iterations= 820 
number of iterations= 170 
number of iterations= 163 
number of iterations= 41 
number of iterations= 38 
number of iterations= 2 
[1] 97
number of iterations= 206 
number of iterations= 1157 
number of iterations= 1060 
number of iterations= 228 
number of iterations= 49 
number of iterations= 29 
number of iterations= 2 
[1] 98
number of iterations= 182 
number of iterations= 1033 
WARNING! NOT CONVERGENT! 
number of iterations= 10000 
number of iterations= 166 
number of iterations= 58 
number of iterations= 39 
number of iterations= 2 
[1] 99
number of iterations= 150 
number of iterations= 51 
number of iterations= 553 
number of iterations= 85 
number of iterations= 51 
number of iterations= 890 
number of iterations= 345 
[1] 100
number of iterations= 709 
number of iterations= 41 
number of iterations= 721 
number of iterations= 97 
number of iterations= 40 
number of iterations= 720 
number of iterations= 163 
[1] 101
number of iterations= 142 
number of iterations= 451 
number of iterations= 344 
number of iterations= 107 
number of iterations= 181 
number of iterations= 103 
number of iterations= 2 
[1] 102
number of iterations= 44 
number of iterations= 4939 
number of iterations= 5568 
number of iterations= 179 
number of iterations= 46 
number of iterations= 18 
number of iterations= 2 
[1] 103
number of iterations= 55 
number of iterations= 541 
number of iterations= 490 
number of iterations= 100 
number of iterations= 44 
number of iterations= 129 
number of iterations= 74 
[1] 104
number of iterations= 513 
number of iterations= 49 
number of iterations= 956 
number of iterations= 734 
number of iterations= 49 
number of iterations= 393 
number of iterations= 229 
[1] 105
number of iterations= 80 
number of iterations= 239 
number of iterations= 630 
number of iterations= 26 
number of iterations= 41 
number of iterations= 28 
number of iterations= 73 
[1] 106
number of iterations= 748 
number of iterations= 1099 
number of iterations= 5940 
number of iterations= 526 
number of iterations= 48 
number of iterations= 72 
number of iterations= 429 
[1] 107
number of iterations= 664 
number of iterations= 2231 
number of iterations= 4035 
number of iterations= 314 
number of iterations= 50 
number of iterations= 79 
number of iterations= 2 
[1] 108
number of iterations= 47 
number of iterations= 461 
number of iterations= 9694 
number of iterations= 102 
number of iterations= 43 
number of iterations= 152 
number of iterations= 134 
[1] 109
number of iterations= 63 
number of iterations= 271 
number of iterations= 262 
number of iterations= 62 
number of iterations= 245 
number of iterations= 47 
number of iterations= 51 
[1] 110
number of iterations= 161 
number of iterations= 613 
number of iterations= 2391 
number of iterations= 138 
number of iterations= 217 
number of iterations= 134 
number of iterations= 64 
[1] 111
number of iterations= 520 
number of iterations= 44 
number of iterations= 1235 
number of iterations= 474 
number of iterations= 43 
number of iterations= 378 
number of iterations= 117 
[1] 112
number of iterations= 62 
number of iterations= 803 
number of iterations= 392 
number of iterations= 48 
number of iterations= 61 
number of iterations= 67 
number of iterations= 175 
[1] 113
number of iterations= 74 
number of iterations= 583 
number of iterations= 245 
number of iterations= 227 
number of iterations= 48 
number of iterations= 473 
number of iterations= 124 
[1] 114
number of iterations= 594 
number of iterations= 1227 
number of iterations= 1052 
number of iterations= 716 
number of iterations= 47 
number of iterations= 828 
number of iterations= 123 
[1] 115
number of iterations= 74 
number of iterations= 675 
number of iterations= 898 
number of iterations= 97 
number of iterations= 612 
number of iterations= 46 
number of iterations= 109 
[1] 116
number of iterations= 139 
number of iterations= 548 
number of iterations= 382 
number of iterations= 45 
number of iterations= 336 
number of iterations= 48 
number of iterations= 108 
[1] 117
number of iterations= 230 
number of iterations= 348 
number of iterations= 249 
number of iterations= 25 
number of iterations= 57 
number of iterations= 98 
number of iterations= 2 
[1] 118
number of iterations= 982 
number of iterations= 4311 
number of iterations= 2760 
number of iterations= 120 
number of iterations= 50 
number of iterations= 445 
number of iterations= 2 
[1] 119
number of iterations= 148 
number of iterations= 52 
number of iterations= 940 
number of iterations= 854 
number of iterations= 50 
number of iterations= 34 
number of iterations= 2 
[1] 120
number of iterations= 62 
number of iterations= 55 
number of iterations= 664 
number of iterations= 44 
number of iterations= 55 
number of iterations= 137 
number of iterations= 2 
[1] 121
number of iterations= 96 
number of iterations= 725 
number of iterations= 184 
number of iterations= 310 
number of iterations= 49 
number of iterations= 340 
number of iterations= 2 
[1] 122
number of iterations= 135 
number of iterations= 2109 
number of iterations= 1877 
number of iterations= 130 
number of iterations= 422 
number of iterations= 56 
number of iterations= 100 
[1] 123
number of iterations= 429 
number of iterations= 49 
number of iterations= 1430 
number of iterations= 213 
number of iterations= 49 
number of iterations= 231 
number of iterations= 132 
[1] 124
number of iterations= 48 
number of iterations= 845 
number of iterations= 660 
number of iterations= 89 
number of iterations= 45 
number of iterations= 57 
number of iterations= 76 
[1] 125
number of iterations= 98 
number of iterations= 56 
number of iterations= 72 
number of iterations= 397 
number of iterations= 56 
number of iterations= 160 
number of iterations= 2 
[1] 126
number of iterations= 907 
number of iterations= 43 
number of iterations= 1400 
number of iterations= 507 
number of iterations= 43 
number of iterations= 58 
number of iterations= 2 
[1] 127
number of iterations= 230 
number of iterations= 521 
number of iterations= 673 
number of iterations= 108 
number of iterations= 190 
number of iterations= 88 
number of iterations= 49 
[1] 128
number of iterations= 116 
number of iterations= 50 
number of iterations= 187 
number of iterations= 3 
number of iterations= 50 
number of iterations= 13 
number of iterations= 2 
[1] 129
number of iterations= 229 
number of iterations= 741 
number of iterations= 223 
number of iterations= 241 
number of iterations= 36 
number of iterations= 179 
number of iterations= 49 
[1] 130
number of iterations= 171 
number of iterations= 51 
number of iterations= 1069 
number of iterations= 53 
number of iterations= 51 
number of iterations= 43 
number of iterations= 2 
[1] 131
number of iterations= 38 
number of iterations= 377 
number of iterations= 836 
number of iterations= 333 
number of iterations= 46 
number of iterations= 48 
number of iterations= 2 
[1] 132
number of iterations= 66 
number of iterations= 1970 
number of iterations= 448 
number of iterations= 36 
number of iterations= 205 
number of iterations= 42 
number of iterations= 56 
[1] 133
number of iterations= 64 
number of iterations= 2450 
number of iterations= 1560 
number of iterations= 364 
number of iterations= 50 
number of iterations= 276 
number of iterations= 2 
[1] 134
number of iterations= 344 
number of iterations= 189 
number of iterations= 939 
number of iterations= 178 
number of iterations= 49 
number of iterations= 3 
number of iterations= 248 
[1] 135
number of iterations= 66 
number of iterations= 46 
number of iterations= 595 
number of iterations= 86 
number of iterations= 46 
number of iterations= 214 
number of iterations= 2 
[1] 136
number of iterations= 89 
number of iterations= 573 
number of iterations= 237 
number of iterations= 51 
number of iterations= 378 
number of iterations= 93 
number of iterations= 94 
[1] 137
number of iterations= 117 
number of iterations= 681 
number of iterations= 1313 
number of iterations= 326 
number of iterations= 44 
number of iterations= 286 
number of iterations= 2 
[1] 138
number of iterations= 95 
number of iterations= 44 
number of iterations= 2709 
number of iterations= 279 
number of iterations= 43 
number of iterations= 687 
number of iterations= 118 
[1] 139
number of iterations= 356 
number of iterations= 1152 
number of iterations= 2278 
number of iterations= 373 
number of iterations= 45 
number of iterations= 410 
number of iterations= 2 
[1] 140
number of iterations= 122 
number of iterations= 57 
number of iterations= 8567 
number of iterations= 6 
number of iterations= 57 
number of iterations= 83 
number of iterations= 697 
[1] 141
number of iterations= 107 
number of iterations= 1445 
number of iterations= 962 
number of iterations= 95 
number of iterations= 50 
number of iterations= 57 
number of iterations= 2 
[1] 142
number of iterations= 35 
number of iterations= 38 
number of iterations= 295 
number of iterations= 50 
number of iterations= 38 
number of iterations= 88 
number of iterations= 54 
[1] 143
number of iterations= 213 
number of iterations= 43 
number of iterations= 2419 
number of iterations= 162 
number of iterations= 42 
number of iterations= 311 
number of iterations= 109 
[1] 144
number of iterations= 179 
number of iterations= 1666 
number of iterations= 702 
number of iterations= 63 
number of iterations= 55 
number of iterations= 54 
number of iterations= 228 
[1] 145
number of iterations= 23 
number of iterations= 736 
number of iterations= 119 
number of iterations= 146 
number of iterations= 42 
number of iterations= 99 
number of iterations= 46 
[1] 146
number of iterations= 280 
number of iterations= 308 
number of iterations= 1135 
number of iterations= 110 
number of iterations= 267 
number of iterations= 63 
number of iterations= 64 
[1] 147
number of iterations= 31 
number of iterations= 920 
number of iterations= 743 
number of iterations= 349 
number of iterations= 40 
number of iterations= 57 
number of iterations= 2 
[1] 148
number of iterations= 86 
number of iterations= 1095 
number of iterations= 304 
number of iterations= 162 
number of iterations= 42 
number of iterations= 47 
number of iterations= 152 
[1] 149
number of iterations= 64 
number of iterations= 43 
number of iterations= 266 
number of iterations= 132 
number of iterations= 43 
number of iterations= 35 
number of iterations= 420 
[1] 150
number of iterations= 23 
WARNING! NOT CONVERGENT! 
number of iterations= 10000 
WARNING! NOT CONVERGENT! 
number of iterations= 10000 
number of iterations= 536 
number of iterations= 263 
number of iterations= 27 
number of iterations= 2 
[1] 151
number of iterations= 254 
number of iterations= 3417 
number of iterations= 3684 
number of iterations= 251 
number of iterations= 48 
number of iterations= 21 
number of iterations= 2 
[1] 152
number of iterations= 33 
number of iterations= 447 
number of iterations= 339 
number of iterations= 57 
number of iterations= 46 
number of iterations= 42 
number of iterations= 98 
[1] 153
number of iterations= 222 
number of iterations= 1022 
number of iterations= 1815 
number of iterations= 82 
number of iterations= 51 
number of iterations= 257 
number of iterations= 118 
[1] 154
number of iterations= 43 
number of iterations= 1049 
number of iterations= 244 
number of iterations= 44 
number of iterations= 188 
number of iterations= 155 
number of iterations= 203 
[1] 155
number of iterations= 177 
number of iterations= 57 
number of iterations= 746 
number of iterations= 89 
number of iterations= 56 
number of iterations= 180 
number of iterations= 2 
[1] 156
number of iterations= 107 
WARNING! NOT CONVERGENT! 
number of iterations= 10000 
number of iterations= 51 
number of iterations= 147 
number of iterations= 51 
number of iterations= 107 
number of iterations= 2 
[1] 157
number of iterations= 115 
number of iterations= 823 
number of iterations= 397 
number of iterations= 149 
number of iterations= 54 
number of iterations= 87 
number of iterations= 116 
[1] 158
number of iterations= 635 
number of iterations= 43 
WARNING! NOT CONVERGENT! 
number of iterations= 10000 
number of iterations= 530 
number of iterations= 43 
number of iterations= 604 
number of iterations= 2 
[1] 159
number of iterations= 108 
number of iterations= 1387 
number of iterations= 724 
number of iterations= 129 
number of iterations= 54 
number of iterations= 109 
number of iterations= 85 
[1] 160
number of iterations= 33 
number of iterations= 44 
number of iterations= 788 
number of iterations= 168 
number of iterations= 41 
number of iterations= 111 
number of iterations= 73 
[1] 161
number of iterations= 28 
WARNING! NOT CONVERGENT! 
number of iterations= 10000 
WARNING! NOT CONVERGENT! 
number of iterations= 10000 
One of the variances is going to zero;  trying new starting values.
number of iterations= 111 
number of iterations= 55 
One of the variances is going to zero;  trying new starting values.
One of the variances is going to zero;  trying new starting values.
One of the variances is going to zero;  trying new starting values.
One of the variances is going to zero;  trying new starting values.
One of the variances is going to zero;  trying new starting values.
One of the variances is going to zero;  trying new starting values.
number of iterations= 110 
number of iterations= 2 
[1] 162
number of iterations= 25 
number of iterations= 1099 
number of iterations= 3400 
number of iterations= 158 
number of iterations= 52 
number of iterations= 32 
number of iterations= 2 
[1] 163
number of iterations= 51 
number of iterations= 577 
number of iterations= 651 
number of iterations= 329 
number of iterations= 51 
number of iterations= 26 
number of iterations= 2 
[1] 164
number of iterations= 171 
number of iterations= 1877 
number of iterations= 2186 
number of iterations= 208 
number of iterations= 46 
number of iterations= 75 
number of iterations= 2 
[1] 165
number of iterations= 298 
number of iterations= 307 
number of iterations= 237 
number of iterations= 594 
number of iterations= 44 
number of iterations= 493 
number of iterations= 23 
[1] 166
number of iterations= 395 
number of iterations= 1811 
number of iterations= 1437 
number of iterations= 889 
number of iterations= 43 
number of iterations= 555 
number of iterations= 125 
[1] 167
number of iterations= 53 
number of iterations= 727 
number of iterations= 426 
number of iterations= 194 
number of iterations= 49 
number of iterations= 72 
number of iterations= 2 
[1] 168
number of iterations= 122 
number of iterations= 725 
number of iterations= 6008 
number of iterations= 87 
number of iterations= 44 
number of iterations= 71 
number of iterations= 69 
[1] 169
number of iterations= 439 
number of iterations= 46 
WARNING! NOT CONVERGENT! 
number of iterations= 10000 
number of iterations= 809 
number of iterations= 47 
number of iterations= 612 
number of iterations= 2 
[1] 170
number of iterations= 321 
number of iterations= 51 
number of iterations= 1107 
number of iterations= 88 
number of iterations= 50 
number of iterations= 334 
number of iterations= 172 
[1] 171
number of iterations= 32 
number of iterations= 42 
number of iterations= 1929 
number of iterations= 70 
number of iterations= 42 
number of iterations= 7 
number of iterations= 128 
[1] 172
number of iterations= 1359 
number of iterations= 53 
number of iterations= 2964 
number of iterations= 590 
number of iterations= 53 
number of iterations= 703 
number of iterations= 2 
[1] 173
number of iterations= 164 
number of iterations= 669 
number of iterations= 493 
number of iterations= 69 
number of iterations= 334 
number of iterations= 30 
number of iterations= 2 
[1] 174
number of iterations= 360 
number of iterations= 356 
number of iterations= 286 
number of iterations= 8 
number of iterations= 50 
number of iterations= 31 
number of iterations= 2 
[1] 175
number of iterations= 597 
number of iterations= 891 
number of iterations= 2486 
number of iterations= 472 
number of iterations= 49 
number of iterations= 242 
number of iterations= 137 
[1] 176
number of iterations= 128 
number of iterations= 46 
number of iterations= 648 
number of iterations= 352 
number of iterations= 46 
number of iterations= 257 
number of iterations= 155 
[1] 177
number of iterations= 232 
number of iterations= 310 
number of iterations= 442 
number of iterations= 146 
number of iterations= 40 
number of iterations= 880 
number of iterations= 91 
[1] 178
number of iterations= 33 
