Loading required package: mixtools
mixtools package, version 1.1.0, Released 2017-03-10
This package is based upon work supported by the National Science Foundation under Grant No. SES-0518772.

number of iterations= 34 
number of iterations= 178 
number of iterations= 279 
[1] 1
number of iterations= 6 
number of iterations= 91 
number of iterations= 254 
[1] 2
number of iterations= 14 
number of iterations= 153 
number of iterations= 157 
[1] 3
number of iterations= 38 
number of iterations= 109 
number of iterations= 185 
[1] 4
number of iterations= 10 
number of iterations= 116 
number of iterations= 160 
[1] 5
number of iterations= 11 
number of iterations= 139 
number of iterations= 236 
[1] 6
number of iterations= 19 
number of iterations= 162 
number of iterations= 170 
[1] 7
number of iterations= 22 
number of iterations= 116 
number of iterations= 131 
[1] 8
number of iterations= 36 
number of iterations= 317 
number of iterations= 433 
[1] 9
number of iterations= 14 
number of iterations= 142 
number of iterations= 172 
[1] 10
number of iterations= 12 
number of iterations= 155 
number of iterations= 218 
[1] 11
number of iterations= 17 
number of iterations= 199 
number of iterations= 245 
[1] 12
number of iterations= 18 
number of iterations= 184 
number of iterations= 279 
[1] 13
number of iterations= 22 
number of iterations= 202 
number of iterations= 267 
[1] 14
number of iterations= 10 
number of iterations= 160 
number of iterations= 140 
[1] 15
number of iterations= 25 
number of iterations= 216 
number of iterations= 210 
[1] 16
number of iterations= 24 
number of iterations= 158 
number of iterations= 166 
[1] 17
number of iterations= 9 
number of iterations= 124 
number of iterations= 198 
[1] 18
number of iterations= 19 
number of iterations= 179 
number of iterations= 155 
[1] 19
number of iterations= 37 
number of iterations= 85 
number of iterations= 259 
[1] 20
number of iterations= 17 
number of iterations= 166 
number of iterations= 391 
[1] 21
number of iterations= 12 
number of iterations= 152 
number of iterations= 357 
[1] 22
number of iterations= 12 
number of iterations= 124 
number of iterations= 159 
[1] 23
number of iterations= 10 
number of iterations= 125 
number of iterations= 142 
[1] 24
number of iterations= 33 
number of iterations= 100 
number of iterations= 408 
[1] 25
number of iterations= 22 
number of iterations= 196 
number of iterations= 132 
[1] 26
number of iterations= 23 
number of iterations= 271 
number of iterations= 357 
[1] 27
number of iterations= 46 
number of iterations= 231 
number of iterations= 461 
[1] 28
number of iterations= 45 
number of iterations= 178 
number of iterations= 291 
[1] 29
number of iterations= 25 
number of iterations= 181 
number of iterations= 137 
[1] 30
number of iterations= 26 
number of iterations= 144 
number of iterations= 350 
[1] 31
number of iterations= 14 
number of iterations= 134 
number of iterations= 255 
[1] 32
number of iterations= 9 
number of iterations= 115 
number of iterations= 27 
[1] 33
number of iterations= 16 
number of iterations= 116 
number of iterations= 324 
[1] 34
number of iterations= 33 
number of iterations= 197 
number of iterations= 177 
[1] 35
number of iterations= 36 
number of iterations= 113 
number of iterations= 311 
[1] 36
number of iterations= 22 
number of iterations= 324 
number of iterations= 443 
[1] 37
number of iterations= 8 
number of iterations= 182 
number of iterations= 436 
[1] 38
number of iterations= 10 
number of iterations= 170 
number of iterations= 233 
[1] 39
number of iterations= 32 
number of iterations= 208 
number of iterations= 235 
[1] 40
number of iterations= 42 
number of iterations= 101 
number of iterations= 440 
[1] 41
number of iterations= 11 
number of iterations= 136 
number of iterations= 138 
[1] 42
number of iterations= 23 
number of iterations= 133 
number of iterations= 119 
[1] 43
number of iterations= 10 
number of iterations= 141 
number of iterations= 108 
[1] 44
number of iterations= 24 
number of iterations= 106 
number of iterations= 135 
[1] 45
number of iterations= 21 
number of iterations= 165 
number of iterations= 238 
[1] 46
number of iterations= 45 
number of iterations= 186 
number of iterations= 273 
[1] 47
number of iterations= 32 
number of iterations= 198 
number of iterations= 176 
[1] 48
number of iterations= 19 
number of iterations= 106 
number of iterations= 97 
[1] 49
number of iterations= 36 
number of iterations= 209 
number of iterations= 427 
[1] 50
number of iterations= 21 
number of iterations= 273 
number of iterations= 231 
[1] 51
number of iterations= 19 
number of iterations= 206 
number of iterations= 215 
[1] 52
number of iterations= 18 
number of iterations= 124 
number of iterations= 96 
[1] 53
number of iterations= 17 
number of iterations= 136 
number of iterations= 435 
[1] 54
number of iterations= 25 
number of iterations= 172 
number of iterations= 364 
[1] 55
number of iterations= 14 
number of iterations= 132 
number of iterations= 128 
[1] 56
number of iterations= 25 
number of iterations= 150 
number of iterations= 113 
[1] 57
number of iterations= 25 
number of iterations= 153 
number of iterations= 134 
[1] 58
number of iterations= 17 
number of iterations= 171 
number of iterations= 264 
[1] 59
number of iterations= 19 
number of iterations= 138 
number of iterations= 113 
[1] 60
number of iterations= 22 
number of iterations= 149 
number of iterations= 243 
[1] 61
number of iterations= 23 
number of iterations= 122 
number of iterations= 221 
[1] 62
number of iterations= 22 
number of iterations= 232 
number of iterations= 442 
[1] 63
number of iterations= 14 
number of iterations= 163 
number of iterations= 206 
[1] 64
number of iterations= 13 
number of iterations= 194 
number of iterations= 258 
[1] 65
number of iterations= 18 
number of iterations= 131 
number of iterations= 89 
[1] 66
number of iterations= 9 
number of iterations= 155 
number of iterations= 269 
[1] 67
number of iterations= 25 
number of iterations= 159 
number of iterations= 409 
[1] 68
number of iterations= 43 
number of iterations= 327 
number of iterations= 740 
[1] 69
number of iterations= 13 
number of iterations= 126 
number of iterations= 323 
[1] 70
number of iterations= 10 
number of iterations= 121 
number of iterations= 101 
[1] 71
number of iterations= 15 
number of iterations= 234 
number of iterations= 202 
[1] 72
number of iterations= 8 
number of iterations= 100 
number of iterations= 170 
[1] 73
number of iterations= 25 
number of iterations= 174 
number of iterations= 286 
[1] 74
number of iterations= 15 
number of iterations= 140 
number of iterations= 142 
[1] 75
number of iterations= 20 
number of iterations= 145 
number of iterations= 204 
[1] 76
number of iterations= 27 
number of iterations= 203 
number of iterations= 30 
[1] 77
number of iterations= 13 
number of iterations= 141 
number of iterations= 338 
[1] 78
number of iterations= 22 
number of iterations= 108 
number of iterations= 172 
[1] 79
number of iterations= 15 
number of iterations= 146 
number of iterations= 347 
[1] 80
number of iterations= 10 
number of iterations= 127 
number of iterations= 149 
[1] 81
number of iterations= 30 
number of iterations= 122 
number of iterations= 204 
[1] 82
number of iterations= 13 
number of iterations= 127 
number of iterations= 231 
[1] 83
number of iterations= 10 
number of iterations= 132 
number of iterations= 189 
[1] 84
number of iterations= 25 
number of iterations= 209 
number of iterations= 337 
[1] 85
number of iterations= 7 
number of iterations= 221 
number of iterations= 245 
[1] 86
number of iterations= 12 
number of iterations= 165 
number of iterations= 595 
[1] 87
number of iterations= 38 
number of iterations= 308 
number of iterations= 142 
[1] 88
number of iterations= 20 
number of iterations= 162 
number of iterations= 239 
[1] 89
number of iterations= 36 
number of iterations= 246 
number of iterations= 628 
[1] 90
number of iterations= 22 
number of iterations= 287 
number of iterations= 367 
[1] 91
number of iterations= 22 
number of iterations= 146 
number of iterations= 90 
[1] 92
number of iterations= 24 
number of iterations= 128 
number of iterations= 176 
[1] 93
number of iterations= 15 
number of iterations= 154 
number of iterations= 109 
[1] 94
number of iterations= 18 
number of iterations= 191 
number of iterations= 138 
[1] 95
number of iterations= 106 
number of iterations= 443 
number of iterations= 667 
[1] 96
number of iterations= 38 
number of iterations= 152 
number of iterations= 265 
[1] 97
number of iterations= 37 
number of iterations= 337 
number of iterations= 224 
[1] 98
number of iterations= 17 
number of iterations= 228 
number of iterations= 89 
[1] 99
number of iterations= 33 
number of iterations= 174 
number of iterations= 348 
[1] 100
number of iterations= 16 
number of iterations= 138 
number of iterations= 274 
[1] 101
number of iterations= 25 
number of iterations= 137 
number of iterations= 120 
[1] 102
number of iterations= 16 
number of iterations= 181 
number of iterations= 203 
[1] 103
number of iterations= 27 
number of iterations= 131 
number of iterations= 119 
[1] 104
number of iterations= 25 
number of iterations= 234 
number of iterations= 198 
[1] 105
number of iterations= 19 
number of iterations= 142 
number of iterations= 290 
[1] 106
number of iterations= 29 
number of iterations= 162 
number of iterations= 274 
[1] 107
number of iterations= 24 
number of iterations= 161 
number of iterations= 125 
[1] 108
number of iterations= 12 
number of iterations= 201 
number of iterations= 217 
[1] 109
number of iterations= 29 
number of iterations= 169 
number of iterations= 330 
[1] 110
number of iterations= 14 
number of iterations= 126 
number of iterations= 143 
[1] 111
number of iterations= 41 
number of iterations= 193 
number of iterations= 296 
[1] 112
number of iterations= 21 
number of iterations= 158 
number of iterations= 154 
[1] 113
number of iterations= 22 
number of iterations= 151 
number of iterations= 301 
[1] 114
number of iterations= 12 
number of iterations= 156 
number of iterations= 241 
[1] 115
number of iterations= 22 
number of iterations= 184 
number of iterations= 221 
[1] 116
number of iterations= 7 
number of iterations= 133 
number of iterations= 158 
[1] 117
number of iterations= 67 
number of iterations= 253 
number of iterations= 306 
[1] 118
number of iterations= 24 
number of iterations= 161 
number of iterations= 97 
[1] 119
number of iterations= 22 
number of iterations= 192 
number of iterations= 231 
[1] 120
number of iterations= 20 
number of iterations= 129 
number of iterations= 175 
[1] 121
number of iterations= 25 
number of iterations= 154 
number of iterations= 126 
[1] 122
number of iterations= 9 
number of iterations= 129 
number of iterations= 203 
[1] 123
number of iterations= 28 
number of iterations= 234 
number of iterations= 238 
[1] 124
number of iterations= 34 
number of iterations= 147 
number of iterations= 182 
[1] 125
number of iterations= 16 
number of iterations= 110 
number of iterations= 159 
[1] 126
number of iterations= 23 
number of iterations= 124 
number of iterations= 218 
[1] 127
number of iterations= 18 
number of iterations= 198 
number of iterations= 216 
[1] 128
number of iterations= 20 
number of iterations= 149 
number of iterations= 306 
[1] 129
number of iterations= 11 
number of iterations= 154 
number of iterations= 314 
[1] 130
number of iterations= 13 
number of iterations= 201 
number of iterations= 281 
[1] 131
number of iterations= 8 
number of iterations= 156 
number of iterations= 183 
[1] 132
number of iterations= 13 
number of iterations= 151 
number of iterations= 173 
[1] 133
number of iterations= 17 
number of iterations= 169 
number of iterations= 201 
[1] 134
number of iterations= 19 
number of iterations= 145 
number of iterations= 132 
[1] 135
number of iterations= 25 
number of iterations= 137 
number of iterations= 301 
[1] 136
number of iterations= 21 
number of iterations= 144 
number of iterations= 164 
[1] 137
number of iterations= 19 
number of iterations= 138 
number of iterations= 161 
[1] 138
number of iterations= 10 
number of iterations= 136 
number of iterations= 101 
[1] 139
number of iterations= 19 
number of iterations= 151 
number of iterations= 176 
[1] 140
number of iterations= 25 
number of iterations= 133 
number of iterations= 198 
[1] 141
number of iterations= 13 
number of iterations= 182 
number of iterations= 189 
[1] 142
number of iterations= 22 
number of iterations= 198 
number of iterations= 78 
[1] 143
number of iterations= 21 
number of iterations= 134 
number of iterations= 149 
[1] 144
number of iterations= 16 
number of iterations= 232 
number of iterations= 289 
[1] 145
number of iterations= 12 
number of iterations= 143 
number of iterations= 361 
[1] 146
number of iterations= 14 
number of iterations= 175 
number of iterations= 280 
[1] 147
number of iterations= 16 
number of iterations= 251 
number of iterations= 696 
[1] 148
number of iterations= 17 
number of iterations= 182 
number of iterations= 188 
[1] 149
number of iterations= 27 
number of iterations= 190 
number of iterations= 452 
[1] 150
number of iterations= 15 
number of iterations= 155 
number of iterations= 174 
[1] 151
number of iterations= 10 
number of iterations= 137 
number of iterations= 147 
[1] 152
number of iterations= 18 
number of iterations= 145 
number of iterations= 172 
[1] 153
number of iterations= 22 
number of iterations= 128 
number of iterations= 313 
[1] 154
number of iterations= 15 
number of iterations= 92 
number of iterations= 124 
[1] 155
number of iterations= 19 
number of iterations= 141 
number of iterations= 239 
[1] 156
number of iterations= 27 
number of iterations= 254 
number of iterations= 312 
[1] 157
number of iterations= 8 
number of iterations= 103 
number of iterations= 175 
[1] 158
number of iterations= 12 
number of iterations= 191 
number of iterations= 140 
[1] 159
number of iterations= 28 
number of iterations= 22 
number of iterations= 26 
[1] 160
number of iterations= 34 
number of iterations= 186 
number of iterations= 163 
[1] 161
number of iterations= 27 
number of iterations= 200 
number of iterations= 164 
[1] 162
number of iterations= 27 
number of iterations= 164 
number of iterations= 578 
[1] 163
number of iterations= 8 
number of iterations= 174 
number of iterations= 169 
[1] 164
number of iterations= 20 
number of iterations= 188 
number of iterations= 218 
[1] 165
number of iterations= 38 
number of iterations= 122 
number of iterations= 129 
[1] 166
number of iterations= 9 
number of iterations= 168 
number of iterations= 99 
[1] 167
number of iterations= 30 
number of iterations= 117 
number of iterations= 250 
[1] 168
number of iterations= 27 
number of iterations= 116 
number of iterations= 232 
[1] 169
number of iterations= 26 
number of iterations= 261 
number of iterations= 313 
[1] 170
number of iterations= 19 
number of iterations= 164 
number of iterations= 220 
[1] 171
number of iterations= 42 
number of iterations= 209 
number of iterations= 392 
[1] 172
number of iterations= 15 
number of iterations= 153 
number of iterations= 166 
[1] 173
number of iterations= 20 
number of iterations= 161 
number of iterations= 225 
[1] 174
number of iterations= 23 
number of iterations= 181 
number of iterations= 176 
[1] 175
number of iterations= 11 
number of iterations= 194 
number of iterations= 231 
[1] 176
number of iterations= 24 
number of iterations= 202 
number of iterations= 377 
[1] 177
number of iterations= 11 
number of iterations= 175 
number of iterations= 275 
[1] 178
number of iterations= 14 
number of iterations= 121 
number of iterations= 122 
[1] 179
number of iterations= 13 
number of iterations= 117 
number of iterations= 152 
[1] 180
number of iterations= 19 
number of iterations= 250 
number of iterations= 217 
[1] 181
number of iterations= 13 
number of iterations= 90 
number of iterations= 190 
[1] 182
number of iterations= 18 
number of iterations= 114 
number of iterations= 164 
[1] 183
number of iterations= 32 
number of iterations= 195 
number of iterations= 203 
[1] 184
number of iterations= 7 
number of iterations= 138 
number of iterations= 235 
[1] 185
number of iterations= 40 
number of iterations= 181 
number of iterations= 708 
[1] 186
number of iterations= 15 
number of iterations= 171 
number of iterations= 480 
[1] 187
number of iterations= 12 
number of iterations= 201 
number of iterations= 567 
[1] 188
number of iterations= 14 
number of iterations= 126 
number of iterations= 323 
[1] 189
number of iterations= 23 
number of iterations= 129 
number of iterations= 93 
[1] 190
number of iterations= 16 
number of iterations= 220 
number of iterations= 186 
[1] 191
number of iterations= 14 
number of iterations= 139 
number of iterations= 176 
[1] 192
number of iterations= 21 
number of iterations= 127 
number of iterations= 246 
[1] 193
number of iterations= 20 
number of iterations= 127 
number of iterations= 176 
[1] 194
number of iterations= 9 
number of iterations= 145 
number of iterations= 118 
[1] 195
number of iterations= 18 
number of iterations= 157 
number of iterations= 100 
[1] 196
number of iterations= 42 
number of iterations= 173 
number of iterations= 425 
[1] 197
number of iterations= 41 
number of iterations= 198 
number of iterations= 392 
[1] 198
number of iterations= 16 
number of iterations= 155 
number of iterations= 247 
[1] 199
number of iterations= 13 
number of iterations= 164 
number of iterations= 381 
[1] 200
number of iterations= 13 
number of iterations= 124 
number of iterations= 158 
[1] 201
number of iterations= 21 
number of iterations= 130 
number of iterations= 120 
[1] 202
number of iterations= 57 
number of iterations= 267 
number of iterations= 349 
[1] 203
number of iterations= 19 
number of iterations= 182 
number of iterations= 154 
[1] 204
number of iterations= 16 
number of iterations= 140 
number of iterations= 137 
[1] 205
number of iterations= 22 
number of iterations= 145 
number of iterations= 197 
[1] 206
number of iterations= 19 
number of iterations= 128 
number of iterations= 155 
[1] 207
number of iterations= 27 
number of iterations= 149 
number of iterations= 268 
[1] 208
number of iterations= 22 
number of iterations= 169 
number of iterations= 127 
[1] 209
number of iterations= 9 
number of iterations= 137 
number of iterations= 122 
[1] 210
number of iterations= 25 
number of iterations= 129 
number of iterations= 74 
[1] 211
number of iterations= 21 
number of iterations= 110 
number of iterations= 226 
[1] 212
number of iterations= 12 
number of iterations= 145 
number of iterations= 216 
[1] 213
number of iterations= 10 
number of iterations= 120 
number of iterations= 87 
[1] 214
number of iterations= 22 
number of iterations= 190 
number of iterations= 321 
[1] 215
number of iterations= 18 
number of iterations= 194 
number of iterations= 188 
[1] 216
number of iterations= 15 
number of iterations= 182 
number of iterations= 252 
[1] 217
number of iterations= 15 
number of iterations= 171 
number of iterations= 165 
[1] 218
number of iterations= 31 
number of iterations= 111 
number of iterations= 348 
[1] 219
number of iterations= 33 
number of iterations= 85 
number of iterations= 241 
[1] 220
number of iterations= 18 
number of iterations= 168 
number of iterations= 175 
[1] 221
number of iterations= 12 
number of iterations= 182 
number of iterations= 252 
[1] 222
number of iterations= 12 
number of iterations= 121 
number of iterations= 149 
[1] 223
number of iterations= 22 
number of iterations= 137 
number of iterations= 388 
[1] 224
number of iterations= 21 
number of iterations= 217 
number of iterations= 192 
[1] 225
number of iterations= 10 
number of iterations= 142 
number of iterations= 194 
[1] 226
number of iterations= 15 
number of iterations= 157 
number of iterations= 185 
[1] 227
number of iterations= 10 
number of iterations= 151 
number of iterations= 129 
[1] 228
number of iterations= 28 
number of iterations= 206 
number of iterations= 65 
[1] 229
number of iterations= 19 
number of iterations= 131 
number of iterations= 217 
[1] 230
number of iterations= 84 
number of iterations= 258 
number of iterations= 389 
[1] 231
number of iterations= 15 
number of iterations= 164 
number of iterations= 210 
[1] 232
number of iterations= 29 
number of iterations= 137 
number of iterations= 250 
[1] 233
number of iterations= 8 
number of iterations= 141 
number of iterations= 112 
[1] 234
number of iterations= 29 
number of iterations= 177 
number of iterations= 205 
[1] 235
number of iterations= 10 
number of iterations= 114 
number of iterations= 202 
[1] 236
number of iterations= 15 
number of iterations= 153 
number of iterations= 125 
[1] 237
number of iterations= 18 
number of iterations= 168 
number of iterations= 159 
[1] 238
number of iterations= 12 
number of iterations= 138 
number of iterations= 201 
[1] 239
number of iterations= 21 
number of iterations= 124 
number of iterations= 136 
[1] 240
number of iterations= 33 
slurmstepd: error: *** JOB 7282 ON compute-0-2 CANCELLED AT 2017-05-12T10:44:15 DUE TO TIME LIMIT ***
