Loading required package: mixtools
mixtools package, version 1.1.0, Released 2017-03-10
This package is based upon work supported by the National Science Foundation under Grant No. SES-0518772.

number of iterations= 76 
number of iterations= 2056 
number of iterations= 2575 
[1] 1
number of iterations= 269 
number of iterations= 963 
number of iterations= 209 
[1] 2
number of iterations= 496 
number of iterations= 292 
number of iterations= 1231 
[1] 3
number of iterations= 151 
number of iterations= 377 
number of iterations= 243 
[1] 4
number of iterations= 308 
number of iterations= 813 
number of iterations= 1115 
[1] 5
number of iterations= 90 
number of iterations= 174 
number of iterations= 66 
[1] 6
number of iterations= 164 
number of iterations= 288 
number of iterations= 395 
[1] 7
number of iterations= 745 
number of iterations= 656 
number of iterations= 1015 
[1] 8
number of iterations= 257 
number of iterations= 390 
number of iterations= 633 
[1] 9
number of iterations= 557 
number of iterations= 612 
number of iterations= 675 
[1] 10
number of iterations= 409 
number of iterations= 1383 
number of iterations= 1243 
[1] 11
number of iterations= 75 
number of iterations= 381 
number of iterations= 619 
[1] 12
number of iterations= 91 
number of iterations= 865 
number of iterations= 593 
[1] 13
number of iterations= 609 
number of iterations= 1100 
number of iterations= 1814 
[1] 14
number of iterations= 62 
number of iterations= 135 
number of iterations= 2407 
[1] 15
number of iterations= 204 
number of iterations= 941 
number of iterations= 977 
[1] 16
number of iterations= 496 
number of iterations= 6012 
slurmstepd: error: *** JOB 7278 ON compute-0-2 CANCELLED AT 2017-05-12T10:38:45 DUE TO TIME LIMIT ***
