Loading required package: mixtools
mixtools package, version 1.1.0, Released 2017-03-10
This package is based upon work supported by the National Science Foundation under Grant No. SES-0518772.

number of iterations= 5 
number of iterations= 339 
number of iterations= 326 
[1] 1
number of iterations= 3 
number of iterations= 345 
number of iterations= 333 
[1] 2
number of iterations= 5 
number of iterations= 409 
number of iterations= 389 
[1] 3
number of iterations= 12 
number of iterations= 304 
number of iterations= 283 
[1] 4
number of iterations= 3 
number of iterations= 368 
number of iterations= 349 
[1] 5
number of iterations= 2 
number of iterations= 405 
number of iterations= 357 
[1] 6
number of iterations= 3 
number of iterations= 320 
number of iterations= 322 
[1] 7
number of iterations= 4 
number of iterations= 393 
number of iterations= 248 
[1] 8
number of iterations= 6 
number of iterations= 416 
number of iterations= 334 
[1] 9
number of iterations= 5 
number of iterations= 370 
number of iterations= 353 
[1] 10
number of iterations= 4 
number of iterations= 356 
number of iterations= 335 
[1] 11
number of iterations= 5 
number of iterations= 394 
number of iterations= 403 
[1] 12
number of iterations= 6 
number of iterations= 370 
number of iterations= 404 
[1] 13
number of iterations= 8 
number of iterations= 433 
number of iterations= 415 
[1] 14
number of iterations= 5 
number of iterations= 421 
number of iterations= 407 
[1] 15
number of iterations= 3 
number of iterations= 368 
number of iterations= 380 
[1] 16
number of iterations= 5 
number of iterations= 388 
number of iterations= 782 
[1] 17
number of iterations= 4 
number of iterations= 412 
number of iterations= 407 
[1] 18
number of iterations= 4 
number of iterations= 379 
number of iterations= 420 
[1] 19
number of iterations= 6 
number of iterations= 359 
number of iterations= 339 
[1] 20
number of iterations= 2 
number of iterations= 380 
number of iterations= 439 
[1] 21
number of iterations= 4 
number of iterations= 350 
number of iterations= 338 
[1] 22
number of iterations= 4 
number of iterations= 337 
number of iterations= 388 
[1] 23
number of iterations= 4 
number of iterations= 425 
number of iterations= 373 
[1] 24
number of iterations= 3 
number of iterations= 376 
number of iterations= 367 
[1] 25
number of iterations= 10 
number of iterations= 364 
number of iterations= 276 
[1] 26
number of iterations= 4 
number of iterations= 399 
number of iterations= 402 
[1] 27
number of iterations= 5 
number of iterations= 402 
number of iterations= 346 
[1] 28
number of iterations= 3 
number of iterations= 413 
number of iterations= 384 
[1] 29
number of iterations= 4 
number of iterations= 382 
number of iterations= 441 
[1] 30
number of iterations= 3 
number of iterations= 395 
number of iterations= 453 
[1] 31
number of iterations= 5 
number of iterations= 356 
number of iterations= 339 
[1] 32
number of iterations= 8 
number of iterations= 332 
number of iterations= 312 
[1] 33
number of iterations= 5 
number of iterations= 412 
number of iterations= 400 
[1] 34
number of iterations= 2 
number of iterations= 359 
number of iterations= 416 
[1] 35
number of iterations= 3 
number of iterations= 366 
number of iterations= 348 
[1] 36
number of iterations= 2 
number of iterations= 362 
number of iterations= 355 
[1] 37
number of iterations= 7 
number of iterations= 418 
number of iterations= 568 
[1] 38
number of iterations= 68 
number of iterations= 364 
number of iterations= 342 
[1] 39
number of iterations= 3 
number of iterations= 431 
number of iterations= 256 
[1] 40
number of iterations= 6 
number of iterations= 336 
number of iterations= 296 
[1] 41
number of iterations= 4 
number of iterations= 331 
number of iterations= 314 
[1] 42
number of iterations= 5 
number of iterations= 383 
number of iterations= 386 
[1] 43
number of iterations= 3 
number of iterations= 356 
number of iterations= 421 
[1] 44
number of iterations= 11 
number of iterations= 426 
number of iterations= 408 
[1] 45
number of iterations= 4 
number of iterations= 382 
number of iterations= 535 
[1] 46
number of iterations= 4 
number of iterations= 382 
number of iterations= 410 
[1] 47
number of iterations= 5 
number of iterations= 368 
number of iterations= 354 
[1] 48
number of iterations= 4 
number of iterations= 347 
slurmstepd: error: *** JOB 7288 ON compute-0-2 CANCELLED AT 2017-05-12T10:55:15 DUE TO TIME LIMIT ***
