Loading required package: mixtools
mixtools package, version 1.1.0, Released 2017-03-10
This package is based upon work supported by the National Science Foundation under Grant No. SES-0518772.

number of iterations= 7 
number of iterations= 1602 
number of iterations= 2589 
[1] 1
number of iterations= 10 
number of iterations= 65 
number of iterations= 2891 
[1] 2
number of iterations= 10 
number of iterations= 4463 
number of iterations= 2469 
[1] 3
number of iterations= 8 
number of iterations= 1848 
number of iterations= 1857 
[1] 4
number of iterations= 10 
number of iterations= 2457 
number of iterations= 1574 
[1] 5
number of iterations= 7 
number of iterations= 1705 
number of iterations= 2483 
[1] 6
number of iterations= 7 
number of iterations= 66 
number of iterations= 1805 
[1] 7
number of iterations= 9 
number of iterations= 1621 
number of iterations= 3203 
[1] 8
number of iterations= 6 
number of iterations= 1477 
number of iterations= 2092 
[1] 9
number of iterations= 8 
number of iterations= 1763 
number of iterations= 66 
[1] 10
number of iterations= 8 
number of iterations= 2924 
number of iterations= 2609 
[1] 11
number of iterations= 9 
number of iterations= 3053 
number of iterations= 2944 
[1] 12
number of iterations= 12 
number of iterations= 67 
number of iterations= 1320 
[1] 13
number of iterations= 8 
number of iterations= 3402 
number of iterations= 2246 
[1] 14
number of iterations= 7 
number of iterations= 1386 
number of iterations= 3163 
[1] 15
number of iterations= 8 
number of iterations= 69 
number of iterations= 3348 
[1] 16
number of iterations= 6 
number of iterations= 1886 
number of iterations= 3463 
[1] 17
number of iterations= 11 
number of iterations= 2338 
number of iterations= 2706 
[1] 18
number of iterations= 9 
number of iterations= 62 
number of iterations= 2196 
[1] 19
number of iterations= 8 
number of iterations= 2296 
number of iterations= 1792 
[1] 20
number of iterations= 8 
number of iterations= 1341 
number of iterations= 2809 
[1] 21
number of iterations= 8 
number of iterations= 2496 
number of iterations= 3525 
[1] 22
number of iterations= 9 
number of iterations= 2534 
number of iterations= 57 
[1] 23
number of iterations= 6 
number of iterations= 70 
number of iterations= 3398 
[1] 24
number of iterations= 10 
number of iterations= 74 
number of iterations= 2452 
[1] 25
number of iterations= 9 
number of iterations= 1506 
number of iterations= 94 
[1] 26
number of iterations= 7 
number of iterations= 1688 
number of iterations= 2431 
[1] 27
number of iterations= 9 
number of iterations= 2236 
number of iterations= 2512 
[1] 28
number of iterations= 7 
number of iterations= 3450 
number of iterations= 72 
[1] 29
number of iterations= 7 
number of iterations= 1848 
number of iterations= 2494 
[1] 30
number of iterations= 9 
number of iterations= 1764 
number of iterations= 3311 
[1] 31
number of iterations= 21 
number of iterations= 65 
number of iterations= 3118 
[1] 32
number of iterations= 7 
number of iterations= 1378 
number of iterations= 2496 
[1] 33
number of iterations= 7 
number of iterations= 3094 
number of iterations= 1992 
[1] 34
number of iterations= 7 
number of iterations= 67 
number of iterations= 70 
[1] 35
number of iterations= 7 
number of iterations= 1637 
number of iterations= 2309 
[1] 36
number of iterations= 4 
number of iterations= 70 
number of iterations= 4865 
[1] 37
number of iterations= 7 
number of iterations= 53 
number of iterations= 1983 
[1] 38
number of iterations= 6 
number of iterations= 2142 
number of iterations= 2064 
[1] 39
number of iterations= 19 
number of iterations= 65 
number of iterations= 2043 
[1] 40
number of iterations= 7 
number of iterations= 2045 
number of iterations= 3340 
[1] 41
number of iterations= 5 
number of iterations= 2252 
number of iterations= 2725 
[1] 42
number of iterations= 8 
number of iterations= 2325 
number of iterations= 3883 
[1] 43
number of iterations= 9 
number of iterations= 2039 
number of iterations= 4684 
[1] 44
number of iterations= 6 
number of iterations= 5127 
number of iterations= 2019 
[1] 45
number of iterations= 8 
number of iterations= 1455 
