Loading required package: mixtools
mixtools package, version 1.1.0, Released 2017-03-10
This package is based upon work supported by the National Science Foundation under Grant No. SES-0518772.

number of iterations= 6 
number of iterations= 362 
number of iterations= 361 
[1] 1
number of iterations= 4 
number of iterations= 350 
number of iterations= 337 
[1] 2
number of iterations= 7 
number of iterations= 241 
number of iterations= 195 
[1] 3
number of iterations= 3 
number of iterations= 210 
number of iterations= 229 
[1] 4
number of iterations= 5 
number of iterations= 394 
number of iterations= 384 
[1] 5
number of iterations= 3 
number of iterations= 500 
number of iterations= 364 
[1] 6
number of iterations= 4 
number of iterations= 418 
number of iterations= 388 
[1] 7
number of iterations= 6 
number of iterations= 419 
number of iterations= 413 
[1] 8
number of iterations= 6 
number of iterations= 327 
number of iterations= 297 
[1] 9
number of iterations= 8 
number of iterations= 227 
number of iterations= 247 
[1] 10
number of iterations= 7 
number of iterations= 300 
number of iterations= 313 
[1] 11
number of iterations= 5 
number of iterations= 346 
number of iterations= 341 
[1] 12
number of iterations= 3 
number of iterations= 512 
number of iterations= 477 
[1] 13
number of iterations= 7 
number of iterations= 294 
number of iterations= 280 
[1] 14
number of iterations= 5 
number of iterations= 394 
number of iterations= 489 
[1] 15
number of iterations= 5 
number of iterations= 337 
number of iterations= 423 
[1] 16
number of iterations= 3 
number of iterations= 342 
number of iterations= 328 
[1] 17
number of iterations= 4 
number of iterations= 294 
number of iterations= 286 
[1] 18
number of iterations= 5 
number of iterations= 326 
number of iterations= 313 
[1] 19
number of iterations= 5 
number of iterations= 393 
number of iterations= 419 
[1] 20
number of iterations= 5 
number of iterations= 392 
number of iterations= 407 
[1] 21
number of iterations= 7 
number of iterations= 268 
number of iterations= 249 
[1] 22
number of iterations= 5 
number of iterations= 304 
number of iterations= 272 
[1] 23
number of iterations= 3 
number of iterations= 322 
number of iterations= 373 
[1] 24
number of iterations= 3 
number of iterations= 244 
number of iterations= 161 
[1] 25
number of iterations= 4 
number of iterations= 345 
number of iterations= 308 
[1] 26
number of iterations= 21 
number of iterations= 350 
number of iterations= 320 
[1] 27
number of iterations= 4 
number of iterations= 399 
number of iterations= 388 
[1] 28
number of iterations= 5 
number of iterations= 365 
number of iterations= 370 
[1] 29
number of iterations= 4 
number of iterations= 357 
number of iterations= 278 
[1] 30
number of iterations= 9 
number of iterations= 284 
number of iterations= 247 
[1] 31
number of iterations= 6 
number of iterations= 280 
number of iterations= 392 
[1] 32
number of iterations= 4 
number of iterations= 279 
number of iterations= 299 
[1] 33
number of iterations= 20 
number of iterations= 298 
number of iterations= 284 
[1] 34
number of iterations= 5 
number of iterations= 305 
number of iterations= 203 
[1] 35
number of iterations= 3 
number of iterations= 346 
number of iterations= 231 
[1] 36
number of iterations= 2 
number of iterations= 346 
number of iterations= 188 
[1] 37
number of iterations= 5 
number of iterations= 379 
number of iterations= 219 
[1] 38
number of iterations= 7 
number of iterations= 418 
number of iterations= 337 
[1] 39
number of iterations= 71 
number of iterations= 260 
number of iterations= 232 
[1] 40
number of iterations= 8 
number of iterations= 257 
number of iterations= 184 
[1] 41
number of iterations= 5 
number of iterations= 274 
number of iterations= 223 
[1] 42
number of iterations= 4 
number of iterations= 469 
number of iterations= 462 
[1] 43
number of iterations= 16 
number of iterations= 339 
number of iterations= 296 
[1] 44
number of iterations= 3 
number of iterations= 363 
number of iterations= 336 
[1] 45
number of iterations= 3 
number of iterations= 266 
number of iterations= 257 
[1] 46
number of iterations= 4 
number of iterations= 351 
number of iterations= 332 
[1] 47
number of iterations= 8 
number of iterations= 310 
number of iterations= 300 
[1] 48
number of iterations= 2 
number of iterations= 297 
number of iterations= 258 
[1] 49
number of iterations= 5 
number of iterations= 283 
number of iterations= 256 
[1] 50
number of iterations= 9 
number of iterations= 311 
number of iterations= 345 
[1] 51
number of iterations= 2 
number of iterations= 502 
number of iterations= 488 
[1] 52
number of iterations= 3 
number of iterations= 308 
number of iterations= 30 
[1] 53
number of iterations= 3 
number of iterations= 318 
number of iterations= 291 
[1] 54
number of iterations= 8 
number of iterations= 267 
number of iterations= 307 
[1] 55
number of iterations= 3 
number of iterations= 383 
number of iterations= 326 
[1] 56
number of iterations= 7 
number of iterations= 315 
number of iterations= 243 
[1] 57
number of iterations= 9 
number of iterations= 355 
number of iterations= 322 
[1] 58
number of iterations= 5 
number of iterations= 326 
number of iterations= 343 
[1] 59
number of iterations= 2 
number of iterations= 384 
number of iterations= 291 
[1] 60
number of iterations= 4 
number of iterations= 260 
number of iterations= 243 
[1] 61
number of iterations= 3 
number of iterations= 313 
number of iterations= 293 
[1] 62
number of iterations= 4 
number of iterations= 300 
number of iterations= 277 
[1] 63
number of iterations= 7 
number of iterations= 360 
number of iterations= 269 
[1] 64
number of iterations= 5 
number of iterations= 300 
number of iterations= 289 
[1] 65
number of iterations= 2 
number of iterations= 336 
number of iterations= 322 
[1] 66
number of iterations= 7 
number of iterations= 431 
number of iterations= 412 
[1] 67
number of iterations= 3 
number of iterations= 437 
number of iterations= 346 
[1] 68
number of iterations= 4 
number of iterations= 537 
number of iterations= 527 
[1] 69
number of iterations= 4 
number of iterations= 359 
number of iterations= 303 
[1] 70
number of iterations= 6 
number of iterations= 278 
number of iterations= 261 
[1] 71
number of iterations= 11 
number of iterations= 399 
number of iterations= 365 
[1] 72
number of iterations= 5 
number of iterations= 415 
number of iterations= 372 
[1] 73
number of iterations= 6 
number of iterations= 484 
number of iterations= 441 
[1] 74
number of iterations= 7 
number of iterations= 308 
number of iterations= 540 
[1] 75
number of iterations= 3 
number of iterations= 348 
number of iterations= 326 
[1] 76
number of iterations= 4 
number of iterations= 206 
number of iterations= 102 
[1] 77
number of iterations= 3 
number of iterations= 291 
number of iterations= 216 
[1] 78
number of iterations= 2 
number of iterations= 355 
number of iterations= 424 
[1] 79
number of iterations= 3 
number of iterations= 465 
number of iterations= 437 
[1] 80
number of iterations= 6 
number of iterations= 401 
number of iterations= 175 
[1] 81
number of iterations= 6 
number of iterations= 370 
number of iterations= 364 
[1] 82
number of iterations= 14 
number of iterations= 336 
number of iterations= 543 
[1] 83
number of iterations= 2 
number of iterations= 428 
number of iterations= 419 
[1] 84
number of iterations= 6 
number of iterations= 341 
number of iterations= 419 
[1] 85
number of iterations= 5 
number of iterations= 388 
number of iterations= 468 
[1] 86
number of iterations= 5 
number of iterations= 504 
number of iterations= 604 
[1] 87
number of iterations= 2 
number of iterations= 286 
number of iterations= 299 
[1] 88
number of iterations= 4 
number of iterations= 267 
number of iterations= 251 
[1] 89
number of iterations= 4 
number of iterations= 280 
number of iterations= 314 
[1] 90
number of iterations= 14 
number of iterations= 404 
number of iterations= 395 
[1] 91
number of iterations= 4 
number of iterations= 335 
number of iterations= 316 
[1] 92
number of iterations= 4 
number of iterations= 372 
number of iterations= 540 
[1] 93
number of iterations= 3 
number of iterations= 314 
number of iterations= 303 
[1] 94
number of iterations= 6 
number of iterations= 451 
number of iterations= 489 
[1] 95
number of iterations= 4 
number of iterations= 392 
number of iterations= 458 
[1] 96
number of iterations= 3 
number of iterations= 279 
number of iterations= 136 
[1] 97
number of iterations= 13 
number of iterations= 296 
number of iterations= 316 
[1] 98
number of iterations= 2 
number of iterations= 301 
number of iterations= 292 
[1] 99
number of iterations= 4 
number of iterations= 324 
number of iterations= 291 
[1] 100
number of iterations= 3 
number of iterations= 392 
number of iterations= 379 
[1] 101
number of iterations= 2 
number of iterations= 305 
number of iterations= 275 
[1] 102
number of iterations= 11 
number of iterations= 302 
number of iterations= 271 
[1] 103
number of iterations= 3 
number of iterations= 466 
number of iterations= 259 
[1] 104
number of iterations= 5 
number of iterations= 258 
number of iterations= 254 
[1] 105
number of iterations= 4 
number of iterations= 286 
number of iterations= 162 
[1] 106
number of iterations= 4 
number of iterations= 213 
number of iterations= 145 
[1] 107
number of iterations= 4 
number of iterations= 363 
number of iterations= 346 
[1] 108
number of iterations= 3 
number of iterations= 362 
number of iterations= 345 
[1] 109
number of iterations= 7 
number of iterations= 290 
number of iterations= 304 
[1] 110
number of iterations= 3 
number of iterations= 297 
number of iterations= 284 
[1] 111
number of iterations= 3 
number of iterations= 264 
number of iterations= 334 
[1] 112
number of iterations= 3 
number of iterations= 343 
number of iterations= 323 
[1] 113
number of iterations= 12 
number of iterations= 273 
number of iterations= 215 
[1] 114
number of iterations= 5 
number of iterations= 343 
number of iterations= 399 
[1] 115
number of iterations= 3 
number of iterations= 352 
number of iterations= 365 
[1] 116
number of iterations= 7 
number of iterations= 339 
number of iterations= 270 
[1] 117
number of iterations= 5 
number of iterations= 379 
number of iterations= 346 
[1] 118
number of iterations= 4 
number of iterations= 479 
number of iterations= 463 
[1] 119
number of iterations= 49 
number of iterations= 361 
number of iterations= 377 
[1] 120
number of iterations= 3 
number of iterations= 248 
number of iterations= 268 
[1] 121
number of iterations= 6 
number of iterations= 322 
number of iterations= 197 
[1] 122
number of iterations= 3 
number of iterations= 290 
number of iterations= 273 
[1] 123
number of iterations= 5 
number of iterations= 372 
number of iterations= 368 
[1] 124
number of iterations= 3 
number of iterations= 371 
number of iterations= 364 
[1] 125
number of iterations= 5 
number of iterations= 368 
number of iterations= 263 
[1] 126
number of iterations= 2 
number of iterations= 358 
number of iterations= 350 
[1] 127
number of iterations= 5 
number of iterations= 296 
number of iterations= 363 
[1] 128
number of iterations= 4 
number of iterations= 306 
number of iterations= 303 
[1] 129
number of iterations= 4 
number of iterations= 330 
number of iterations= 297 
[1] 130
number of iterations= 4 
number of iterations= 326 
number of iterations= 260 
[1] 131
number of iterations= 5 
number of iterations= 327 
number of iterations= 278 
[1] 132
number of iterations= 9 
number of iterations= 419 
number of iterations= 450 
[1] 133
number of iterations= 2 
number of iterations= 298 
number of iterations= 307 
[1] 134
number of iterations= 2 
number of iterations= 295 
number of iterations= 287 
[1] 135
number of iterations= 6 
number of iterations= 315 
number of iterations= 332 
[1] 136
number of iterations= 4 
number of iterations= 441 
number of iterations= 429 
[1] 137
number of iterations= 5 
number of iterations= 315 
number of iterations= 295 
[1] 138
number of iterations= 6 
number of iterations= 428 
number of iterations= 393 
[1] 139
number of iterations= 4 
number of iterations= 344 
number of iterations= 363 
[1] 140
number of iterations= 3 
number of iterations= 393 
number of iterations= 430 
[1] 141
number of iterations= 2 
number of iterations= 307 
number of iterations= 301 
[1] 142
number of iterations= 5 
number of iterations= 365 
number of iterations= 368 
[1] 143
number of iterations= 29 
number of iterations= 385 
number of iterations= 369 
[1] 144
number of iterations= 9 
number of iterations= 388 
number of iterations= 424 
[1] 145
number of iterations= 12 
number of iterations= 311 
number of iterations= 372 
[1] 146
number of iterations= 2 
number of iterations= 232 
number of iterations= 205 
[1] 147
number of iterations= 4 
number of iterations= 274 
number of iterations= 550 
[1] 148
number of iterations= 5 
number of iterations= 384 
number of iterations= 228 
[1] 149
number of iterations= 2 
number of iterations= 318 
number of iterations= 310 
[1] 150
number of iterations= 5 
number of iterations= 420 
number of iterations= 496 
[1] 151
number of iterations= 4 
number of iterations= 413 
number of iterations= 371 
[1] 152
number of iterations= 5 
number of iterations= 230 
number of iterations= 165 
[1] 153
number of iterations= 4 
number of iterations= 393 
number of iterations= 422 
[1] 154
number of iterations= 3 
number of iterations= 384 
number of iterations= 337 
[1] 155
number of iterations= 4 
number of iterations= 366 
number of iterations= 203 
[1] 156
number of iterations= 4 
number of iterations= 303 
number of iterations= 286 
[1] 157
number of iterations= 4 
number of iterations= 285 
number of iterations= 253 
[1] 158
number of iterations= 2 
number of iterations= 334 
number of iterations= 326 
[1] 159
number of iterations= 6 
number of iterations= 329 
number of iterations= 276 
[1] 160
number of iterations= 6 
number of iterations= 327 
number of iterations= 314 
[1] 161
number of iterations= 4 
number of iterations= 303 
number of iterations= 593 
[1] 162
number of iterations= 2 
number of iterations= 362 
number of iterations= 349 
[1] 163
number of iterations= 3 
number of iterations= 368 
slurmstepd: error: *** JOB 7286 ON compute-0-2 CANCELLED AT 2017-05-12T10:49:45 DUE TO TIME LIMIT ***
