Loading required package: mixtools
mixtools package, version 1.1.0, Released 2017-03-10
This package is based upon work supported by the National Science Foundation under Grant No. SES-0518772.

number of iterations= 18 
number of iterations= 56 
number of iterations= 58 
[1] 1
number of iterations= 9 
number of iterations= 2056 
number of iterations= 55 
[1] 2
number of iterations= 11 
number of iterations= 1424 
number of iterations= 58 
[1] 3
number of iterations= 7 
number of iterations= 62 
number of iterations= 2638 
[1] 4
number of iterations= 7 
number of iterations= 59 
number of iterations= 59 
[1] 5
number of iterations= 12 
number of iterations= 65 
number of iterations= 68 
[1] 6
number of iterations= 11 
number of iterations= 61 
number of iterations= 1698 
[1] 7
number of iterations= 6 
number of iterations= 60 
number of iterations= 2269 
[1] 8
number of iterations= 6 
number of iterations= 4169 
number of iterations= 36 
[1] 9
number of iterations= 8 
number of iterations= 66 
number of iterations= 3281 
[1] 10
number of iterations= 4 
number of iterations= 62 
number of iterations= 60 
[1] 11
number of iterations= 11 
number of iterations= 69 
number of iterations= 2453 
[1] 12
number of iterations= 12 
number of iterations= 40 
number of iterations= 65 
[1] 13
number of iterations= 29 
number of iterations= 142 
number of iterations= 135 
[1] 14
number of iterations= 10 
number of iterations= 57 
number of iterations= 2400 
[1] 15
number of iterations= 14 
number of iterations= 64 
number of iterations= 2677 
[1] 16
number of iterations= 4 
number of iterations= 56 
number of iterations= 78 
[1] 17
number of iterations= 5 
number of iterations= 1767 
number of iterations= 61 
[1] 18
number of iterations= 8 
number of iterations= 61 
number of iterations= 58 
[1] 19
number of iterations= 10 
number of iterations= 61 
number of iterations= 114 
[1] 20
number of iterations= 20 
number of iterations= 61 
number of iterations= 3559 
[1] 21
number of iterations= 15 
number of iterations= 68 
number of iterations= 1889 
[1] 22
number of iterations= 31 
number of iterations= 46 
number of iterations= 1760 
[1] 23
number of iterations= 9 
number of iterations= 61 
number of iterations= 62 
[1] 24
number of iterations= 17 
number of iterations= 60 
number of iterations= 54 
[1] 25
number of iterations= 26 
number of iterations= 59 
number of iterations= 2227 
[1] 26
number of iterations= 19 
number of iterations= 1206 
number of iterations= 62 
[1] 27
number of iterations= 19 
number of iterations= 68 
number of iterations= 52 
[1] 28
number of iterations= 13 
number of iterations= 74 
number of iterations= 86 
[1] 29
number of iterations= 7 
number of iterations= 2805 
number of iterations= 60 
[1] 30
number of iterations= 6 
number of iterations= 1336 
number of iterations= 67 
[1] 31
number of iterations= 4 
number of iterations= 59 
number of iterations= 59 
[1] 32
number of iterations= 16 
number of iterations= 63 
number of iterations= 63 
[1] 33
number of iterations= 11 
number of iterations= 1987 
number of iterations= 1717 
[1] 34
number of iterations= 7 
number of iterations= 61 
number of iterations= 101 
[1] 35
number of iterations= 6 
number of iterations= 59 
number of iterations= 1600 
[1] 36
number of iterations= 5 
number of iterations= 62 
number of iterations= 80 
[1] 37
number of iterations= 8 
number of iterations= 65 
number of iterations= 2965 
[1] 38
number of iterations= 23 
number of iterations= 63 
number of iterations= 2503 
[1] 39
number of iterations= 15 
number of iterations= 61 
number of iterations= 2837 
[1] 40
number of iterations= 12 
number of iterations= 68 
number of iterations= 3869 
[1] 41
number of iterations= 8 
number of iterations= 59 
number of iterations= 69 
[1] 42
number of iterations= 13 
number of iterations= 79 
number of iterations= 3423 
[1] 43
number of iterations= 12 
number of iterations= 54 
number of iterations= 76 
[1] 44
number of iterations= 14 
number of iterations= 74 
number of iterations= 1742 
[1] 45
number of iterations= 9 
number of iterations= 1872 
number of iterations= 59 
[1] 46
number of iterations= 5 
number of iterations= 59 
number of iterations= 50 
[1] 47
number of iterations= 5 
number of iterations= 64 
number of iterations= 1551 
[1] 48
number of iterations= 9 
number of iterations= 2537 
number of iterations= 75 
[1] 49
number of iterations= 12 
number of iterations= 75 
number of iterations= 68 
[1] 50
number of iterations= 16 
number of iterations= 86 
number of iterations= 76 
[1] 51
number of iterations= 6 
number of iterations= 74 
number of iterations= 62 
[1] 52
number of iterations= 12 
number of iterations= 905 
number of iterations= 70 
[1] 53
number of iterations= 13 
number of iterations= 70 
number of iterations= 65 
[1] 54
number of iterations= 8 
number of iterations= 59 
number of iterations= 2883 
[1] 55
number of iterations= 15 
number of iterations= 66 
number of iterations= 61 
[1] 56
number of iterations= 14 
number of iterations= 1631 
number of iterations= 2361 
[1] 57
number of iterations= 7 
number of iterations= 57 
number of iterations= 66 
[1] 58
number of iterations= 10 
number of iterations= 59 
number of iterations= 2810 
[1] 59
number of iterations= 17 
number of iterations= 78 
number of iterations= 2056 
[1] 60
number of iterations= 8 
number of iterations= 61 
number of iterations= 46 
[1] 61
number of iterations= 7 
number of iterations= 1611 
number of iterations= 1980 
[1] 62
number of iterations= 11 
number of iterations= 65 
number of iterations= 66 
[1] 63
number of iterations= 8 
number of iterations= 62 
number of iterations= 1790 
[1] 64
number of iterations= 6 
number of iterations= 61 
number of iterations= 2130 
[1] 65
number of iterations= 13 
number of iterations= 54 
number of iterations= 62 
[1] 66
number of iterations= 7 
number of iterations= 60 
number of iterations= 53 
[1] 67
number of iterations= 28 
number of iterations= 837 
number of iterations= 48 
[1] 68
number of iterations= 14 
number of iterations= 4316 
number of iterations= 38 
[1] 69
number of iterations= 8 
number of iterations= 59 
number of iterations= 71 
[1] 70
number of iterations= 7 
number of iterations= 1360 
number of iterations= 77 
[1] 71
number of iterations= 5 
number of iterations= 57 
number of iterations= 59 
[1] 72
number of iterations= 10 
number of iterations= 1245 
number of iterations= 71 
[1] 73
number of iterations= 5 
number of iterations= 59 
number of iterations= 43 
[1] 74
number of iterations= 24 
number of iterations= 62 
number of iterations= 83 
[1] 75
number of iterations= 8 
number of iterations= 60 
number of iterations= 34 
[1] 76
number of iterations= 12 
number of iterations= 1176 
number of iterations= 2148 
[1] 77
number of iterations= 7 
number of iterations= 59 
number of iterations= 3245 
[1] 78
number of iterations= 11 
number of iterations= 979 
number of iterations= 74 
[1] 79
number of iterations= 9 
number of iterations= 61 
number of iterations= 1565 
[1] 80
number of iterations= 22 
number of iterations= 2730 
number of iterations= 5126 
[1] 81
number of iterations= 14 
number of iterations= 62 
number of iterations= 80 
[1] 82
number of iterations= 6 
number of iterations= 59 
number of iterations= 64 
[1] 83
number of iterations= 3 
number of iterations= 61 
number of iterations= 63 
[1] 84
number of iterations= 9 
number of iterations= 67 
number of iterations= 48 
[1] 85
number of iterations= 19 
number of iterations= 71 
slurmstepd: error: *** JOB 7305 ON compute-0-2 CANCELLED AT 2017-05-12T11:17:15 DUE TO TIME LIMIT ***
