Loading required package: mixtools
mixtools package, version 1.1.0, Released 2017-03-10
This package is based upon work supported by the National Science Foundation under Grant No. SES-0518772.

number of iterations= 216 
number of iterations= 254 
number of iterations= 1006 
[1] 1
number of iterations= 100 
number of iterations= 286 
number of iterations= 712 
[1] 2
number of iterations= 665 
number of iterations= 1954 
number of iterations= 1485 
[1] 3
number of iterations= 59 
number of iterations= 548 
number of iterations= 453 
[1] 4
number of iterations= 355 
number of iterations= 483 
number of iterations= 439 
[1] 5
number of iterations= 59 
number of iterations= 7491 
number of iterations= 7969 
[1] 6
number of iterations= 40 
WARNING! NOT CONVERGENT! 
number of iterations= 10000 
number of iterations= 539 
[1] 7
number of iterations= 56 
number of iterations= 607 
number of iterations= 1955 
[1] 8
number of iterations= 227 
number of iterations= 1997 
number of iterations= 734 
[1] 9
number of iterations= 1845 
number of iterations= 1647 
number of iterations= 1820 
[1] 10
number of iterations= 153 
number of iterations= 579 
number of iterations= 229 
[1] 11
number of iterations= 28 
number of iterations= 216 
number of iterations= 181 
[1] 12
number of iterations= 488 
number of iterations= 429 
number of iterations= 377 
[1] 13
number of iterations= 459 
number of iterations= 420 
number of iterations= 1100 
[1] 14
number of iterations= 142 
number of iterations= 921 
number of iterations= 731 
[1] 15
number of iterations= 348 
number of iterations= 289 
number of iterations= 195 
[1] 16
number of iterations= 694 
number of iterations= 1845 
number of iterations= 1649 
[1] 17
number of iterations= 153 
number of iterations= 1023 
number of iterations= 870 
[1] 18
number of iterations= 243 
number of iterations= 318 
number of iterations= 172 
[1] 19
number of iterations= 116 
number of iterations= 377 
WARNING! NOT CONVERGENT! 
number of iterations= 10000 
[1] 20
number of iterations= 269 
number of iterations= 647 
number of iterations= 188 
[1] 21
number of iterations= 839 
number of iterations= 289 
number of iterations= 353 
[1] 22
number of iterations= 112 
number of iterations= 386 
slurmstepd: error: *** JOB 7297 ON compute-0-2 CANCELLED AT 2017-05-12T11:06:15 DUE TO TIME LIMIT ***
