Loading required package: mixtools
mixtools package, version 1.1.0, Released 2017-03-10
This package is based upon work supported by the National Science Foundation under Grant No. SES-0518772.

number of iterations= 29 
number of iterations= 163 
number of iterations= 222 
[1] 1
number of iterations= 16 
number of iterations= 216 
number of iterations= 18 
[1] 2
number of iterations= 14 
number of iterations= 240 
number of iterations= 274 
[1] 3
number of iterations= 13 
number of iterations= 175 
number of iterations= 220 
[1] 4
number of iterations= 20 
number of iterations= 178 
number of iterations= 174 
[1] 5
number of iterations= 12 
number of iterations= 207 
number of iterations= 182 
[1] 6
number of iterations= 20 
number of iterations= 171 
number of iterations= 247 
[1] 7
number of iterations= 11 
number of iterations= 202 
number of iterations= 135 
[1] 8
number of iterations= 14 
number of iterations= 211 
number of iterations= 150 
[1] 9
number of iterations= 14 
number of iterations= 174 
number of iterations= 166 
[1] 10
number of iterations= 12 
number of iterations= 186 
number of iterations= 154 
[1] 11
number of iterations= 11 
number of iterations= 184 
number of iterations= 183 
[1] 12
number of iterations= 27 
number of iterations= 192 
number of iterations= 133 
[1] 13
number of iterations= 20 
number of iterations= 183 
number of iterations= 88 
[1] 14
number of iterations= 21 
number of iterations= 213 
number of iterations= 196 
[1] 15
number of iterations= 25 
number of iterations= 217 
number of iterations= 207 
[1] 16
number of iterations= 18 
number of iterations= 195 
number of iterations= 230 
[1] 17
number of iterations= 22 
number of iterations= 212 
number of iterations= 193 
[1] 18
number of iterations= 15 
number of iterations= 213 
number of iterations= 146 
[1] 19
number of iterations= 20 
number of iterations= 207 
number of iterations= 147 
[1] 20
number of iterations= 10 
number of iterations= 216 
number of iterations= 171 
[1] 21
number of iterations= 22 
number of iterations= 199 
number of iterations= 192 
[1] 22
number of iterations= 18 
number of iterations= 234 
number of iterations= 250 
[1] 23
number of iterations= 62 
number of iterations= 178 
number of iterations= 139 
[1] 24
number of iterations= 122 
number of iterations= 218 
number of iterations= 200 
[1] 25
number of iterations= 39 
number of iterations= 196 
number of iterations= 203 
[1] 26
number of iterations= 15 
number of iterations= 208 
number of iterations= 193 
[1] 27
number of iterations= 21 
number of iterations= 190 
number of iterations= 181 
[1] 28
number of iterations= 27 
number of iterations= 191 
number of iterations= 224 
[1] 29
number of iterations= 11 
number of iterations= 221 
number of iterations= 141 
[1] 30
number of iterations= 9 
number of iterations= 175 
number of iterations= 216 
[1] 31
number of iterations= 9 
number of iterations= 191 
number of iterations= 129 
[1] 32
number of iterations= 16 
number of iterations= 232 
number of iterations= 246 
[1] 33
number of iterations= 22 
number of iterations= 173 
number of iterations= 143 
[1] 34
number of iterations= 18 
number of iterations= 262 
number of iterations= 220 
[1] 35
number of iterations= 11 
number of iterations= 177 
number of iterations= 175 
[1] 36
number of iterations= 13 
number of iterations= 205 
number of iterations= 197 
[1] 37
number of iterations= 33 
number of iterations= 173 
number of iterations= 162 
[1] 38
number of iterations= 12 
number of iterations= 197 
number of iterations= 300 
[1] 39
number of iterations= 33 
number of iterations= 206 
number of iterations= 61 
[1] 40
number of iterations= 19 
number of iterations= 187 
number of iterations= 132 
[1] 41
number of iterations= 10 
number of iterations= 163 
number of iterations= 178 
[1] 42
number of iterations= 32 
number of iterations= 190 
number of iterations= 300 
[1] 43
number of iterations= 15 
number of iterations= 196 
number of iterations= 181 
[1] 44
number of iterations= 22 
number of iterations= 213 
number of iterations= 263 
[1] 45
number of iterations= 33 
number of iterations= 208 
number of iterations= 209 
[1] 46
number of iterations= 13 
number of iterations= 171 
number of iterations= 178 
[1] 47
number of iterations= 30 
number of iterations= 194 
number of iterations= 193 
[1] 48
number of iterations= 10 
number of iterations= 232 
number of iterations= 195 
[1] 49
number of iterations= 14 
number of iterations= 210 
number of iterations= 203 
[1] 50
number of iterations= 19 
number of iterations= 216 
number of iterations= 190 
[1] 51
number of iterations= 16 
number of iterations= 198 
number of iterations= 126 
[1] 52
number of iterations= 30 
number of iterations= 229 
number of iterations= 161 
[1] 53
number of iterations= 6 
number of iterations= 191 
number of iterations= 179 
[1] 54
number of iterations= 15 
number of iterations= 196 
number of iterations= 226 
[1] 55
number of iterations= 13 
number of iterations= 234 
number of iterations= 220 
[1] 56
number of iterations= 8 
number of iterations= 185 
number of iterations= 186 
[1] 57
number of iterations= 13 
number of iterations= 163 
number of iterations= 57 
[1] 58
number of iterations= 20 
number of iterations= 205 
number of iterations= 201 
[1] 59
number of iterations= 24 
number of iterations= 188 
number of iterations= 329 
[1] 60
number of iterations= 15 
number of iterations= 180 
number of iterations= 169 
[1] 61
number of iterations= 19 
number of iterations= 193 
number of iterations= 184 
[1] 62
number of iterations= 14 
number of iterations= 201 
number of iterations= 137 
[1] 63
number of iterations= 19 
number of iterations= 170 
number of iterations= 129 
[1] 64
number of iterations= 13 
number of iterations= 209 
number of iterations= 187 
[1] 65
number of iterations= 13 
number of iterations= 169 
number of iterations= 161 
[1] 66
number of iterations= 9 
number of iterations= 295 
number of iterations= 174 
[1] 67
number of iterations= 18 
number of iterations= 184 
number of iterations= 199 
[1] 68
number of iterations= 23 
number of iterations= 238 
number of iterations= 352 
[1] 69
number of iterations= 14 
number of iterations= 205 
number of iterations= 226 
[1] 70
number of iterations= 15 
number of iterations= 173 
number of iterations= 162 
[1] 71
number of iterations= 22 
number of iterations= 198 
number of iterations= 195 
[1] 72
number of iterations= 5 
number of iterations= 214 
number of iterations= 203 
[1] 73
number of iterations= 20 
number of iterations= 228 
number of iterations= 159 
[1] 74
number of iterations= 21 
number of iterations= 236 
number of iterations= 244 
[1] 75
number of iterations= 23 
number of iterations= 182 
number of iterations= 127 
[1] 76
number of iterations= 12 
number of iterations= 247 
number of iterations= 205 
[1] 77
number of iterations= 16 
number of iterations= 169 
number of iterations= 140 
[1] 78
number of iterations= 34 
number of iterations= 237 
number of iterations= 246 
[1] 79
number of iterations= 16 
number of iterations= 220 
number of iterations= 201 
[1] 80
number of iterations= 24 
number of iterations= 191 
number of iterations= 199 
[1] 81
number of iterations= 20 
number of iterations= 249 
number of iterations= 215 
[1] 82
number of iterations= 12 
number of iterations= 211 
number of iterations= 194 
[1] 83
number of iterations= 21 
number of iterations= 190 
number of iterations= 162 
[1] 84
number of iterations= 18 
number of iterations= 192 
number of iterations= 166 
[1] 85
number of iterations= 13 
number of iterations= 181 
number of iterations= 237 
[1] 86
number of iterations= 23 
number of iterations= 199 
number of iterations= 119 
[1] 87
number of iterations= 16 
number of iterations= 238 
slurmstepd: error: *** JOB 7281 ON compute-0-2 CANCELLED AT 2017-05-12T10:44:15 DUE TO TIME LIMIT ***
