Loading required package: mixtools
mixtools package, version 1.1.0, Released 2017-03-10
This package is based upon work supported by the National Science Foundation under Grant No. SES-0518772.

number of iterations= 7 
number of iterations= 1602 
number of iterations= 2589 
[1] 1
number of iterations= 10 
number of iterations= 65 
number of iterations= 2891 
[1] 2
number of iterations= 10 
number of iterations= 4463 
number of iterations= 2469 
[1] 3
number of iterations= 8 
number of iterations= 1848 
number of iterations= 1857 
[1] 4
number of iterations= 10 
number of iterations= 2457 
number of iterations= 1574 
[1] 5
number of iterations= 7 
number of iterations= 1705 
number of iterations= 2483 
[1] 6
number of iterations= 7 
number of iterations= 66 
number of iterations= 1805 
[1] 7
number of iterations= 9 
number of iterations= 1621 
