Loading required package: mixtools
mixtools package, version 1.1.0, Released 2017-03-10
This package is based upon work supported by the National Science Foundation under Grant No. SES-0518772.

number of iterations= 1047 
number of iterations= 182 
number of iterations= 901 
[1] 1
number of iterations= 70 
number of iterations= 458 
number of iterations= 433 
[1] 2
number of iterations= 104 
number of iterations= 170 
number of iterations= 146 
[1] 3
number of iterations= 639 
number of iterations= 435 
number of iterations= 5007 
[1] 4
number of iterations= 594 
number of iterations= 722 
number of iterations= 1194 
[1] 5
number of iterations= 1356 
number of iterations= 1907 
number of iterations= 8966 
[1] 6
number of iterations= 526 
number of iterations= 783 
number of iterations= 315 
[1] 7
number of iterations= 499 
number of iterations= 2475 
number of iterations= 2407 
[1] 8
number of iterations= 195 
number of iterations= 491 
number of iterations= 115 
[1] 9
number of iterations= 206 
number of iterations= 606 
number of iterations= 2292 
[1] 10
number of iterations= 106 
number of iterations= 721 
slurmstepd: error: *** JOB 7294 ON compute-0-2 CANCELLED AT 2017-05-12T11:00:45 DUE TO TIME LIMIT ***
