Loading required package: mixtools
mixtools package, version 1.1.0, Released 2017-03-10
This package is based upon work supported by the National Science Foundation under Grant No. SES-0518772.

number of iterations= 305 
number of iterations= 806 
number of iterations= 101 
[1] 1
number of iterations= 46 
number of iterations= 858 
number of iterations= 875 
[1] 2
number of iterations= 100 
number of iterations= 190 
number of iterations= 607 
[1] 3
number of iterations= 713 
number of iterations= 2230 
number of iterations= 1047 
[1] 4
number of iterations= 234 
number of iterations= 39 
number of iterations= 1367 
[1] 5
number of iterations= 480 
number of iterations= 56 
number of iterations= 1439 
[1] 6
number of iterations= 494 
number of iterations= 605 
number of iterations= 7069 
[1] 7
number of iterations= 136 
number of iterations= 549 
number of iterations= 399 
[1] 8
number of iterations= 77 
number of iterations= 888 
number of iterations= 311 
[1] 9
number of iterations= 219 
number of iterations= 457 
number of iterations= 464 
[1] 10
number of iterations= 1213 
number of iterations= 289 
number of iterations= 1302 
[1] 11
number of iterations= 252 
number of iterations= 257 
number of iterations= 526 
[1] 12
number of iterations= 707 
number of iterations= 2702 
number of iterations= 2771 
[1] 13
number of iterations= 110 
number of iterations= 1097 
number of iterations= 463 
[1] 14
number of iterations= 163 
number of iterations= 697 
number of iterations= 1169 
[1] 15
number of iterations= 407 
number of iterations= 462 
number of iterations= 1311 
[1] 16
number of iterations= 387 
number of iterations= 1865 
number of iterations= 764 
[1] 17
number of iterations= 182 
number of iterations= 1669 
number of iterations= 456 
[1] 18
number of iterations= 160 
number of iterations= 657 
number of iterations= 1294 
[1] 19
number of iterations= 113 
number of iterations= 209 
number of iterations= 2210 
[1] 20
number of iterations= 1150 
number of iterations= 177 
number of iterations= 1131 
[1] 21
number of iterations= 146 
number of iterations= 2491 
number of iterations= 425 
[1] 22
number of iterations= 568 
number of iterations= 416 
number of iterations= 1695 
[1] 23
number of iterations= 100 
number of iterations= 1388 
number of iterations= 630 
[1] 24
number of iterations= 97 
number of iterations= 203 
number of iterations= 1333 
[1] 25
number of iterations= 165 
number of iterations= 262 
number of iterations= 65 
[1] 26
number of iterations= 263 
number of iterations= 436 
number of iterations= 371 
[1] 27
number of iterations= 620 
number of iterations= 1193 
number of iterations= 955 
[1] 28
number of iterations= 230 
number of iterations= 2461 
number of iterations= 2978 
[1] 29
number of iterations= 60 
number of iterations= 157 
number of iterations= 332 
[1] 30
number of iterations= 51 
number of iterations= 977 
number of iterations= 759 
[1] 31
number of iterations= 26 
number of iterations= 49 
number of iterations= 499 
[1] 32
number of iterations= 237 
slurmstepd: error: *** JOB 7284 ON compute-0-2 CANCELLED AT 2017-05-12T10:49:45 DUE TO TIME LIMIT ***
