Loading required package: mixtools
mixtools package, version 1.1.0, Released 2017-03-10
This package is based upon work supported by the National Science Foundation under Grant No. SES-0518772.

number of iterations= 10 
number of iterations= 3507 
number of iterations= 48 
[1] 1
number of iterations= 11 
number of iterations= 2601 
number of iterations= 1074 
[1] 2
number of iterations= 9 
number of iterations= 851 
number of iterations= 458 
[1] 3
number of iterations= 16 
number of iterations= 937 
number of iterations= 714 
[1] 4
number of iterations= 16 
number of iterations= 2621 
number of iterations= 1115 
[1] 5
number of iterations= 11 
number of iterations= 4512 
number of iterations= 786 
[1] 6
number of iterations= 12 
number of iterations= 3516 
number of iterations= 898 
[1] 7
number of iterations= 20 
number of iterations= 513 
number of iterations= 35 
[1] 8
number of iterations= 12 
number of iterations= 1779 
number of iterations= 16 
[1] 9
number of iterations= 9 
number of iterations= 897 
number of iterations= 996 
[1] 10
number of iterations= 6 
number of iterations= 5081 
number of iterations= 42 
[1] 11
number of iterations= 12 
number of iterations= 39 
number of iterations= 585 
[1] 12
number of iterations= 21 
number of iterations= 1116 
number of iterations= 1767 
[1] 13
number of iterations= 8 
number of iterations= 992 
number of iterations= 561 
[1] 14
number of iterations= 7 
number of iterations= 1256 
number of iterations= 690 
[1] 15
number of iterations= 13 
number of iterations= 1084 
number of iterations= 864 
[1] 16
number of iterations= 9 
number of iterations= 580 
number of iterations= 688 
[1] 17
number of iterations= 9 
number of iterations= 1456 
number of iterations= 866 
[1] 18
number of iterations= 10 
number of iterations= 1036 
number of iterations= 656 
[1] 19
number of iterations= 8 
number of iterations= 1796 
number of iterations= 605 
[1] 20
number of iterations= 10 
number of iterations= 34 
number of iterations= 630 
[1] 21
number of iterations= 10 
number of iterations= 967 
number of iterations= 262 
[1] 22
number of iterations= 14 
number of iterations= 1816 
number of iterations= 898 
[1] 23
number of iterations= 10 
number of iterations= 1097 
number of iterations= 40 
[1] 24
number of iterations= 6 
number of iterations= 542 
number of iterations= 636 
[1] 25
number of iterations= 16 
number of iterations= 1011 
number of iterations= 51 
[1] 26
number of iterations= 11 
number of iterations= 1885 
number of iterations= 146 
[1] 27
number of iterations= 23 
number of iterations= 52 
number of iterations= 54 
[1] 28
number of iterations= 21 
number of iterations= 819 
number of iterations= 1001 
[1] 29
number of iterations= 13 
number of iterations= 1742 
number of iterations= 490 
[1] 30
number of iterations= 22 
number of iterations= 721 
number of iterations= 1261 
[1] 31
number of iterations= 15 
number of iterations= 40 
number of iterations= 51 
[1] 32
number of iterations= 12 
number of iterations= 37 
number of iterations= 732 
[1] 33
number of iterations= 20 
number of iterations= 83 
number of iterations= 644 
[1] 34
number of iterations= 17 
number of iterations= 41 
slurmstepd: error: *** JOB 7303 ON compute-0-2 CANCELLED AT 2017-05-12T11:13:15 DUE TO TIME LIMIT ***
