Loading required package: mixtools
mixtools package, version 1.1.0, Released 2017-03-10
This package is based upon work supported by the National Science Foundation under Grant No. SES-0518772.

number of iterations= 6 
number of iterations= 334 
number of iterations= 242 
[1] 1
number of iterations= 5 
number of iterations= 384 
number of iterations= 380 
[1] 2
number of iterations= 11 
number of iterations= 446 
number of iterations= 431 
[1] 3
number of iterations= 9 
number of iterations= 390 
number of iterations= 575 
[1] 4
number of iterations= 3 
number of iterations= 415 
number of iterations= 582 
[1] 5
number of iterations= 7 
number of iterations= 398 
number of iterations= 388 
[1] 6
number of iterations= 5 
number of iterations= 310 
number of iterations= 350 
[1] 7
number of iterations= 5 
number of iterations= 350 
number of iterations= 342 
[1] 8
number of iterations= 6 
number of iterations= 440 
number of iterations= 584 
[1] 9
number of iterations= 9 
number of iterations= 366 
number of iterations= 600 
[1] 10
number of iterations= 4 
number of iterations= 402 
number of iterations= 382 
[1] 11
number of iterations= 7 
number of iterations= 365 
number of iterations= 636 
[1] 12
number of iterations= 6 
number of iterations= 352 
number of iterations= 534 
[1] 13
number of iterations= 4 
number of iterations= 318 
number of iterations= 307 
[1] 14
number of iterations= 5 
number of iterations= 361 
number of iterations= 306 
[1] 15
number of iterations= 7 
number of iterations= 403 
number of iterations= 428 
[1] 16
number of iterations= 8 
number of iterations= 480 
number of iterations= 483 
[1] 17
number of iterations= 8 
number of iterations= 396 
number of iterations= 380 
[1] 18
number of iterations= 9 
number of iterations= 361 
number of iterations= 390 
[1] 19
number of iterations= 4 
number of iterations= 343 
number of iterations= 349 
[1] 20
number of iterations= 4 
number of iterations= 445 
number of iterations= 409 
[1] 21
number of iterations= 8 
number of iterations= 359 
number of iterations= 316 
[1] 22
number of iterations= 8 
number of iterations= 330 
number of iterations= 308 
[1] 23
number of iterations= 11 
number of iterations= 378 
number of iterations= 341 
[1] 24
number of iterations= 7 
number of iterations= 383 
number of iterations= 375 
[1] 25
number of iterations= 8 
number of iterations= 391 
number of iterations= 285 
[1] 26
number of iterations= 9 
number of iterations= 382 
number of iterations= 434 
[1] 27
number of iterations= 13 
number of iterations= 383 
number of iterations= 353 
[1] 28
number of iterations= 7 
number of iterations= 414 
number of iterations= 421 
[1] 29
number of iterations= 10 
number of iterations= 334 
number of iterations= 324 
[1] 30
number of iterations= 5 
number of iterations= 310 
number of iterations= 272 
[1] 31
number of iterations= 10 
number of iterations= 372 
number of iterations= 407 
[1] 32
number of iterations= 8 
number of iterations= 408 
number of iterations= 405 
[1] 33
number of iterations= 4 
number of iterations= 371 
number of iterations= 579 
[1] 34
number of iterations= 3 
number of iterations= 407 
number of iterations= 445 
[1] 35
number of iterations= 10 
number of iterations= 383 
number of iterations= 590 
[1] 36
number of iterations= 10 
number of iterations= 423 
number of iterations= 484 
[1] 37
number of iterations= 10 
number of iterations= 379 
number of iterations= 468 
[1] 38
number of iterations= 9 
number of iterations= 316 
number of iterations= 709 
[1] 39
number of iterations= 7 
number of iterations= 333 
number of iterations= 443 
[1] 40
number of iterations= 7 
number of iterations= 400 
number of iterations= 343 
[1] 41
number of iterations= 7 
number of iterations= 382 
number of iterations= 390 
[1] 42
number of iterations= 10 
number of iterations= 335 
number of iterations= 449 
[1] 43
number of iterations= 8 
number of iterations= 359 
number of iterations= 315 
[1] 44
number of iterations= 6 
number of iterations= 335 
number of iterations= 536 
[1] 45
number of iterations= 7 
number of iterations= 347 
number of iterations= 372 
[1] 46
number of iterations= 8 
number of iterations= 403 
number of iterations= 512 
[1] 47
number of iterations= 3 
number of iterations= 403 
number of iterations= 546 
[1] 48
number of iterations= 7 
number of iterations= 375 
number of iterations= 245 
[1] 49
number of iterations= 9 
number of iterations= 361 
number of iterations= 205 
[1] 50
number of iterations= 10 
number of iterations= 380 
number of iterations= 449 
[1] 51
number of iterations= 6 
number of iterations= 338 
number of iterations= 336 
[1] 52
number of iterations= 10 
number of iterations= 392 
number of iterations= 433 
[1] 53
number of iterations= 4 
number of iterations= 392 
number of iterations= 396 
[1] 54
number of iterations= 6 
number of iterations= 386 
number of iterations= 734 
[1] 55
number of iterations= 6 
number of iterations= 410 
number of iterations= 322 
[1] 56
number of iterations= 5 
number of iterations= 390 
number of iterations= 501 
[1] 57
number of iterations= 8 
number of iterations= 370 
number of iterations= 376 
[1] 58
number of iterations= 6 
number of iterations= 331 
number of iterations= 314 
[1] 59
number of iterations= 4 
number of iterations= 395 
number of iterations= 362 
[1] 60
number of iterations= 9 
number of iterations= 385 
number of iterations= 326 
[1] 61
number of iterations= 6 
number of iterations= 436 
number of iterations= 666 
[1] 62
number of iterations= 9 
number of iterations= 390 
number of iterations= 326 
[1] 63
number of iterations= 7 
number of iterations= 361 
number of iterations= 326 
[1] 64
number of iterations= 8 
number of iterations= 395 
number of iterations= 482 
[1] 65
number of iterations= 7 
number of iterations= 320 
number of iterations= 415 
[1] 66
number of iterations= 8 
number of iterations= 363 
number of iterations= 382 
[1] 67
number of iterations= 4 
number of iterations= 344 
number of iterations= 354 
[1] 68
number of iterations= 11 
number of iterations= 315 
number of iterations= 298 
[1] 69
number of iterations= 10 
number of iterations= 394 
number of iterations= 396 
[1] 70
number of iterations= 4 
number of iterations= 416 
number of iterations= 385 
[1] 71
number of iterations= 4 
number of iterations= 374 
number of iterations= 393 
[1] 72
number of iterations= 13 
number of iterations= 432 
number of iterations= 547 
[1] 73
number of iterations= 8 
number of iterations= 309 
number of iterations= 273 
[1] 74
number of iterations= 10 
number of iterations= 326 
number of iterations= 301 
[1] 75
number of iterations= 3 
number of iterations= 375 
number of iterations= 516 
[1] 76
number of iterations= 11 
number of iterations= 328 
number of iterations= 365 
[1] 77
number of iterations= 7 
number of iterations= 418 
number of iterations= 403 
[1] 78
number of iterations= 9 
number of iterations= 377 
number of iterations= 385 
[1] 79
number of iterations= 6 
number of iterations= 395 
number of iterations= 480 
[1] 80
number of iterations= 4 
number of iterations= 377 
number of iterations= 373 
[1] 81
number of iterations= 10 
number of iterations= 359 
number of iterations= 464 
[1] 82
number of iterations= 4 
number of iterations= 347 
number of iterations= 264 
[1] 83
number of iterations= 9 
number of iterations= 316 
slurmstepd: error: *** JOB 7290 ON compute-0-2 CANCELLED AT 2017-05-12T10:55:15 DUE TO TIME LIMIT ***
