Loading required package: mixtools
mixtools package, version 1.1.0, Released 2017-03-10
This package is based upon work supported by the National Science Foundation under Grant No. SES-0518772.

number of iterations= 4 
number of iterations= 375 
number of iterations= 378 
[1] 1
number of iterations= 4 
number of iterations= 351 
number of iterations= 251 
[1] 2
number of iterations= 9 
number of iterations= 418 
number of iterations= 311 
[1] 3
number of iterations= 6 
number of iterations= 402 
number of iterations= 460 
[1] 4
number of iterations= 6 
number of iterations= 365 
number of iterations= 410 
[1] 5
number of iterations= 6 
number of iterations= 374 
number of iterations= 356 
[1] 6
number of iterations= 6 
number of iterations= 310 
number of iterations= 282 
[1] 7
number of iterations= 5 
number of iterations= 347 
number of iterations= 192 
[1] 8
number of iterations= 5 
number of iterations= 426 
number of iterations= 458 
[1] 9
number of iterations= 4 
number of iterations= 344 
number of iterations= 407 
[1] 10
number of iterations= 3 
number of iterations= 374 
number of iterations= 454 
[1] 11
number of iterations= 3 
number of iterations= 378 
number of iterations= 431 
[1] 12
number of iterations= 4 
number of iterations= 338 
number of iterations= 397 
[1] 13
number of iterations= 5 
number of iterations= 299 
number of iterations= 285 
[1] 14
number of iterations= 4 
number of iterations= 387 
number of iterations= 365 
[1] 15
number of iterations= 3 
number of iterations= 369 
number of iterations= 320 
[1] 16
number of iterations= 6 
number of iterations= 448 
number of iterations= 293 
[1] 17
number of iterations= 2 
number of iterations= 377 
number of iterations= 444 
[1] 18
number of iterations= 3 
number of iterations= 387 
number of iterations= 364 
[1] 19
number of iterations= 3 
number of iterations= 341 
number of iterations= 318 
[1] 20
number of iterations= 4 
number of iterations= 412 
number of iterations= 377 
[1] 21
number of iterations= 5 
number of iterations= 333 
number of iterations= 320 
[1] 22
number of iterations= 9 
number of iterations= 318 
number of iterations= 375 
[1] 23
number of iterations= 4 
number of iterations= 371 
number of iterations= 401 
[1] 24
number of iterations= 4 
number of iterations= 379 
number of iterations= 197 
[1] 25
number of iterations= 2 
number of iterations= 355 
number of iterations= 346 
[1] 26
number of iterations= 4 
number of iterations= 365 
number of iterations= 309 
[1] 27
number of iterations= 10 
number of iterations= 386 
number of iterations= 375 
[1] 28
number of iterations= 9 
number of iterations= 378 
number of iterations= 303 
[1] 29
number of iterations= 7 
number of iterations= 338 
number of iterations= 317 
[1] 30
number of iterations= 5 
number of iterations= 276 
number of iterations= 291 
[1] 31
number of iterations= 2 
number of iterations= 385 
number of iterations= 312 
[1] 32
number of iterations= 4 
number of iterations= 379 
number of iterations= 457 
[1] 33
number of iterations= 3 
number of iterations= 378 
number of iterations= 588 
[1] 34
number of iterations= 3 
number of iterations= 340 
number of iterations= 305 
[1] 35
number of iterations= 2 
number of iterations= 357 
number of iterations= 464 
[1] 36
number of iterations= 2 
number of iterations= 406 
number of iterations= 368 
[1] 37
number of iterations= 3 
number of iterations= 372 
number of iterations= 354 
[1] 38
number of iterations= 4 
number of iterations= 330 
number of iterations= 468 
[1] 39
number of iterations= 3 
number of iterations= 308 
number of iterations= 332 
[1] 40
number of iterations= 2 
number of iterations= 382 
number of iterations= 373 
[1] 41
number of iterations= 3 
number of iterations= 379 
number of iterations= 272 
[1] 42
number of iterations= 2 
number of iterations= 291 
number of iterations= 316 
[1] 43
number of iterations= 7 
number of iterations= 298 
number of iterations= 248 
[1] 44
number of iterations= 4 
number of iterations= 318 
number of iterations= 396 
[1] 45
number of iterations= 4 
number of iterations= 318 
number of iterations= 232 
[1] 46
number of iterations= 125 
number of iterations= 357 
number of iterations= 426 
[1] 47
number of iterations= 3 
number of iterations= 398 
number of iterations= 427 
[1] 48
number of iterations= 4 
number of iterations= 364 
number of iterations= 362 
[1] 49
number of iterations= 3 
number of iterations= 368 
number of iterations= 375 
[1] 50
number of iterations= 2 
number of iterations= 361 
number of iterations= 241 
[1] 51
number of iterations= 5 
number of iterations= 353 
number of iterations= 334 
[1] 52
number of iterations= 5 
number of iterations= 402 
number of iterations= 310 
[1] 53
number of iterations= 4 
number of iterations= 374 
number of iterations= 273 
[1] 54
number of iterations= 4 
number of iterations= 374 
number of iterations= 467 
[1] 55
number of iterations= 3 
number of iterations= 418 
number of iterations= 408 
[1] 56
number of iterations= 10 
number of iterations= 423 
number of iterations= 319 
[1] 57
number of iterations= 13 
number of iterations= 386 
number of iterations= 365 
[1] 58
number of iterations= 4 
number of iterations= 314 
number of iterations= 350 
[1] 59
number of iterations= 3 
number of iterations= 397 
number of iterations= 382 
[1] 60
number of iterations= 3 
number of iterations= 370 
number of iterations= 356 
[1] 61
number of iterations= 3 
number of iterations= 500 
number of iterations= 605 
[1] 62
number of iterations= 6 
number of iterations= 389 
number of iterations= 377 
[1] 63
number of iterations= 2 
number of iterations= 364 
number of iterations= 345 
[1] 64
number of iterations= 9 
number of iterations= 373 
number of iterations= 314 
[1] 65
number of iterations= 5 
number of iterations= 294 
number of iterations= 299 
[1] 66
number of iterations= 3 
number of iterations= 360 
number of iterations= 195 
[1] 67
number of iterations= 2 
number of iterations= 343 
number of iterations= 26 
[1] 68
number of iterations= 4 
number of iterations= 302 
number of iterations= 378 
[1] 69
number of iterations= 6 
number of iterations= 395 
number of iterations= 261 
[1] 70
number of iterations= 7 
number of iterations= 395 
number of iterations= 384 
[1] 71
number of iterations= 2 
number of iterations= 366 
number of iterations= 327 
[1] 72
number of iterations= 6 
number of iterations= 441 
number of iterations= 454 
[1] 73
number of iterations= 3 
number of iterations= 272 
number of iterations= 251 
[1] 74
number of iterations= 7 
number of iterations= 308 
number of iterations= 371 
[1] 75
number of iterations= 10 
number of iterations= 411 
number of iterations= 401 
[1] 76
number of iterations= 5 
number of iterations= 388 
number of iterations= 406 
[1] 77
number of iterations= 5 
number of iterations= 438 
number of iterations= 402 
[1] 78
number of iterations= 2 
number of iterations= 431 
number of iterations= 349 
[1] 79
number of iterations= 5 
number of iterations= 368 
number of iterations= 372 
[1] 80
number of iterations= 5 
number of iterations= 383 
number of iterations= 368 
[1] 81
number of iterations= 5 
number of iterations= 355 
number of iterations= 343 
[1] 82
number of iterations= 5 
number of iterations= 303 
number of iterations= 297 
[1] 83
number of iterations= 5 
number of iterations= 306 
number of iterations= 385 
[1] 84
number of iterations= 3 
number of iterations= 385 
number of iterations= 326 
[1] 85
number of iterations= 5 
number of iterations= 350 
number of iterations= 280 
[1] 86
number of iterations= 11 
number of iterations= 345 
number of iterations= 306 
[1] 87
number of iterations= 2 
number of iterations= 326 
number of iterations= 319 
[1] 88
number of iterations= 4 
number of iterations= 430 
slurmstepd: error: *** JOB 7287 ON compute-0-2 CANCELLED AT 2017-05-12T10:51:15 DUE TO TIME LIMIT ***
