Loading required package: mixtools
mixtools package, version 1.1.0, Released 2017-03-10
This package is based upon work supported by the National Science Foundation under Grant No. SES-0518772.

number of iterations= 28 
number of iterations= 70 
number of iterations= 3217 
[1] 1
number of iterations= 8 
number of iterations= 2148 
number of iterations= 2395 
[1] 2
number of iterations= 7 
number of iterations= 71 
number of iterations= 103 
[1] 3
number of iterations= 7 
number of iterations= 68 
number of iterations= 62 
[1] 4
number of iterations= 13 
number of iterations= 79 
number of iterations= 2567 
[1] 5
number of iterations= 11 
number of iterations= 70 
number of iterations= 2726 
[1] 6
number of iterations= 9 
number of iterations= 901 
number of iterations= 51 
[1] 7
number of iterations= 8 
number of iterations= 65 
number of iterations= 51 
[1] 8
number of iterations= 7 
number of iterations= 66 
number of iterations= 2992 
[1] 9
number of iterations= 11 
number of iterations= 1126 
number of iterations= 67 
[1] 10
number of iterations= 12 
number of iterations= 68 
number of iterations= 65 
[1] 11
number of iterations= 9 
number of iterations= 70 
number of iterations= 70 
[1] 12
number of iterations= 13 
number of iterations= 66 
number of iterations= 67 
[1] 13
number of iterations= 53 
number of iterations= 72 
number of iterations= 85 
[1] 14
number of iterations= 6 
number of iterations= 68 
number of iterations= 4338 
[1] 15
number of iterations= 10 
number of iterations= 982 
number of iterations= 73 
[1] 16
number of iterations= 23 
number of iterations= 69 
number of iterations= 58 
[1] 17
number of iterations= 5 
number of iterations= 70 
number of iterations= 2190 
[1] 18
number of iterations= 11 
number of iterations= 65 
number of iterations= 120 
[1] 19
number of iterations= 12 
number of iterations= 4148 
number of iterations= 65 
[1] 20
number of iterations= 11 
number of iterations= 70 
number of iterations= 3081 
[1] 21
number of iterations= 7 
number of iterations= 1201 
number of iterations= 15 
[1] 22
number of iterations= 14 
number of iterations= 69 
number of iterations= 64 
[1] 23
number of iterations= 8 
number of iterations= 67 
number of iterations= 75 
[1] 24
number of iterations= 7 
number of iterations= 68 
number of iterations= 2116 
[1] 25
number of iterations= 17 
number of iterations= 5505 
number of iterations= 3799 
[1] 26
number of iterations= 7 
number of iterations= 72 
number of iterations= 2021 
[1] 27
number of iterations= 10 
number of iterations= 63 
number of iterations= 71 
[1] 28
number of iterations= 9 
number of iterations= 1020 
number of iterations= 57 
[1] 29
number of iterations= 10 
number of iterations= 1143 
number of iterations= 67 
[1] 30
number of iterations= 8 
number of iterations= 1618 
number of iterations= 92 
[1] 31
number of iterations= 8 
number of iterations= 1706 
number of iterations= 68 
[1] 32
number of iterations= 6 
number of iterations= 5721 
number of iterations= 1523 
[1] 33
number of iterations= 5 
number of iterations= 68 
number of iterations= 64 
[1] 34
number of iterations= 8 
number of iterations= 68 
number of iterations= 64 
[1] 35
number of iterations= 24 
number of iterations= 72 
number of iterations= 2667 
[1] 36
number of iterations= 8 
number of iterations= 63 
number of iterations= 2075 
[1] 37
number of iterations= 7 
number of iterations= 71 
number of iterations= 80 
[1] 38
number of iterations= 20 
number of iterations= 66 
number of iterations= 518 
[1] 39
number of iterations= 7 
number of iterations= 67 
number of iterations= 56 
[1] 40
number of iterations= 7 
slurmstepd: error: *** JOB 7306 ON compute-0-2 CANCELLED AT 2017-05-12T11:17:15 DUE TO TIME LIMIT ***
