Loading required package: mixtools
mixtools package, version 1.1.0, Released 2017-03-10
This package is based upon work supported by the National Science Foundation under Grant No. SES-0518772.

number of iterations= 12 
number of iterations= 41 
number of iterations= 3261 
[1] 1
number of iterations= 7 
number of iterations= 2204 
number of iterations= 2955 
[1] 2
number of iterations= 6 
number of iterations= 1428 
number of iterations= 1943 
[1] 3
number of iterations= 7 
number of iterations= 1356 
number of iterations= 3362 
[1] 4
number of iterations= 20 
number of iterations= 81 
number of iterations= 2844 
[1] 5
number of iterations= 11 
number of iterations= 1669 
number of iterations= 4484 
[1] 6
number of iterations= 12 
number of iterations= 1382 
number of iterations= 3476 
[1] 7
number of iterations= 8 
number of iterations= 1288 
number of iterations= 1454 
[1] 8
number of iterations= 15 
number of iterations= 2233 
number of iterations= 1757 
[1] 9
number of iterations= 8 
number of iterations= 1592 
number of iterations= 1923 
[1] 10
number of iterations= 8 
number of iterations= 1447 
number of iterations= 2455 
[1] 11
number of iterations= 6 
number of iterations= 64 
number of iterations= 1549 
[1] 12
number of iterations= 10 
number of iterations= 1329 
number of iterations= 2837 
[1] 13
number of iterations= 13 
WARNING! NOT CONVERGENT! 
number of iterations= 10000 
number of iterations= 43 
[1] 14
number of iterations= 9 
number of iterations= 2729 
number of iterations= 2163 
[1] 15
number of iterations= 8 
number of iterations= 2485 
number of iterations= 67 
[1] 16
number of iterations= 6 
number of iterations= 2962 
number of iterations= 2669 
[1] 17
number of iterations= 6 
number of iterations= 2165 
number of iterations= 2946 
[1] 18
number of iterations= 5 
number of iterations= 1380 
number of iterations= 2739 
[1] 19
number of iterations= 9 
number of iterations= 1323 
number of iterations= 2061 
[1] 20
number of iterations= 13 
number of iterations= 1139 
number of iterations= 2674 
[1] 21
number of iterations= 11 
number of iterations= 58 
number of iterations= 1759 
[1] 22
number of iterations= 6 
number of iterations= 64 
number of iterations= 70 
[1] 23
number of iterations= 7 
number of iterations= 1991 
number of iterations= 72 
[1] 24
number of iterations= 8 
number of iterations= 1713 
number of iterations= 2710 
[1] 25
number of iterations= 13 
number of iterations= 1376 
number of iterations= 1682 
[1] 26
number of iterations= 10 
number of iterations= 1412 
number of iterations= 2364 
[1] 27
number of iterations= 18 
number of iterations= 60 
number of iterations= 1850 
[1] 28
number of iterations= 9 
number of iterations= 1057 
number of iterations= 1999 
[1] 29
number of iterations= 9 
number of iterations= 3942 
number of iterations= 2186 
[1] 30
number of iterations= 9 
number of iterations= 1552 
number of iterations= 2922 
[1] 31
number of iterations= 9 
number of iterations= 2249 
number of iterations= 2678 
[1] 32
number of iterations= 15 
number of iterations= 3526 
number of iterations= 78 
[1] 33
number of iterations= 7 
number of iterations= 1174 
number of iterations= 2723 
[1] 34
number of iterations= 12 
number of iterations= 1503 
number of iterations= 2526 
[1] 35
number of iterations= 24 
number of iterations= 62 
number of iterations= 78 
[1] 36
number of iterations= 7 
number of iterations= 3458 
number of iterations= 2024 
[1] 37
number of iterations= 8 
number of iterations= 2232 
number of iterations= 3061 
[1] 38
number of iterations= 14 
number of iterations= 1791 
number of iterations= 2217 
[1] 39
number of iterations= 9 
number of iterations= 4123 
number of iterations= 1753 
[1] 40
number of iterations= 7 
number of iterations= 1814 
number of iterations= 2801 
[1] 41
number of iterations= 9 
number of iterations= 1743 
number of iterations= 1936 
[1] 42
number of iterations= 10 
number of iterations= 1643 
number of iterations= 1742 
[1] 43
number of iterations= 7 
number of iterations= 1747 
number of iterations= 2133 
[1] 44
number of iterations= 8 
number of iterations= 5475 
number of iterations= 2471 
[1] 45
number of iterations= 8 
number of iterations= 1848 
number of iterations= 3615 
[1] 46
number of iterations= 8 
number of iterations= 2188 
number of iterations= 1461 
[1] 47
number of iterations= 17 
number of iterations= 50 
number of iterations= 70 
[1] 48
number of iterations= 8 
number of iterations= 1522 
number of iterations= 3455 
[1] 49
number of iterations= 17 
number of iterations= 85 
number of iterations= 2251 
[1] 50
number of iterations= 6 
number of iterations= 1655 
number of iterations= 2951 
[1] 51
number of iterations= 6 
number of iterations= 1609 
number of iterations= 164 
[1] 52
number of iterations= 7 
number of iterations= 2460 
number of iterations= 72 
[1] 53
number of iterations= 7 
number of iterations= 1961 
number of iterations= 1643 
[1] 54
number of iterations= 15 
number of iterations= 2600 
number of iterations= 3241 
[1] 55
number of iterations= 13 
number of iterations= 63 
number of iterations= 1773 
[1] 56
number of iterations= 6 
number of iterations= 1716 
number of iterations= 4559 
[1] 57
number of iterations= 14 
number of iterations= 3182 
number of iterations= 2272 
[1] 58
number of iterations= 7 
number of iterations= 2732 
number of iterations= 2423 
[1] 59
number of iterations= 6 
number of iterations= 2803 
number of iterations= 1886 
[1] 60
number of iterations= 11 
number of iterations= 2517 
number of iterations= 2448 
[1] 61
number of iterations= 8 
number of iterations= 2888 
number of iterations= 2358 
[1] 62
number of iterations= 6 
number of iterations= 62 
number of iterations= 1909 
[1] 63
number of iterations= 5 
number of iterations= 7187 
number of iterations= 3701 
[1] 64
number of iterations= 6 
number of iterations= 1332 
number of iterations= 5869 
[1] 65
number of iterations= 7 
number of iterations= 839 
number of iterations= 1917 
[1] 66
number of iterations= 9 
number of iterations= 2629 
number of iterations= 1114 
[1] 67
number of iterations= 7 
number of iterations= 1343 
number of iterations= 1933 
[1] 68
number of iterations= 11 
number of iterations= 65 
number of iterations= 57 
[1] 69
number of iterations= 9 
number of iterations= 1178 
number of iterations= 47 
[1] 70
number of iterations= 7 
number of iterations= 1042 
number of iterations= 4093 
[1] 71
number of iterations= 7 
number of iterations= 2539 
number of iterations= 749 
[1] 72
number of iterations= 8 
number of iterations= 1220 
number of iterations= 46 
[1] 73
number of iterations= 11 
number of iterations= 2316 
number of iterations= 2369 
[1] 74
number of iterations= 7 
number of iterations= 1144 
number of iterations= 3290 
[1] 75
number of iterations= 9 
WARNING! NOT CONVERGENT! 
number of iterations= 10000 
number of iterations= 1700 
[1] 76
number of iterations= 9 
number of iterations= 2409 
number of iterations= 3150 
[1] 77
number of iterations= 7 
