Loading required package: mixtools
mixtools package, version 1.1.0, Released 2017-03-10
This package is based upon work supported by the National Science Foundation under Grant No. SES-0518772.

number of iterations= 31 
number of iterations= 139 
number of iterations= 264 
[1] 1
number of iterations= 19 
number of iterations= 169 
number of iterations= 201 
[1] 2
number of iterations= 18 
number of iterations= 211 
number of iterations= 309 
[1] 3
number of iterations= 23 
number of iterations= 173 
number of iterations= 318 
[1] 4
number of iterations= 25 
number of iterations= 188 
number of iterations= 121 
[1] 5
number of iterations= 18 
number of iterations= 224 
number of iterations= 344 
[1] 6
number of iterations= 14 
number of iterations= 156 
number of iterations= 135 
[1] 7
number of iterations= 25 
number of iterations= 219 
number of iterations= 264 
[1] 8
number of iterations= 24 
number of iterations= 189 
number of iterations= 246 
[1] 9
number of iterations= 20 
number of iterations= 163 
number of iterations= 255 
[1] 10
number of iterations= 24 
number of iterations= 166 
number of iterations= 179 
[1] 11
number of iterations= 14 
number of iterations= 160 
number of iterations= 224 
[1] 12
number of iterations= 28 
number of iterations= 195 
number of iterations= 246 
[1] 13
number of iterations= 25 
number of iterations= 170 
number of iterations= 230 
[1] 14
number of iterations= 17 
number of iterations= 192 
number of iterations= 247 
[1] 15
number of iterations= 44 
number of iterations= 168 
number of iterations= 138 
[1] 16
number of iterations= 25 
number of iterations= 180 
number of iterations= 285 
[1] 17
number of iterations= 26 
number of iterations= 185 
number of iterations= 290 
[1] 18
number of iterations= 20 
number of iterations= 177 
number of iterations= 231 
[1] 19
number of iterations= 22 
number of iterations= 191 
number of iterations= 229 
[1] 20
number of iterations= 30 
number of iterations= 194 
number of iterations= 220 
[1] 21
number of iterations= 26 
number of iterations= 173 
number of iterations= 234 
[1] 22
number of iterations= 32 
number of iterations= 204 
number of iterations= 358 
[1] 23
number of iterations= 24 
number of iterations= 171 
number of iterations= 192 
[1] 24
number of iterations= 17 
number of iterations= 199 
number of iterations= 192 
[1] 25
number of iterations= 20 
number of iterations= 175 
number of iterations= 310 
[1] 26
number of iterations= 18 
number of iterations= 167 
number of iterations= 221 
[1] 27
number of iterations= 19 
number of iterations= 174 
number of iterations= 241 
[1] 28
number of iterations= 26 
number of iterations= 172 
number of iterations= 295 
[1] 29
number of iterations= 21 
number of iterations= 205 
number of iterations= 236 
[1] 30
number of iterations= 20 
number of iterations= 167 
number of iterations= 263 
[1] 31
number of iterations= 17 
number of iterations= 192 
number of iterations= 229 
[1] 32
number of iterations= 22 
number of iterations= 204 
number of iterations= 318 
[1] 33
number of iterations= 14 
number of iterations= 163 
number of iterations= 225 
[1] 34
number of iterations= 26 
number of iterations= 227 
number of iterations= 254 
[1] 35
number of iterations= 18 
number of iterations= 175 
number of iterations= 56 
[1] 36
number of iterations= 24 
number of iterations= 186 
number of iterations= 136 
[1] 37
number of iterations= 32 
number of iterations= 150 
number of iterations= 133 
[1] 38
number of iterations= 11 
number of iterations= 162 
number of iterations= 278 
[1] 39
number of iterations= 16 
number of iterations= 181 
number of iterations= 226 
[1] 40
number of iterations= 30 
number of iterations= 182 
number of iterations= 229 
[1] 41
number of iterations= 11 
number of iterations= 161 
number of iterations= 266 
[1] 42
number of iterations= 10 
number of iterations= 162 
number of iterations= 148 
[1] 43
number of iterations= 29 
number of iterations= 171 
number of iterations= 167 
[1] 44
number of iterations= 23 
number of iterations= 193 
number of iterations= 164 
[1] 45
number of iterations= 19 
number of iterations= 197 
number of iterations= 255 
[1] 46
number of iterations= 22 
number of iterations= 161 
number of iterations= 245 
[1] 47
number of iterations= 41 
number of iterations= 200 
number of iterations= 292 
[1] 48
number of iterations= 29 
number of iterations= 192 
number of iterations= 243 
[1] 49
number of iterations= 20 
number of iterations= 171 
number of iterations= 269 
[1] 50
number of iterations= 10 
number of iterations= 166 
number of iterations= 155 
[1] 51
number of iterations= 24 
number of iterations= 201 
number of iterations= 237 
[1] 52
number of iterations= 14 
number of iterations= 184 
number of iterations= 237 
[1] 53
number of iterations= 19 
number of iterations= 173 
number of iterations= 152 
[1] 54
number of iterations= 23 
number of iterations= 196 
number of iterations= 167 
[1] 55
number of iterations= 18 
number of iterations= 189 
number of iterations= 164 
[1] 56
number of iterations= 22 
number of iterations= 156 
number of iterations= 224 
[1] 57
number of iterations= 15 
number of iterations= 168 
number of iterations= 183 
[1] 58
number of iterations= 18 
number of iterations= 185 
number of iterations= 105 
[1] 59
number of iterations= 20 
number of iterations= 187 
number of iterations= 173 
[1] 60
number of iterations= 18 
number of iterations= 172 
number of iterations= 224 
[1] 61
number of iterations= 21 
number of iterations= 166 
number of iterations= 147 
[1] 62
number of iterations= 21 
number of iterations= 160 
number of iterations= 213 
[1] 63
number of iterations= 28 
number of iterations= 162 
number of iterations= 195 
[1] 64
number of iterations= 20 
number of iterations= 186 
number of iterations= 239 
[1] 65
number of iterations= 15 
number of iterations= 173 
number of iterations= 123 
[1] 66
number of iterations= 22 
number of iterations= 214 
number of iterations= 300 
[1] 67
number of iterations= 29 
number of iterations= 169 
number of iterations= 280 
[1] 68
number of iterations= 16 
number of iterations= 230 
number of iterations= 402 
[1] 69
number of iterations= 21 
number of iterations= 174 
number of iterations= 290 
[1] 70
number of iterations= 20 
number of iterations= 161 
number of iterations= 128 
[1] 71
number of iterations= 33 
number of iterations= 179 
number of iterations= 279 
[1] 72
number of iterations= 21 
number of iterations= 187 
number of iterations= 124 
[1] 73
number of iterations= 23 
number of iterations= 200 
number of iterations= 255 
[1] 74
number of iterations= 30 
number of iterations= 196 
number of iterations= 153 
[1] 75
number of iterations= 39 
number of iterations= 182 
number of iterations= 277 
[1] 76
number of iterations= 26 
number of iterations= 228 
number of iterations= 260 
[1] 77
number of iterations= 28 
number of iterations= 161 
number of iterations= 180 
[1] 78
number of iterations= 23 
number of iterations= 208 
number of iterations= 157 
[1] 79
number of iterations= 20 
number of iterations= 201 
number of iterations= 174 
[1] 80
number of iterations= 13 
number of iterations= 174 
number of iterations= 289 
[1] 81
number of iterations= 23 
number of iterations= 168 
number of iterations= 249 
[1] 82
number of iterations= 26 
number of iterations= 186 
number of iterations= 176 
[1] 83
number of iterations= 29 
number of iterations= 180 
number of iterations= 226 
[1] 84
number of iterations= 12 
number of iterations= 176 
number of iterations= 189 
[1] 85
number of iterations= 20 
number of iterations= 162 
number of iterations= 260 
[1] 86
number of iterations= 21 
number of iterations= 182 
number of iterations= 213 
[1] 87
number of iterations= 21 
number of iterations= 178 
number of iterations= 164 
[1] 88
number of iterations= 21 
slurmstepd: error: *** JOB 7285 ON compute-0-2 CANCELLED AT 2017-05-12T10:49:45 DUE TO TIME LIMIT ***
