Loading required package: mixtools
mixtools package, version 1.1.0, Released 2017-03-10
This package is based upon work supported by the National Science Foundation under Grant No. SES-0518772.

number of iterations= 459 
number of iterations= 1152 
number of iterations= 898 
[1] 1
number of iterations= 33 
number of iterations= 224 
number of iterations= 1778 
[1] 2
number of iterations= 418 
number of iterations= 206 
number of iterations= 1371 
[1] 3
number of iterations= 378 
number of iterations= 1194 
number of iterations= 764 
[1] 4
number of iterations= 211 
number of iterations= 1007 
number of iterations= 775 
[1] 5
number of iterations= 875 
number of iterations= 290 
number of iterations= 2544 
[1] 6
number of iterations= 1180 
number of iterations= 3204 
number of iterations= 3479 
[1] 7
number of iterations= 57 
number of iterations= 758 
number of iterations= 331 
[1] 8
number of iterations= 113 
number of iterations= 383 
number of iterations= 441 
[1] 9
number of iterations= 81 
number of iterations= 591 
number of iterations= 683 
[1] 10
number of iterations= 436 
number of iterations= 1310 
number of iterations= 229 
[1] 11
number of iterations= 391 
number of iterations= 1195 
number of iterations= 1087 
[1] 12
number of iterations= 414 
number of iterations= 754 
number of iterations= 1115 
[1] 13
number of iterations= 36 
number of iterations= 494 
number of iterations= 289 
[1] 14
number of iterations= 87 
number of iterations= 357 
number of iterations= 819 
[1] 15
number of iterations= 318 
number of iterations= 893 
number of iterations= 1561 
[1] 16
number of iterations= 176 
number of iterations= 524 
number of iterations= 536 
[1] 17
number of iterations= 820 
number of iterations= 2345 
number of iterations= 1991 
[1] 18
number of iterations= 244 
number of iterations= 211 
number of iterations= 713 
[1] 19
number of iterations= 54 
number of iterations= 52 
number of iterations= 1487 
[1] 20
number of iterations= 300 
number of iterations= 341 
number of iterations= 258 
[1] 21
number of iterations= 253 
number of iterations= 551 
number of iterations= 915 
[1] 22
number of iterations= 308 
number of iterations= 440 
number of iterations= 476 
[1] 23
number of iterations= 81 
number of iterations= 796 
number of iterations= 101 
[1] 24
number of iterations= 85 
number of iterations= 156 
number of iterations= 8518 
[1] 25
number of iterations= 194 
number of iterations= 248 
number of iterations= 234 
[1] 26
number of iterations= 214 
number of iterations= 277 
number of iterations= 242 
[1] 27
number of iterations= 42 
number of iterations= 1111 
number of iterations= 2329 
[1] 28
number of iterations= 181 
number of iterations= 279 
number of iterations= 2671 
[1] 29
number of iterations= 799 
number of iterations= 655 
number of iterations= 1245 
[1] 30
number of iterations= 196 
number of iterations= 747 
number of iterations= 699 
[1] 31
number of iterations= 232 
number of iterations= 413 
number of iterations= 144 
[1] 32
number of iterations= 45 
number of iterations= 97 
slurmstepd: error: *** JOB 7277 ON compute-0-2 CANCELLED AT 2017-05-12T10:38:45 DUE TO TIME LIMIT ***
