Loading required package: mixtools
mixtools package, version 1.1.0, Released 2017-03-10
This package is based upon work supported by the National Science Foundation under Grant No. SES-0518772.

number of iterations= 125 
number of iterations= 4717 
number of iterations= 4637 
[1] 1
number of iterations= 739 
number of iterations= 60 
number of iterations= 1672 
[1] 2
number of iterations= 41 
number of iterations= 77 
number of iterations= 4435 
[1] 3
number of iterations= 40 
number of iterations= 381 
number of iterations= 466 
[1] 4
number of iterations= 64 
number of iterations= 156 
number of iterations= 404 
[1] 5
number of iterations= 171 
number of iterations= 527 
number of iterations= 907 
[1] 6
number of iterations= 293 
number of iterations= 286 
number of iterations= 455 
[1] 7
number of iterations= 123 
number of iterations= 106 
number of iterations= 664 
[1] 8
number of iterations= 70 
number of iterations= 187 
number of iterations= 309 
[1] 9
number of iterations= 90 
number of iterations= 70 
number of iterations= 950 
[1] 10
number of iterations= 143 
number of iterations= 2824 
number of iterations= 725 
[1] 11
number of iterations= 113 
number of iterations= 700 
number of iterations= 1156 
[1] 12
number of iterations= 85 
number of iterations= 306 
number of iterations= 456 
[1] 13
number of iterations= 199 
number of iterations= 144 
number of iterations= 424 
[1] 14
number of iterations= 67 
number of iterations= 495 
number of iterations= 362 
[1] 15
number of iterations= 438 
number of iterations= 253 
number of iterations= 1400 
[1] 16
number of iterations= 141 
number of iterations= 2211 
number of iterations= 2054 
[1] 17
number of iterations= 248 
number of iterations= 939 
number of iterations= 967 
[1] 18
number of iterations= 138 
number of iterations= 211 
number of iterations= 326 
[1] 19
number of iterations= 132 
number of iterations= 220 
number of iterations= 195 
[1] 20
number of iterations= 1168 
number of iterations= 2642 
number of iterations= 3237 
[1] 21
number of iterations= 651 
number of iterations= 51 
number of iterations= 420 
[1] 22
number of iterations= 577 
number of iterations= 373 
number of iterations= 502 
[1] 23
number of iterations= 64 
number of iterations= 1432 
number of iterations= 450 
[1] 24
number of iterations= 55 
number of iterations= 1808 
number of iterations= 1276 
[1] 25
number of iterations= 96 
number of iterations= 251 
number of iterations= 1289 
[1] 26
number of iterations= 117 
number of iterations= 603 
number of iterations= 537 
[1] 27
number of iterations= 86 
number of iterations= 1135 
number of iterations= 1053 
[1] 28
number of iterations= 51 
number of iterations= 1513 
number of iterations= 309 
[1] 29
number of iterations= 399 
number of iterations= 67 
number of iterations= 501 
[1] 30
number of iterations= 40 
number of iterations= 147 
number of iterations= 91 
[1] 31
number of iterations= 57 
number of iterations= 55 
number of iterations= 1097 
[1] 32
number of iterations= 151 
number of iterations= 684 
number of iterations= 73 
[1] 33
number of iterations= 140 
number of iterations= 46 
number of iterations= 765 
[1] 34
number of iterations= 103 
number of iterations= 330 
number of iterations= 231 
[1] 35
number of iterations= 71 
WARNING! NOT CONVERGENT! 
number of iterations= 10000 
number of iterations= 1210 
[1] 36
number of iterations= 64 
number of iterations= 414 
number of iterations= 2286 
[1] 37
number of iterations= 62 
number of iterations= 51 
number of iterations= 5101 
[1] 38
number of iterations= 68 
number of iterations= 441 
number of iterations= 277 
[1] 39
number of iterations= 198 
number of iterations= 669 
number of iterations= 768 
[1] 40
number of iterations= 57 
number of iterations= 312 
number of iterations= 980 
[1] 41
number of iterations= 75 
number of iterations= 61 
number of iterations= 1857 
[1] 42
number of iterations= 229 
number of iterations= 64 
number of iterations= 4130 
[1] 43
number of iterations= 534 
WARNING! NOT CONVERGENT! 
number of iterations= 10000 
WARNING! NOT CONVERGENT! 
number of iterations= 10000 
[1] 44
number of iterations= 113 
number of iterations= 857 
number of iterations= 128 
[1] 45
number of iterations= 249 
number of iterations= 1371 
number of iterations= 182 
[1] 46
number of iterations= 208 
number of iterations= 1217 
number of iterations= 521 
[1] 47
number of iterations= 78 
number of iterations= 6007 
number of iterations= 2153 
[1] 48
number of iterations= 80 
number of iterations= 452 
number of iterations= 255 
[1] 49
number of iterations= 383 
number of iterations= 1261 
number of iterations= 503 
[1] 50
number of iterations= 43 
slurmstepd: error: *** JOB 7296 ON compute-0-2 CANCELLED AT 2017-05-12T11:06:15 DUE TO TIME LIMIT ***
