Loading required package: mixtools
mixtools package, version 1.1.0, Released 2017-03-10
This package is based upon work supported by the National Science Foundation under Grant No. SES-0518772.

number of iterations= 52 
number of iterations= 36 
number of iterations= 258 
[1] 1
number of iterations= 83 
WARNING! NOT CONVERGENT! 
number of iterations= 10000 
number of iterations= 110 
[1] 2
number of iterations= 183 
number of iterations= 681 
number of iterations= 429 
[1] 3
number of iterations= 159 
number of iterations= 318 
number of iterations= 204 
[1] 4
number of iterations= 38 
number of iterations= 31 
number of iterations= 176 
[1] 5
number of iterations= 31 
number of iterations= 472 
number of iterations= 329 
[1] 6
number of iterations= 148 
number of iterations= 499 
number of iterations= 9670 
[1] 7
number of iterations= 322 
number of iterations= 4434 
number of iterations= 4235 
[1] 8
number of iterations= 62 
number of iterations= 178 
number of iterations= 781 
[1] 9
number of iterations= 88 
number of iterations= 544 
number of iterations= 517 
[1] 10
number of iterations= 599 
number of iterations= 37 
number of iterations= 1693 
[1] 11
number of iterations= 183 
number of iterations= 32 
number of iterations= 518 
[1] 12
number of iterations= 62 
number of iterations= 54 
number of iterations= 912 
[1] 13
number of iterations= 80 
number of iterations= 997 
number of iterations= 488 
[1] 14
number of iterations= 57 
number of iterations= 464 
number of iterations= 226 
[1] 15
number of iterations= 209 
number of iterations= 114 
number of iterations= 453 
[1] 16
number of iterations= 76 
number of iterations= 1002 
number of iterations= 3159 
[1] 17
number of iterations= 111 
number of iterations= 1132 
number of iterations= 320 
[1] 18
number of iterations= 228 
number of iterations= 491 
number of iterations= 2250 
[1] 19
number of iterations= 39 
number of iterations= 234 
number of iterations= 552 
[1] 20
number of iterations= 551 
number of iterations= 1788 
number of iterations= 1782 
[1] 21
number of iterations= 28 
number of iterations= 124 
number of iterations= 352 
[1] 22
number of iterations= 102 
number of iterations= 36 
number of iterations= 418 
[1] 23
number of iterations= 636 
number of iterations= 226 
number of iterations= 1359 
[1] 24
number of iterations= 167 
number of iterations= 128 
number of iterations= 255 
[1] 25
number of iterations= 26 
number of iterations= 97 
number of iterations= 234 
[1] 26
number of iterations= 209 
number of iterations= 291 
number of iterations= 741 
[1] 27
number of iterations= 139 
number of iterations= 624 
number of iterations= 674 
[1] 28
number of iterations= 263 
number of iterations= 72 
number of iterations= 362 
[1] 29
number of iterations= 77 
number of iterations= 248 
number of iterations= 215 
[1] 30
number of iterations= 575 
number of iterations= 813 
number of iterations= 404 
[1] 31
number of iterations= 84 
number of iterations= 920 
number of iterations= 462 
[1] 32
number of iterations= 337 
number of iterations= 59 
number of iterations= 1306 
[1] 33
number of iterations= 67 
number of iterations= 1082 
number of iterations= 661 
[1] 34
number of iterations= 114 
number of iterations= 523 
number of iterations= 142 
[1] 35
number of iterations= 412 
number of iterations= 210 
number of iterations= 2011 
[1] 36
One of the variances is going to zero;  trying new starting values.
One of the variances is going to zero;  trying new starting values.
One of the variances is going to zero;  trying new starting values.
number of iterations= 633 
number of iterations= 30 
number of iterations= 832 
[1] 37
number of iterations= 107 
number of iterations= 1404 
WARNING! NOT CONVERGENT! 
number of iterations= 10000 
[1] 38
number of iterations= 283 
number of iterations= 24 
number of iterations= 452 
[1] 39
number of iterations= 132 
number of iterations= 27 
number of iterations= 251 
[1] 40
number of iterations= 237 
number of iterations= 863 
number of iterations= 457 
[1] 41
number of iterations= 460 
number of iterations= 278 
number of iterations= 2204 
[1] 42
number of iterations= 314 
number of iterations= 628 
number of iterations= 592 
[1] 43
number of iterations= 153 
number of iterations= 726 
number of iterations= 543 
[1] 44
number of iterations= 153 
number of iterations= 27 
number of iterations= 248 
[1] 45
number of iterations= 115 
number of iterations= 414 
number of iterations= 273 
[1] 46
number of iterations= 167 
number of iterations= 553 
number of iterations= 9025 
[1] 47
number of iterations= 267 
number of iterations= 189 
number of iterations= 384 
[1] 48
number of iterations= 32 
number of iterations= 910 
number of iterations= 161 
[1] 49
number of iterations= 59 
number of iterations= 1927 
number of iterations= 783 
[1] 50
number of iterations= 212 
number of iterations= 684 
number of iterations= 311 
[1] 51
number of iterations= 183 
number of iterations= 499 
number of iterations= 1141 
[1] 52
number of iterations= 305 
number of iterations= 764 
number of iterations= 778 
[1] 53
number of iterations= 367 
number of iterations= 46 
number of iterations= 1156 
[1] 54
number of iterations= 1018 
number of iterations= 299 
number of iterations= 456 
[1] 55
number of iterations= 222 
number of iterations= 43 
number of iterations= 763 
[1] 56
number of iterations= 449 
number of iterations= 1223 
number of iterations= 1029 
[1] 57
number of iterations= 187 
number of iterations= 38 
number of iterations= 205 
[1] 58
number of iterations= 149 
number of iterations= 983 
slurmstepd: error: *** JOB 7273 ON compute-0-2 CANCELLED AT 2017-05-12T10:34:45 DUE TO TIME LIMIT ***
