Loading required package: mixtools
mixtools package, version 1.1.0, Released 2017-03-10
This package is based upon work supported by the National Science Foundation under Grant No. SES-0518772.

number of iterations= 16 
number of iterations= 168 
number of iterations= 192 
[1] 1
number of iterations= 18 
number of iterations= 150 
number of iterations= 136 
[1] 2
number of iterations= 15 
number of iterations= 163 
number of iterations= 125 
[1] 3
number of iterations= 12 
number of iterations= 214 
number of iterations= 240 
[1] 4
number of iterations= 13 
number of iterations= 254 
number of iterations= 249 
[1] 5
number of iterations= 31 
number of iterations= 194 
number of iterations= 315 
[1] 6
number of iterations= 37 
number of iterations= 227 
number of iterations= 295 
[1] 7
number of iterations= 15 
number of iterations= 189 
number of iterations= 156 
[1] 8
number of iterations= 26 
number of iterations= 234 
number of iterations= 491 
[1] 9
number of iterations= 30 
number of iterations= 217 
number of iterations= 233 
[1] 10
number of iterations= 19 
number of iterations= 227 
number of iterations= 226 
[1] 11
number of iterations= 19 
number of iterations= 180 
number of iterations= 171 
[1] 12
number of iterations= 25 
number of iterations= 172 
number of iterations= 151 
[1] 13
number of iterations= 19 
number of iterations= 172 
number of iterations= 283 
[1] 14
number of iterations= 12 
number of iterations= 183 
number of iterations= 196 
[1] 15
number of iterations= 11 
number of iterations= 177 
number of iterations= 110 
[1] 16
number of iterations= 19 
number of iterations= 205 
number of iterations= 194 
[1] 17
number of iterations= 20 
number of iterations= 163 
number of iterations= 123 
[1] 18
number of iterations= 27 
number of iterations= 229 
number of iterations= 252 
[1] 19
number of iterations= 18 
number of iterations= 159 
number of iterations= 86 
[1] 20
number of iterations= 23 
number of iterations= 151 
number of iterations= 201 
[1] 21
number of iterations= 14 
number of iterations= 244 
number of iterations= 220 
[1] 22
number of iterations= 15 
number of iterations= 238 
number of iterations= 199 
[1] 23
number of iterations= 17 
number of iterations= 208 
number of iterations= 231 
[1] 24
number of iterations= 21 
number of iterations= 218 
number of iterations= 239 
[1] 25
number of iterations= 11 
number of iterations= 190 
number of iterations= 185 
[1] 26
number of iterations= 28 
number of iterations= 155 
number of iterations= 160 
[1] 27
number of iterations= 21 
number of iterations= 251 
number of iterations= 290 
[1] 28
number of iterations= 10 
number of iterations= 188 
number of iterations= 111 
[1] 29
number of iterations= 14 
number of iterations= 220 
number of iterations= 154 
[1] 30
number of iterations= 20 
number of iterations= 196 
number of iterations= 21 
[1] 31
number of iterations= 24 
number of iterations= 230 
number of iterations= 216 
[1] 32
number of iterations= 15 
number of iterations= 188 
number of iterations= 233 
[1] 33
number of iterations= 10 
number of iterations= 212 
number of iterations= 163 
[1] 34
number of iterations= 19 
number of iterations= 240 
number of iterations= 231 
[1] 35
number of iterations= 13 
number of iterations= 232 
number of iterations= 132 
[1] 36
number of iterations= 17 
number of iterations= 206 
number of iterations= 192 
[1] 37
number of iterations= 17 
number of iterations= 199 
number of iterations= 190 
[1] 38
number of iterations= 18 
number of iterations= 185 
number of iterations= 155 
[1] 39
number of iterations= 14 
number of iterations= 203 
number of iterations= 175 
[1] 40
number of iterations= 28 
number of iterations= 196 
number of iterations= 210 
[1] 41
number of iterations= 13 
number of iterations= 189 
number of iterations= 148 
[1] 42
number of iterations= 9 
number of iterations= 192 
number of iterations= 171 
[1] 43
number of iterations= 10 
number of iterations= 182 
number of iterations= 167 
[1] 44
number of iterations= 23 
number of iterations= 190 
number of iterations= 191 
[1] 45
number of iterations= 24 
number of iterations= 215 
number of iterations= 157 
[1] 46
number of iterations= 11 
number of iterations= 183 
number of iterations= 161 
[1] 47
number of iterations= 27 
number of iterations= 260 
number of iterations= 271 
[1] 48
number of iterations= 13 
number of iterations= 200 
number of iterations= 162 
[1] 49
number of iterations= 15 
number of iterations= 197 
number of iterations= 172 
[1] 50
number of iterations= 31 
number of iterations= 227 
number of iterations= 251 
[1] 51
number of iterations= 17 
number of iterations= 172 
number of iterations= 21 
[1] 52
number of iterations= 22 
number of iterations= 248 
number of iterations= 204 
[1] 53
number of iterations= 23 
number of iterations= 208 
number of iterations= 305 
[1] 54
number of iterations= 20 
number of iterations= 133 
number of iterations= 120 
[1] 55
number of iterations= 13 
number of iterations= 159 
number of iterations= 58 
[1] 56
number of iterations= 26 
number of iterations= 153 
number of iterations= 89 
[1] 57
number of iterations= 21 
number of iterations= 209 
number of iterations= 300 
[1] 58
number of iterations= 13 
number of iterations= 227 
number of iterations= 190 
[1] 59
number of iterations= 9 
number of iterations= 204 
number of iterations= 155 
[1] 60
number of iterations= 20 
number of iterations= 152 
number of iterations= 101 
[1] 61
number of iterations= 13 
number of iterations= 173 
number of iterations= 236 
[1] 62
number of iterations= 5 
number of iterations= 193 
number of iterations= 186 
[1] 63
number of iterations= 15 
number of iterations= 222 
number of iterations= 269 
[1] 64
number of iterations= 15 
number of iterations= 204 
number of iterations= 170 
[1] 65
number of iterations= 9 
number of iterations= 220 
number of iterations= 228 
[1] 66
number of iterations= 15 
number of iterations= 160 
number of iterations= 103 
[1] 67
number of iterations= 39 
number of iterations= 191 
number of iterations= 183 
[1] 68
number of iterations= 26 
number of iterations= 287 
number of iterations= 230 
[1] 69
number of iterations= 50 
number of iterations= 222 
number of iterations= 180 
[1] 70
number of iterations= 7 
number of iterations= 197 
number of iterations= 185 
[1] 71
number of iterations= 14 
number of iterations= 187 
number of iterations= 170 
[1] 72
number of iterations= 19 
number of iterations= 229 
number of iterations= 343 
[1] 73
number of iterations= 14 
number of iterations= 165 
number of iterations= 185 
[1] 74
number of iterations= 17 
number of iterations= 195 
number of iterations= 189 
[1] 75
number of iterations= 21 
number of iterations= 169 
number of iterations= 605 
[1] 76
number of iterations= 8 
number of iterations= 153 
number of iterations= 311 
[1] 77
number of iterations= 24 
number of iterations= 151 
number of iterations= 142 
[1] 78
number of iterations= 19 
number of iterations= 156 
number of iterations= 116 
[1] 79
number of iterations= 15 
number of iterations= 212 
number of iterations= 200 
[1] 80
number of iterations= 50 
number of iterations= 154 
number of iterations= 141 
[1] 81
number of iterations= 19 
number of iterations= 224 
number of iterations= 158 
[1] 82
number of iterations= 15 
number of iterations= 164 
number of iterations= 130 
[1] 83
number of iterations= 20 
number of iterations= 222 
number of iterations= 277 
[1] 84
number of iterations= 9 
number of iterations= 144 
number of iterations= 60 
[1] 85
number of iterations= 20 
number of iterations= 172 
number of iterations= 175 
[1] 86
number of iterations= 9 
number of iterations= 158 
number of iterations= 98 
[1] 87
number of iterations= 8 
number of iterations= 153 
number of iterations= 137 
[1] 88
number of iterations= 9 
number of iterations= 168 
number of iterations= 161 
[1] 89
number of iterations= 17 
number of iterations= 217 
number of iterations= 208 
[1] 90
number of iterations= 8 
number of iterations= 170 
number of iterations= 169 
[1] 91
number of iterations= 23 
number of iterations= 210 
number of iterations= 152 
[1] 92
number of iterations= 20 
number of iterations= 226 
number of iterations= 123 
[1] 93
number of iterations= 15 
number of iterations= 184 
number of iterations= 178 
[1] 94
number of iterations= 23 
number of iterations= 181 
number of iterations= 193 
[1] 95
number of iterations= 18 
number of iterations= 187 
number of iterations= 132 
[1] 96
number of iterations= 14 
number of iterations= 230 
number of iterations= 171 
[1] 97
number of iterations= 8 
number of iterations= 177 
number of iterations= 161 
[1] 98
number of iterations= 12 
number of iterations= 186 
number of iterations= 161 
[1] 99
number of iterations= 12 
number of iterations= 224 
number of iterations= 203 
[1] 100
number of iterations= 19 
number of iterations= 247 
number of iterations= 197 
[1] 101
number of iterations= 20 
number of iterations= 221 
number of iterations= 181 
[1] 102
number of iterations= 12 
number of iterations= 232 
number of iterations= 413 
[1] 103
number of iterations= 34 
number of iterations= 141 
number of iterations= 123 
[1] 104
number of iterations= 27 
number of iterations= 229 
number of iterations= 119 
[1] 105
number of iterations= 13 
number of iterations= 158 
number of iterations= 115 
[1] 106
number of iterations= 14 
number of iterations= 202 
number of iterations= 137 
[1] 107
number of iterations= 21 
number of iterations= 165 
number of iterations= 147 
[1] 108
number of iterations= 6 
number of iterations= 202 
number of iterations= 169 
[1] 109
number of iterations= 14 
number of iterations= 180 
number of iterations= 220 
[1] 110
number of iterations= 13 
number of iterations= 186 
number of iterations= 220 
[1] 111
number of iterations= 40 
number of iterations= 192 
number of iterations= 184 
[1] 112
number of iterations= 10 
number of iterations= 170 
number of iterations= 103 
[1] 113
number of iterations= 84 
number of iterations= 158 
number of iterations= 122 
[1] 114
number of iterations= 17 
number of iterations= 177 
number of iterations= 183 
[1] 115
number of iterations= 9 
number of iterations= 155 
number of iterations= 93 
[1] 116
number of iterations= 26 
number of iterations= 294 
number of iterations= 307 
[1] 117
number of iterations= 24 
number of iterations= 190 
number of iterations= 162 
[1] 118
number of iterations= 24 
number of iterations= 272 
number of iterations= 422 
[1] 119
number of iterations= 10 
number of iterations= 213 
number of iterations= 172 
[1] 120
number of iterations= 8 
number of iterations= 152 
number of iterations= 293 
[1] 121
number of iterations= 11 
number of iterations= 181 
number of iterations= 129 
[1] 122
number of iterations= 14 
number of iterations= 205 
number of iterations= 174 
[1] 123
number of iterations= 20 
number of iterations= 167 
number of iterations= 162 
[1] 124
number of iterations= 15 
number of iterations= 176 
number of iterations= 236 
[1] 125
number of iterations= 16 
number of iterations= 236 
number of iterations= 22 
[1] 126
number of iterations= 10 
number of iterations= 182 
number of iterations= 148 
[1] 127
number of iterations= 25 
number of iterations= 173 
number of iterations= 290 
[1] 128
number of iterations= 6 
number of iterations= 183 
number of iterations= 351 
[1] 129
number of iterations= 14 
number of iterations= 160 
number of iterations= 120 
[1] 130
number of iterations= 16 
number of iterations= 176 
number of iterations= 133 
[1] 131
number of iterations= 13 
number of iterations= 155 
number of iterations= 41 
[1] 132
number of iterations= 17 
number of iterations= 245 
number of iterations= 259 
[1] 133
number of iterations= 24 
number of iterations= 217 
number of iterations= 193 
[1] 134
number of iterations= 24 
number of iterations= 185 
number of iterations= 287 
[1] 135
number of iterations= 16 
number of iterations= 209 
number of iterations= 165 
[1] 136
number of iterations= 19 
number of iterations= 223 
number of iterations= 210 
[1] 137
number of iterations= 14 
number of iterations= 195 
number of iterations= 140 
[1] 138
number of iterations= 16 
number of iterations= 183 
number of iterations= 193 
[1] 139
number of iterations= 18 
number of iterations= 203 
number of iterations= 137 
[1] 140
number of iterations= 11 
number of iterations= 174 
number of iterations= 159 
[1] 141
number of iterations= 17 
number of iterations= 167 
number of iterations= 162 
[1] 142
number of iterations= 63 
number of iterations= 331 
number of iterations= 309 
[1] 143
number of iterations= 19 
number of iterations= 196 
number of iterations= 200 
[1] 144
number of iterations= 11 
number of iterations= 172 
number of iterations= 139 
[1] 145
number of iterations= 10 
number of iterations= 182 
number of iterations= 199 
[1] 146
number of iterations= 12 
number of iterations= 391 
number of iterations= 308 
[1] 147
number of iterations= 13 
number of iterations= 219 
slurmstepd: error: *** JOB 7280 ON compute-0-2 CANCELLED AT 2017-05-12T10:44:15 DUE TO TIME LIMIT ***
