Loading required package: mixtools
mixtools package, version 1.1.0, Released 2017-03-10
This package is based upon work supported by the National Science Foundation under Grant No. SES-0518772.

number of iterations= 12 
number of iterations= 41 
number of iterations= 3261 
[1] 1
number of iterations= 7 
number of iterations= 2204 
number of iterations= 2955 
[1] 2
number of iterations= 6 
number of iterations= 1428 
number of iterations= 1943 
[1] 3
number of iterations= 7 
number of iterations= 1356 
number of iterations= 3362 
[1] 4
number of iterations= 20 
number of iterations= 81 
number of iterations= 2844 
[1] 5
number of iterations= 11 
number of iterations= 1669 
number of iterations= 4484 
[1] 6
number of iterations= 12 
number of iterations= 1382 
number of iterations= 3476 
[1] 7
number of iterations= 8 
number of iterations= 1288 
number of iterations= 1454 
[1] 8
number of iterations= 15 
number of iterations= 2233 
number of iterations= 1757 
[1] 9
number of iterations= 8 
number of iterations= 1592 
number of iterations= 1923 
[1] 10
number of iterations= 8 
number of iterations= 1447 
number of iterations= 2455 
[1] 11
number of iterations= 6 
number of iterations= 64 
number of iterations= 1549 
[1] 12
number of iterations= 10 
number of iterations= 1329 
number of iterations= 2837 
[1] 13
number of iterations= 13 
WARNING! NOT CONVERGENT! 
number of iterations= 10000 
number of iterations= 43 
[1] 14
number of iterations= 9 
number of iterations= 2729 
number of iterations= 2163 
[1] 15
number of iterations= 8 
slurmstepd: error: *** JOB 7264 ON compute-0-2 CANCELLED AT 2017-05-12T10:33:15 DUE TO TIME LIMIT ***
