Loading required package: mixtools
mixtools package, version 1.1.0, Released 2017-03-10
This package is based upon work supported by the National Science Foundation under Grant No. SES-0518772.

number of iterations= 52 
number of iterations= 268 
number of iterations= 1559 
[1] 1
number of iterations= 266 
number of iterations= 743 
number of iterations= 747 
[1] 2
number of iterations= 293 
number of iterations= 1143 
number of iterations= 1920 
[1] 3
number of iterations= 174 
number of iterations= 998 
number of iterations= 2467 
[1] 4
number of iterations= 871 
number of iterations= 1200 
number of iterations= 334 
[1] 5
number of iterations= 77 
number of iterations= 879 
number of iterations= 1130 
[1] 6
number of iterations= 608 
number of iterations= 487 
number of iterations= 670 
[1] 7
number of iterations= 1077 
number of iterations= 284 
number of iterations= 208 
[1] 8
number of iterations= 245 
number of iterations= 506 
number of iterations= 1125 
[1] 9
number of iterations= 26 
number of iterations= 1305 
number of iterations= 789 
[1] 10
number of iterations= 232 
number of iterations= 405 
number of iterations= 731 
[1] 11
number of iterations= 44 
number of iterations= 829 
number of iterations= 1227 
[1] 12
number of iterations= 436 
number of iterations= 138 
number of iterations= 1223 
[1] 13
number of iterations= 66 
number of iterations= 226 
number of iterations= 339 
[1] 14
number of iterations= 1326 
number of iterations= 3826 
number of iterations= 2216 
[1] 15
number of iterations= 669 
number of iterations= 213 
number of iterations= 1407 
[1] 16
number of iterations= 310 
number of iterations= 1094 
number of iterations= 488 
[1] 17
number of iterations= 448 
number of iterations= 521 
number of iterations= 370 
[1] 18
number of iterations= 455 
number of iterations= 1733 
slurmstepd: error: *** JOB 7298 ON compute-0-2 CANCELLED AT 2017-05-12T11:06:15 DUE TO TIME LIMIT ***
