Loading required package: mixtools
mixtools package, version 1.1.0, Released 2017-03-10
This package is based upon work supported by the National Science Foundation under Grant No. SES-0518772.

number of iterations= 9 
WARNING! NOT CONVERGENT! 
number of iterations= 10000 
number of iterations= 961 
[1] 1
number of iterations= 17 
number of iterations= 45 
number of iterations= 489 
[1] 2
number of iterations= 9 
number of iterations= 1424 
number of iterations= 139 
[1] 3
number of iterations= 10 
number of iterations= 50 
number of iterations= 1686 
[1] 4
number of iterations= 14 
number of iterations= 38 
number of iterations= 80 
[1] 5
number of iterations= 12 
number of iterations= 509 
number of iterations= 751 
[1] 6
number of iterations= 8 
number of iterations= 1610 
number of iterations= 281 
[1] 7
number of iterations= 12 
number of iterations= 1975 
number of iterations= 782 
[1] 8
number of iterations= 10 
number of iterations= 405 
number of iterations= 666 
[1] 9
number of iterations= 8 
number of iterations= 541 
number of iterations= 517 
[1] 10
number of iterations= 9 
number of iterations= 1009 
number of iterations= 703 
[1] 11
number of iterations= 16 
number of iterations= 1466 
number of iterations= 64 
[1] 12
number of iterations= 11 
number of iterations= 2258 
number of iterations= 744 
[1] 13
number of iterations= 14 
number of iterations= 756 
number of iterations= 816 
[1] 14
number of iterations= 22 
number of iterations= 32 
number of iterations= 786 
[1] 15
number of iterations= 22 
number of iterations= 1191 
number of iterations= 975 
[1] 16
number of iterations= 12 
WARNING! NOT CONVERGENT! 
number of iterations= 10000 
number of iterations= 45 
[1] 17
number of iterations= 11 
number of iterations= 559 
number of iterations= 864 
[1] 18
number of iterations= 14 
number of iterations= 2930 
number of iterations= 1209 
[1] 19
number of iterations= 15 
number of iterations= 546 
number of iterations= 588 
[1] 20
number of iterations= 22 
number of iterations= 955 
number of iterations= 433 
[1] 21
number of iterations= 13 
number of iterations= 986 
number of iterations= 778 
[1] 22
number of iterations= 8 
number of iterations= 906 
number of iterations= 792 
[1] 23
number of iterations= 8 
number of iterations= 416 
number of iterations= 449 
[1] 24
number of iterations= 15 
number of iterations= 742 
number of iterations= 756 
[1] 25
number of iterations= 8 
WARNING! NOT CONVERGENT! 
number of iterations= 10000 
number of iterations= 753 
[1] 26
number of iterations= 26 
number of iterations= 2817 
number of iterations= 461 
[1] 27
number of iterations= 8 
number of iterations= 1388 
number of iterations= 335 
[1] 28
number of iterations= 8 
number of iterations= 34 
number of iterations= 573 
[1] 29
number of iterations= 5 
number of iterations= 2828 
number of iterations= 708 
[1] 30
number of iterations= 13 
number of iterations= 446 
number of iterations= 1410 
[1] 31
number of iterations= 46 
number of iterations= 8147 
number of iterations= 871 
[1] 32
number of iterations= 25 
number of iterations= 607 
number of iterations= 188 
[1] 33
number of iterations= 9 
number of iterations= 59 
number of iterations= 60 
[1] 34
number of iterations= 13 
number of iterations= 3726 
number of iterations= 443 
[1] 35
number of iterations= 11 
number of iterations= 7930 
number of iterations= 619 
[1] 36
number of iterations= 13 
number of iterations= 5033 
number of iterations= 318 
[1] 37
number of iterations= 13 
number of iterations= 3669 
number of iterations= 774 
[1] 38
number of iterations= 14 
number of iterations= 4919 
number of iterations= 1416 
[1] 39
number of iterations= 10 
number of iterations= 2117 
number of iterations= 530 
[1] 40
number of iterations= 13 
slurmstepd: error: *** JOB 7302 ON compute-0-2 CANCELLED AT 2017-05-12T11:11:45 DUE TO TIME LIMIT ***
