Loading required package: mixtools
mixtools package, version 1.1.0, Released 2017-03-10
This package is based upon work supported by the National Science Foundation under Grant No. SES-0518772.

number of iterations= 5 
number of iterations= 4905 
number of iterations= 2427 
[1] 1
number of iterations= 24 
number of iterations= 63 
number of iterations= 70 
[1] 2
number of iterations= 9 
number of iterations= 1571 
number of iterations= 1648 
[1] 3
number of iterations= 8 
number of iterations= 8687 
number of iterations= 3955 
[1] 4
number of iterations= 8 
number of iterations= 2688 
number of iterations= 68 
[1] 5
number of iterations= 6 
number of iterations= 1767 
number of iterations= 77 
[1] 6
number of iterations= 6 
number of iterations= 3231 
number of iterations= 1064 
[1] 7
number of iterations= 14 
number of iterations= 56 
number of iterations= 2267 
[1] 8
number of iterations= 8 
number of iterations= 4501 
number of iterations= 2208 
[1] 9
number of iterations= 7 
number of iterations= 1588 
number of iterations= 2785 
[1] 10
number of iterations= 12 
WARNING! NOT CONVERGENT! 
number of iterations= 10000 
number of iterations= 2064 
[1] 11
number of iterations= 8 
number of iterations= 1616 
number of iterations= 2353 
[1] 12
number of iterations= 9 
number of iterations= 1292 
number of iterations= 1820 
[1] 13
number of iterations= 20 
number of iterations= 50 
number of iterations= 2508 
[1] 14
number of iterations= 9 
number of iterations= 3996 
number of iterations= 3690 
[1] 15
number of iterations= 10 
number of iterations= 2064 
number of iterations= 2674 
[1] 16
number of iterations= 7 
number of iterations= 51 
number of iterations= 66 
[1] 17
number of iterations= 7 
number of iterations= 2828 
number of iterations= 835 
[1] 18
number of iterations= 23 
number of iterations= 812 
number of iterations= 419 
[1] 19
number of iterations= 17 
number of iterations= 2043 
number of iterations= 3281 
[1] 20
number of iterations= 30 
number of iterations= 1248 
number of iterations= 3853 
[1] 21
number of iterations= 17 
number of iterations= 58 
number of iterations= 2658 
[1] 22
number of iterations= 10 
number of iterations= 60 
number of iterations= 91 
[1] 23
number of iterations= 7 
number of iterations= 59 
number of iterations= 2819 
[1] 24
number of iterations= 15 
number of iterations= 57 
number of iterations= 2203 
[1] 25
number of iterations= 6 
number of iterations= 1341 
number of iterations= 2161 
[1] 26
number of iterations= 15 
number of iterations= 1236 
number of iterations= 3831 
[1] 27
number of iterations= 21 
number of iterations= 4945 
number of iterations= 1944 
[1] 28
number of iterations= 6 
WARNING! NOT CONVERGENT! 
number of iterations= 10000 
number of iterations= 2959 
[1] 29
number of iterations= 9 
number of iterations= 1755 
number of iterations= 68 
[1] 30
number of iterations= 6 
number of iterations= 1345 
number of iterations= 81 
[1] 31
number of iterations= 8 
number of iterations= 1156 
number of iterations= 1552 
[1] 32
number of iterations= 9 
number of iterations= 6682 
number of iterations= 2161 
[1] 33
number of iterations= 9 
number of iterations= 5402 
number of iterations= 796 
[1] 34
number of iterations= 7 
number of iterations= 8028 
number of iterations= 1543 
[1] 35
number of iterations= 10 
number of iterations= 845 
number of iterations= 3505 
[1] 36
number of iterations= 7 
number of iterations= 1809 
number of iterations= 2485 
[1] 37
number of iterations= 8 
WARNING! NOT CONVERGENT! 
number of iterations= 10000 
number of iterations= 71 
[1] 38
number of iterations= 12 
number of iterations= 51 
number of iterations= 76 
[1] 39
number of iterations= 11 
number of iterations= 2027 
number of iterations= 1606 
[1] 40
number of iterations= 4 
number of iterations= 50 
number of iterations= 3247 
[1] 41
number of iterations= 6 
number of iterations= 4436 
number of iterations= 123 
[1] 42
number of iterations= 7 
WARNING! NOT CONVERGENT! 
number of iterations= 10000 
number of iterations= 2902 
[1] 43
number of iterations= 7 
number of iterations= 62 
number of iterations= 2147 
[1] 44
number of iterations= 9 
number of iterations= 65 
number of iterations= 3424 
[1] 45
number of iterations= 7 
number of iterations= 1041 
number of iterations= 1689 
[1] 46
number of iterations= 6 
number of iterations= 1444 
number of iterations= 2493 
[1] 47
number of iterations= 6 
number of iterations= 2355 
number of iterations= 2034 
[1] 48
number of iterations= 5 
number of iterations= 1930 
number of iterations= 4606 
[1] 49
number of iterations= 10 
number of iterations= 82 
number of iterations= 76 
[1] 50
number of iterations= 6 
number of iterations= 825 
number of iterations= 2755 
[1] 51
number of iterations= 6 
number of iterations= 72 
number of iterations= 1748 
[1] 52
number of iterations= 7 
number of iterations= 63 
number of iterations= 59 
[1] 53
number of iterations= 5 
WARNING! NOT CONVERGENT! 
number of iterations= 10000 
number of iterations= 1817 
[1] 54
number of iterations= 9 
number of iterations= 763 
number of iterations= 2634 
[1] 55
number of iterations= 7 
number of iterations= 1457 
number of iterations= 1803 
[1] 56
number of iterations= 6 
number of iterations= 1934 
number of iterations= 2957 
[1] 57
number of iterations= 7 
number of iterations= 1420 
number of iterations= 71 
[1] 58
number of iterations= 13 
number of iterations= 52 
number of iterations= 1141 
[1] 59
number of iterations= 7 
number of iterations= 1115 
number of iterations= 15 
[1] 60
number of iterations= 7 
number of iterations= 1661 
number of iterations= 19 
[1] 61
number of iterations= 21 
number of iterations= 54 
number of iterations= 2713 
[1] 62
number of iterations= 9 
number of iterations= 1970 
number of iterations= 1776 
[1] 63
number of iterations= 14 
number of iterations= 40 
number of iterations= 66 
[1] 64
number of iterations= 6 
number of iterations= 1818 
number of iterations= 62 
[1] 65
number of iterations= 9 
number of iterations= 906 
number of iterations= 1879 
[1] 66
number of iterations= 6 
number of iterations= 1487 
number of iterations= 60 
[1] 67
number of iterations= 7 
number of iterations= 1727 
number of iterations= 66 
[1] 68
number of iterations= 6 
number of iterations= 18 
number of iterations= 2041 
[1] 69
number of iterations= 10 
number of iterations= 2430 
number of iterations= 2572 
[1] 70
number of iterations= 8 
number of iterations= 7994 
number of iterations= 711 
[1] 71
number of iterations= 9 
number of iterations= 1765 
number of iterations= 2639 
[1] 72
number of iterations= 5 
number of iterations= 52 
number of iterations= 2019 
[1] 73
number of iterations= 7 
number of iterations= 56 
number of iterations= 49 
[1] 74
number of iterations= 10 
number of iterations= 749 
number of iterations= 2340 
[1] 75
number of iterations= 9 
number of iterations= 958 
number of iterations= 18 
[1] 76
number of iterations= 9 
WARNING! NOT CONVERGENT! 
number of iterations= 10000 
number of iterations= 49 
[1] 77
number of iterations= 8 
number of iterations= 4859 
number of iterations= 2566 
[1] 78
number of iterations= 6 
number of iterations= 6084 
number of iterations= 2985 
[1] 79
number of iterations= 28 
number of iterations= 61 
number of iterations= 2113 
[1] 80
number of iterations= 8 
number of iterations= 2846 
number of iterations= 3383 
[1] 81
number of iterations= 13 
number of iterations= 69 
number of iterations= 1956 
[1] 82
number of iterations= 11 
number of iterations= 1370 
number of iterations= 2424 
[1] 83
number of iterations= 11 
number of iterations= 62 
number of iterations= 8988 
[1] 84
number of iterations= 4 
number of iterations= 1340 
number of iterations= 3910 
[1] 85
number of iterations= 7 
number of iterations= 1733 
number of iterations= 1629 
[1] 86
number of iterations= 10 
number of iterations= 3272 
number of iterations= 1358 
[1] 87
number of iterations= 8 
number of iterations= 62 
number of iterations= 879 
[1] 88
number of iterations= 10 
number of iterations= 2120 
number of iterations= 2313 
[1] 89
number of iterations= 18 
number of iterations= 62 
number of iterations= 1743 
[1] 90
number of iterations= 9 
number of iterations= 2086 
number of iterations= 2537 
[1] 91
number of iterations= 6 
number of iterations= 1672 
number of iterations= 51 
[1] 92
number of iterations= 7 
number of iterations= 1471 
number of iterations= 4302 
[1] 93
number of iterations= 6 
WARNING! NOT CONVERGENT! 
number of iterations= 10000 
number of iterations= 1795 
[1] 94
number of iterations= 17 
number of iterations= 60 
number of iterations= 57 
[1] 95
number of iterations= 7 
number of iterations= 1680 
number of iterations= 1841 
[1] 96
number of iterations= 8 
number of iterations= 61 
number of iterations= 1537 
[1] 97
number of iterations= 16 
number of iterations= 61 
number of iterations= 2283 
[1] 98
number of iterations= 25 
number of iterations= 62 
number of iterations= 2467 
[1] 99
number of iterations= 9 
number of iterations= 1303 
number of iterations= 967 
[1] 100
number of iterations= 7 
number of iterations= 1375 
number of iterations= 38 
[1] 101
number of iterations= 6 
number of iterations= 1239 
number of iterations= 74 
[1] 102
number of iterations= 7 
number of iterations= 4391 
number of iterations= 2117 
[1] 103
number of iterations= 5 
number of iterations= 2990 
number of iterations= 71 
[1] 104
number of iterations= 6 
number of iterations= 2679 
number of iterations= 2598 
[1] 105
number of iterations= 6 
number of iterations= 2584 
number of iterations= 3356 
[1] 106
number of iterations= 4 
number of iterations= 7206 
number of iterations= 1265 
[1] 107
number of iterations= 7 
number of iterations= 3062 
number of iterations= 64 
[1] 108
number of iterations= 8 
number of iterations= 60 
number of iterations= 37 
[1] 109
number of iterations= 10 
number of iterations= 1255 
number of iterations= 2244 
[1] 110
number of iterations= 8 
number of iterations= 1763 
number of iterations= 73 
[1] 111
number of iterations= 5 
number of iterations= 6463 
number of iterations= 1756 
[1] 112
number of iterations= 12 
number of iterations= 63 
number of iterations= 62 
[1] 113
number of iterations= 7 
number of iterations= 4934 
number of iterations= 1411 
[1] 114
number of iterations= 25 
number of iterations= 61 
number of iterations= 62 
[1] 115
number of iterations= 20 
number of iterations= 67 
number of iterations= 1647 
[1] 116
number of iterations= 11 
number of iterations= 28 
number of iterations= 3583 
[1] 117
number of iterations= 3 
number of iterations= 62 
number of iterations= 63 
[1] 118
number of iterations= 7 
number of iterations= 2710 
number of iterations= 5264 
[1] 119
number of iterations= 8 
number of iterations= 1859 
number of iterations= 4085 
[1] 120
number of iterations= 7 
number of iterations= 1395 
number of iterations= 1458 
[1] 121
number of iterations= 9 
number of iterations= 1413 
number of iterations= 45 
[1] 122
number of iterations= 7 
number of iterations= 1741 
number of iterations= 63 
[1] 123
number of iterations= 8 
number of iterations= 1271 
number of iterations= 79 
[1] 124
number of iterations= 20 
number of iterations= 3258 
number of iterations= 2163 
[1] 125
number of iterations= 11 
number of iterations= 60 
number of iterations= 1955 
[1] 126
number of iterations= 6 
number of iterations= 58 
number of iterations= 42 
[1] 127
number of iterations= 11 
number of iterations= 3220 
number of iterations= 1729 
[1] 128
number of iterations= 5 
number of iterations= 9014 
number of iterations= 1217 
[1] 129
number of iterations= 12 
number of iterations= 4696 
number of iterations= 7213 
[1] 130
number of iterations= 8 
number of iterations= 1116 
number of iterations= 3432 
[1] 131
number of iterations= 11 
number of iterations= 1278 
number of iterations= 4396 
[1] 132
number of iterations= 6 
number of iterations= 69 
number of iterations= 1855 
[1] 133
number of iterations= 8 
number of iterations= 2564 
number of iterations= 1643 
[1] 134
number of iterations= 14 
number of iterations= 44 
number of iterations= 1451 
[1] 135
number of iterations= 7 
number of iterations= 1562 
number of iterations= 1737 
[1] 136
number of iterations= 10 
number of iterations= 50 
number of iterations= 62 
[1] 137
number of iterations= 13 
number of iterations= 61 
number of iterations= 3266 
[1] 138
number of iterations= 6 
number of iterations= 3429 
number of iterations= 96 
[1] 139
number of iterations= 9 
number of iterations= 1703 
number of iterations= 1550 
[1] 140
number of iterations= 7 
number of iterations= 61 
number of iterations= 53 
[1] 141
number of iterations= 5 
number of iterations= 60 
number of iterations= 1889 
[1] 142
number of iterations= 12 
number of iterations= 1444 
number of iterations= 3552 
[1] 143
number of iterations= 10 
number of iterations= 2766 
number of iterations= 1514 
[1] 144
number of iterations= 16 
number of iterations= 1288 
number of iterations= 709 
[1] 145
number of iterations= 10 
WARNING! NOT CONVERGENT! 
number of iterations= 10000 
