Loading required package: mixtools
mixtools package, version 1.1.0, Released 2017-03-10
This package is based upon work supported by the National Science Foundation under Grant No. SES-0518772.

number of iterations= 5 
number of iterations= 373 
number of iterations= 330 
[1] 1
number of iterations= 8 
number of iterations= 400 
number of iterations= 364 
[1] 2
number of iterations= 7 
number of iterations= 414 
number of iterations= 461 
[1] 3
number of iterations= 8 
number of iterations= 346 
number of iterations= 400 
[1] 4
number of iterations= 3 
number of iterations= 377 
number of iterations= 358 
[1] 5
number of iterations= 7 
number of iterations= 402 
number of iterations= 472 
[1] 6
number of iterations= 5 
number of iterations= 322 
number of iterations= 420 
[1] 7
number of iterations= 5 
number of iterations= 398 
number of iterations= 392 
[1] 8
number of iterations= 8 
number of iterations= 463 
number of iterations= 497 
[1] 9
number of iterations= 5 
number of iterations= 383 
number of iterations= 377 
[1] 10
number of iterations= 3 
number of iterations= 371 
number of iterations= 330 
[1] 11
number of iterations= 6 
number of iterations= 415 
number of iterations= 509 
[1] 12
number of iterations= 9 
number of iterations= 394 
number of iterations= 512 
[1] 13
number of iterations= 6 
number of iterations= 450 
number of iterations= 434 
[1] 14
number of iterations= 5 
number of iterations= 413 
number of iterations= 365 
[1] 15
number of iterations= 9 
number of iterations= 375 
number of iterations= 459 
[1] 16
number of iterations= 6 
number of iterations= 429 
number of iterations= 970 
[1] 17
number of iterations= 8 
number of iterations= 420 
number of iterations= 517 
[1] 18
number of iterations= 6 
number of iterations= 396 
number of iterations= 559 
[1] 19
number of iterations= 6 
number of iterations= 358 
number of iterations= 380 
[1] 20
number of iterations= 9 
number of iterations= 397 
number of iterations= 555 
[1] 21
number of iterations= 8 
number of iterations= 371 
number of iterations= 321 
[1] 22
number of iterations= 4 
number of iterations= 366 
number of iterations= 345 
[1] 23
number of iterations= 6 
number of iterations= 437 
number of iterations= 455 
[1] 24
number of iterations= 7 
number of iterations= 375 
number of iterations= 327 
[1] 25
number of iterations= 4 
number of iterations= 367 
number of iterations= 400 
[1] 26
number of iterations= 6 
number of iterations= 393 
number of iterations= 207 
[1] 27
number of iterations= 7 
number of iterations= 411 
number of iterations= 395 
[1] 28
number of iterations= 10 
number of iterations= 428 
number of iterations= 508 
[1] 29
number of iterations= 5 
number of iterations= 384 
number of iterations= 517 
[1] 30
number of iterations= 6 
number of iterations= 400 
number of iterations= 381 
[1] 31
number of iterations= 6 
number of iterations= 365 
number of iterations= 338 
[1] 32
number of iterations= 5 
number of iterations= 364 
number of iterations= 366 
[1] 33
number of iterations= 7 
number of iterations= 379 
number of iterations= 352 
[1] 34
number of iterations= 10 
number of iterations= 377 
number of iterations= 357 
[1] 35
number of iterations= 7 
number of iterations= 386 
number of iterations= 403 
[1] 36
number of iterations= 4 
number of iterations= 366 
number of iterations= 235 
[1] 37
number of iterations= 7 
number of iterations= 417 
number of iterations= 858 
[1] 38
number of iterations= 9 
number of iterations= 375 
number of iterations= 361 
[1] 39
number of iterations= 6 
number of iterations= 399 
number of iterations= 380 
[1] 40
number of iterations= 8 
number of iterations= 347 
number of iterations= 418 
[1] 41
number of iterations= 9 
number of iterations= 352 
number of iterations= 332 
[1] 42
number of iterations= 7 
number of iterations= 399 
number of iterations= 486 
[1] 43
number of iterations= 7 
number of iterations= 369 
number of iterations= 522 
[1] 44
number of iterations= 8 
number of iterations= 459 
number of iterations= 441 
[1] 45
number of iterations= 6 
number of iterations= 399 
number of iterations= 672 
[1] 46
number of iterations= 5 
number of iterations= 391 
slurmstepd: error: *** JOB 7291 ON compute-0-2 CANCELLED AT 2017-05-12T10:56:45 DUE TO TIME LIMIT ***
number of iterations= 338 
[1] 47
