Loading required package: mixtools
mixtools package, version 1.1.0, Released 2017-03-10
This package is based upon work supported by the National Science Foundation under Grant No. SES-0518772.

number of iterations= 14 
number of iterations= 1891 
number of iterations= 798 
[1] 1
number of iterations= 9 
number of iterations= 2060 
number of iterations= 802 
[1] 2
number of iterations= 14 
number of iterations= 1683 
number of iterations= 1133 
[1] 3
number of iterations= 16 
number of iterations= 2383 
number of iterations= 1649 
[1] 4
number of iterations= 15 
number of iterations= 1325 
number of iterations= 1247 
[1] 5
number of iterations= 15 
number of iterations= 1252 
number of iterations= 809 
[1] 6
number of iterations= 29 
number of iterations= 976 
number of iterations= 915 
[1] 7
number of iterations= 10 
number of iterations= 1243 
number of iterations= 917 
[1] 8
number of iterations= 11 
number of iterations= 1435 
number of iterations= 812 
[1] 9
number of iterations= 19 
number of iterations= 36 
number of iterations= 197 
[1] 10
number of iterations= 10 
number of iterations= 1657 
number of iterations= 965 
[1] 11
number of iterations= 16 
number of iterations= 2868 
number of iterations= 864 
[1] 12
number of iterations= 10 
number of iterations= 4011 
number of iterations= 676 
[1] 13
number of iterations= 15 
number of iterations= 2667 
slurmstepd: error: *** JOB 7304 ON compute-0-2 CANCELLED AT 2017-05-12T11:17:15 DUE TO TIME LIMIT ***
