Loading required package: mixtools
mixtools package, version 1.1.0, Released 2017-03-10
This package is based upon work supported by the National Science Foundation under Grant No. SES-0518772.

number of iterations= 8 
number of iterations= 1860 
number of iterations= 3089 
[1] 1
number of iterations= 5 
number of iterations= 71 
number of iterations= 63 
[1] 2
number of iterations= 7 
number of iterations= 76 
number of iterations= 86 
[1] 3
number of iterations= 9 
number of iterations= 72 
number of iterations= 3024 
[1] 4
number of iterations= 10 
number of iterations= 72 
number of iterations= 78 
[1] 5
number of iterations= 13 
number of iterations= 69 
number of iterations= 1332 
[1] 6
number of iterations= 8 
number of iterations= 1205 
number of iterations= 63 
[1] 7
number of iterations= 23 
number of iterations= 74 
number of iterations= 2100 
[1] 8
number of iterations= 18 
number of iterations= 74 
number of iterations= 60 
[1] 9
number of iterations= 7 
number of iterations= 1975 
number of iterations= 79 
[1] 10
number of iterations= 6 
number of iterations= 76 
number of iterations= 85 
[1] 11
number of iterations= 7 
number of iterations= 69 
number of iterations= 2863 
[1] 12
number of iterations= 26 
number of iterations= 73 
number of iterations= 76 
[1] 13
number of iterations= 9 
number of iterations= 72 
number of iterations= 117 
[1] 14
number of iterations= 5 
number of iterations= 69 
number of iterations= 3487 
[1] 15
number of iterations= 8 
number of iterations= 1188 
number of iterations= 2353 
[1] 16
number of iterations= 9 
number of iterations= 70 
number of iterations= 2537 
[1] 17
number of iterations= 8 
number of iterations= 73 
number of iterations= 62 
[1] 18
number of iterations= 6 
number of iterations= 72 
number of iterations= 2817 
[1] 19
number of iterations= 5 
number of iterations= 72 
number of iterations= 86 
[1] 20
number of iterations= 17 
number of iterations= 76 
number of iterations= 83 
[1] 21
number of iterations= 19 
number of iterations= 70 
number of iterations= 2192 
[1] 22
number of iterations= 7 
number of iterations= 71 
number of iterations= 76 
[1] 23
number of iterations= 15 
number of iterations= 75 
number of iterations= 3328 
[1] 24
number of iterations= 15 
number of iterations= 72 
number of iterations= 2580 
[1] 25
number of iterations= 17 
number of iterations= 74 
number of iterations= 77 
[1] 26
number of iterations= 8 
slurmstepd: error: *** JOB 7307 ON compute-0-2 CANCELLED AT 2017-05-12T11:18:45 DUE TO TIME LIMIT ***
