Loading required package: mixtools
mixtools package, version 1.1.0, Released 2017-03-10
This package is based upon work supported by the National Science Foundation under Grant No. SES-0518772.

number of iterations= 5 
number of iterations= 4905 
number of iterations= 2427 
[1] 1
number of iterations= 24 
number of iterations= 63 
number of iterations= 70 
[1] 2
number of iterations= 9 
number of iterations= 1571 
number of iterations= 1648 
[1] 3
number of iterations= 8 
number of iterations= 8687 
number of iterations= 3955 
[1] 4
number of iterations= 8 
number of iterations= 2688 
number of iterations= 68 
[1] 5
number of iterations= 6 
number of iterations= 1767 
number of iterations= 77 
[1] 6
number of iterations= 6 
number of iterations= 3231 
number of iterations= 1064 
[1] 7
number of iterations= 14 
number of iterations= 56 
number of iterations= 2267 
[1] 8
number of iterations= 8 
number of iterations= 4501 
number of iterations= 2208 
[1] 9
number of iterations= 7 
number of iterations= 1588 
number of iterations= 2785 
[1] 10
number of iterations= 12 
WARNING! NOT CONVERGENT! 
number of iterations= 10000 
number of iterations= 2064 
[1] 11
number of iterations= 8 
number of iterations= 1616 
number of iterations= 2353 
[1] 12
number of iterations= 9 
number of iterations= 1292 
number of iterations= 1820 
[1] 13
number of iterations= 20 
number of iterations= 50 
number of iterations= 2508 
[1] 14
number of iterations= 9 
number of iterations= 3996 
number of iterations= 3690 
[1] 15
number of iterations= 10 
number of iterations= 2064 
number of iterations= 2674 
[1] 16
number of iterations= 7 
number of iterations= 51 
number of iterations= 66 
[1] 17
number of iterations= 7 
number of iterations= 2828 
number of iterations= 835 
[1] 18
number of iterations= 23 
number of iterations= 812 
number of iterations= 419 
[1] 19
number of iterations= 17 
number of iterations= 2043 
number of iterations= 3281 
[1] 20
number of iterations= 30 
number of iterations= 1248 
number of iterations= 3853 
[1] 21
number of iterations= 17 
number of iterations= 58 
number of iterations= 2658 
[1] 22
number of iterations= 10 
number of iterations= 60 
number of iterations= 91 
[1] 23
number of iterations= 7 
number of iterations= 59 
number of iterations= 2819 
[1] 24
number of iterations= 15 
number of iterations= 57 
number of iterations= 2203 
[1] 25
number of iterations= 6 
number of iterations= 1341 
number of iterations= 2161 
[1] 26
number of iterations= 15 
number of iterations= 1236 
number of iterations= 3831 
[1] 27
number of iterations= 21 
number of iterations= 4945 
number of iterations= 1944 
[1] 28
number of iterations= 6 
slurmstepd: error: *** JOB 7263 ON compute-0-2 CANCELLED AT 2017-05-12T10:33:15 DUE TO TIME LIMIT ***
