14388
14389
There was an error running the SLURM sbatch command.
The command was:
'/usr/bin/sbatch -e sim3.sh.e%A -o sim3.sh.o%A sh/sim3.sh 2>&1'
and the output was:
'sbatch: error: Batch job submission failed: Job violates accounting/QOS policy (job submit limit, user's size and/or time limits)
'
There was an error running the SLURM sbatch command.
The command was:
'/usr/bin/sbatch -e sim4.sh.e%A -o sim4.sh.o%A sh/sim4.sh 2>&1'
and the output was:
'sbatch: error: Batch job submission failed: Job violates accounting/QOS policy (job submit limit, user's size and/or time limits)
'
There was an error running the SLURM sbatch command.
The command was:
'/usr/bin/sbatch -e sim5.sh.e%A -o sim5.sh.o%A sh/sim5.sh 2>&1'
and the output was:
'sbatch: error: Batch job submission failed: Job violates accounting/QOS policy (job submit limit, user's size and/or time limits)
'
There was an error running the SLURM sbatch command.
The command was:
'/usr/bin/sbatch -e sim6.sh.e%A -o sim6.sh.o%A sh/sim6.sh 2>&1'
and the output was:
'sbatch: error: Batch job submission failed: Job violates accounting/QOS policy (job submit limit, user's size and/or time limits)
'
There was an error running the SLURM sbatch command.
The command was:
'/usr/bin/sbatch -e sim7.sh.e%A -o sim7.sh.o%A sh/sim7.sh 2>&1'
and the output was:
'sbatch: error: Batch job submission failed: Job violates accounting/QOS policy (job submit limit, user's size and/or time limits)
'
